<?xml version="1.0" encoding="UTF-8" ?>
<testsuite failures="0" time="2.478" errors="0" skipped="0" tests="4" name="org.mobicents.media.server.impl.resource.dtmf.DtmfBufferingTest">
  <properties>
    <property name="java.runtime.name" value="OpenJDK  Runtime Environment"/>
    <property name="sun.boot.library.path" value="/usr/lib/jvm/java-6-openjdk/jre/lib/i386"/>
    <property name="java.vm.version" value="1.6.0_0-b11"/>
    <property name="java.vm.vendor" value="Sun Microsystems Inc."/>
    <property name="java.vendor.url" value="http://java.sun.com/"/>
    <property name="path.separator" value=":"/>
    <property name="java.vm.name" value="OpenJDK Server VM"/>
    <property name="file.encoding.pkg" value="sun.io"/>
    <property name="user.country" value="US"/>
    <property name="sun.java.launcher" value="SUN_STANDARD"/>
    <property name="sun.os.patch.level" value="unknown"/>
    <property name="java.vm.specification.name" value="Java Virtual Machine Specification"/>
    <property name="user.dir" value="/opt/mobsource/media/resources/telephony/dtmf"/>
    <property name="java.runtime.version" value="1.6.0_0-b11"/>
    <property name="java.awt.graphicsenv" value="sun.awt.X11GraphicsEnvironment"/>
    <property name="basedir" value="/opt/mobsource/media/resources/telephony/dtmf"/>
    <property name="java.endorsed.dirs" value="/usr/lib/jvm/java-6-openjdk/jre/lib/endorsed"/>
    <property name="os.arch" value="i386"/>
    <property name="surefire.real.class.path" value="/tmp/surefirebooter1156180338166102307.jar"/>
    <property name="java.io.tmpdir" value="/tmp"/>
    <property name="line.separator" value="
"/>
    <property name="java.vm.specification.vendor" value="Sun Microsystems Inc."/>
    <property name="os.name" value="Linux"/>
    <property name="sun.jnu.encoding" value="UTF-8"/>
    <property name="java.library.path" value="/usr/lib/jvm/java-6-openjdk/jre/lib/i386/server:/usr/lib/jvm/java-6-openjdk/jre/lib/i386:/usr/lib/jvm/java-6-openjdk/jre/../lib/i386:/usr/java/packages/lib/i386:/lib:/usr/lib:/usr/lib/jni"/>
    <property name="surefire.test.class.path" value="/opt/mobsource/media/resources/telephony/dtmf/target/test-classes:/opt/mobsource/media/resources/telephony/dtmf/target/classes:/opt/mobsource/media/spi/target/server-spi-2.1.0.BETA4-SNAPSHOT.jar:/opt/mobsource/media/scheduler/target/scheduler-2.1.0.BETA4-SNAPSHOT.jar:/root/.m2/repository/javolution/javolution/5.5.1/javolution-5.5.1.jar:/opt/mobsource/media/component/target/mobicents-component-2.1.0.BETA4-SNAPSHOT.jar:/opt/mobsource/media/codecs/g711/target/mobicents-g711-2.1.0.BETA4-SNAPSHOT.jar:/opt/mobsource/media/codecs/g729/target/mobicents-g729-2.1.0.BETA4-SNAPSHOT.jar:/root/.m2/repository/org/mobicents/external/tritonus/tritonus_share/0.3.6/tritonus_share-0.3.6.jar:/root/.m2/repository/org/mobicents/external/tritonus/tritonus_gsm/0.3.6/tritonus_gsm-0.3.6.jar:/opt/mobsource/media/codecs/speex/target/mobicents-speex-2.1.0.BETA4-SNAPSHOT.jar:/root/.m2/repository/org/mobicents/external/jspeex/jspeex/0.9.7/jspeex-0.9.7.jar:/opt/mobsource/media/codecs/gsm/target/mobicents-gsm-2.1.0.BETA4-SNAPSHOT.jar:/root/.m2/repository/log4j/log4j/1.2.12/log4j-1.2.12.jar:/root/.m2/repository/javax/sip/jain-sip-ri/1.2.139/jain-sip-ri-1.2.139.jar:/root/.m2/repository/org/jboss/microcontainer/jboss-dependency/2.2.0.M2/jboss-dependency-2.2.0.M2.jar:/root/.m2/repository/org/jboss/jbossxb/2.0.1.GA/jbossxb-2.0.1.GA.jar:/root/.m2/repository/org/jboss/logging/jboss-logging-spi/2.0.5.GA/jboss-logging-spi-2.0.5.GA.jar:/root/.m2/repository/org/jboss/jboss-common-core/2.2.13.GA/jboss-common-core-2.2.13.GA.jar:/root/.m2/repository/org/jboss/jboss-reflect/2.0.2.GA/jboss-reflect-2.0.2.GA.jar:/root/.m2/repository/apache-xerces/xml-apis/2.9.1/xml-apis-2.9.1.jar:/root/.m2/repository/apache-xerces/xercesImpl/2.9.1/xercesImpl-2.9.1.jar:/root/.m2/repository/wutka-dtdparser/dtdparser121/1.2.1/dtdparser121-1.2.1.jar:/root/.m2/repository/javax/activation/activation/1.1.1/activation-1.1.1.jar:/root/.m2/repository/sun-jaxb/jaxb-api/2.1.9/jaxb-api-2.1.9.jar:/root/.m2/repository/org/jboss/jboss-mdr/2.0.1.GA/jboss-mdr-2.0.1.GA.jar:/root/.m2/repository/concurrent/concurrent/1.3.4/concurrent-1.3.4.jar:/root/.m2/repository/org/jboss/microcontainer/jboss-kernel/2.2.0.M2/jboss-kernel-2.2.0.M2.jar:/root/.m2/repository/org/jboss/microcontainer/jboss-aop-mc-int/2.2.0.M2/jboss-aop-mc-int-2.2.0.M2.jar:/root/.m2/repository/org/jboss/aop/jboss-aop/2.1.0.CR3/jboss-aop-2.1.0.CR3.jar:/root/.m2/repository/org/apache/ant/ant/1.7.0/ant-1.7.0.jar:/root/.m2/repository/org/apache/ant/ant-launcher/1.7.0/ant-launcher-1.7.0.jar:/root/.m2/repository/qdox/qdox/1.6.1/qdox-1.6.1.jar:/root/.m2/repository/trove/trove/2.1.1/trove-2.1.1.jar:/root/.m2/repository/javassist/javassist/3.8.0.GA/javassist-3.8.0.GA.jar:/root/.m2/repository/junit/junit/4.4/junit-4.4.jar:"/>
    <property name="java.specification.name" value="Java Platform API Specification"/>
    <property name="java.class.version" value="50.0"/>
    <property name="sun.management.compiler" value="HotSpot Tiered Compilers"/>
    <property name="os.version" value="2.6.26-2-686"/>
    <property name="user.home" value="/root"/>
    <property name="user.timezone" value="Asia/Jerusalem"/>
    <property name="user.zoneinfo.dir" value="/usr/share/javazi"/>
    <property name="java.awt.printerjob" value="sun.print.PSPrinterJob"/>
    <property name="java.specification.version" value="1.6"/>
    <property name="file.encoding" value="UTF-8"/>
    <property name="user.name" value="root"/>
    <property name="java.class.path" value="/opt/mobsource/media/resources/telephony/dtmf/target/test-classes:/opt/mobsource/media/resources/telephony/dtmf/target/classes:/opt/mobsource/media/spi/target/server-spi-2.1.0.BETA4-SNAPSHOT.jar:/opt/mobsource/media/scheduler/target/scheduler-2.1.0.BETA4-SNAPSHOT.jar:/root/.m2/repository/javolution/javolution/5.5.1/javolution-5.5.1.jar:/opt/mobsource/media/component/target/mobicents-component-2.1.0.BETA4-SNAPSHOT.jar:/opt/mobsource/media/codecs/g711/target/mobicents-g711-2.1.0.BETA4-SNAPSHOT.jar:/opt/mobsource/media/codecs/g729/target/mobicents-g729-2.1.0.BETA4-SNAPSHOT.jar:/root/.m2/repository/org/mobicents/external/tritonus/tritonus_share/0.3.6/tritonus_share-0.3.6.jar:/root/.m2/repository/org/mobicents/external/tritonus/tritonus_gsm/0.3.6/tritonus_gsm-0.3.6.jar:/opt/mobsource/media/codecs/speex/target/mobicents-speex-2.1.0.BETA4-SNAPSHOT.jar:/root/.m2/repository/org/mobicents/external/jspeex/jspeex/0.9.7/jspeex-0.9.7.jar:/opt/mobsource/media/codecs/gsm/target/mobicents-gsm-2.1.0.BETA4-SNAPSHOT.jar:/root/.m2/repository/log4j/log4j/1.2.12/log4j-1.2.12.jar:/root/.m2/repository/javax/sip/jain-sip-ri/1.2.139/jain-sip-ri-1.2.139.jar:/root/.m2/repository/org/jboss/microcontainer/jboss-dependency/2.2.0.M2/jboss-dependency-2.2.0.M2.jar:/root/.m2/repository/org/jboss/jbossxb/2.0.1.GA/jbossxb-2.0.1.GA.jar:/root/.m2/repository/org/jboss/logging/jboss-logging-spi/2.0.5.GA/jboss-logging-spi-2.0.5.GA.jar:/root/.m2/repository/org/jboss/jboss-common-core/2.2.13.GA/jboss-common-core-2.2.13.GA.jar:/root/.m2/repository/org/jboss/jboss-reflect/2.0.2.GA/jboss-reflect-2.0.2.GA.jar:/root/.m2/repository/apache-xerces/xml-apis/2.9.1/xml-apis-2.9.1.jar:/root/.m2/repository/apache-xerces/xercesImpl/2.9.1/xercesImpl-2.9.1.jar:/root/.m2/repository/wutka-dtdparser/dtdparser121/1.2.1/dtdparser121-1.2.1.jar:/root/.m2/repository/javax/activation/activation/1.1.1/activation-1.1.1.jar:/root/.m2/repository/sun-jaxb/jaxb-api/2.1.9/jaxb-api-2.1.9.jar:/root/.m2/repository/org/jboss/jboss-mdr/2.0.1.GA/jboss-mdr-2.0.1.GA.jar:/root/.m2/repository/concurrent/concurrent/1.3.4/concurrent-1.3.4.jar:/root/.m2/repository/org/jboss/microcontainer/jboss-kernel/2.2.0.M2/jboss-kernel-2.2.0.M2.jar:/root/.m2/repository/org/jboss/microcontainer/jboss-aop-mc-int/2.2.0.M2/jboss-aop-mc-int-2.2.0.M2.jar:/root/.m2/repository/org/jboss/aop/jboss-aop/2.1.0.CR3/jboss-aop-2.1.0.CR3.jar:/root/.m2/repository/org/apache/ant/ant/1.7.0/ant-1.7.0.jar:/root/.m2/repository/org/apache/ant/ant-launcher/1.7.0/ant-launcher-1.7.0.jar:/root/.m2/repository/qdox/qdox/1.6.1/qdox-1.6.1.jar:/root/.m2/repository/trove/trove/2.1.1/trove-2.1.1.jar:/root/.m2/repository/javassist/javassist/3.8.0.GA/javassist-3.8.0.GA.jar:/root/.m2/repository/junit/junit/4.4/junit-4.4.jar:"/>
    <property name="java.vm.specification.version" value="1.0"/>
    <property name="sun.arch.data.model" value="32"/>
    <property name="java.home" value="/usr/lib/jvm/java-6-openjdk/jre"/>
    <property name="java.specification.vendor" value="Sun Microsystems Inc."/>
    <property name="user.language" value="en"/>
    <property name="java.vm.info" value="mixed mode"/>
    <property name="java.version" value="1.6.0_0"/>
    <property name="java.ext.dirs" value="/usr/lib/jvm/java-6-openjdk/jre/lib/ext:/usr/java/packages/lib/ext"/>
    <property name="sun.boot.class.path" value="/usr/lib/jvm/java-6-openjdk/jre/lib/resources.jar:/usr/lib/jvm/java-6-openjdk/jre/lib/rt.jar:/usr/lib/jvm/java-6-openjdk/jre/lib/sunrsasign.jar:/usr/lib/jvm/java-6-openjdk/jre/lib/jsse.jar:/usr/lib/jvm/java-6-openjdk/jre/lib/jce.jar:/usr/lib/jvm/java-6-openjdk/jre/lib/charsets.jar:/usr/lib/jvm/java-6-openjdk/jre/lib/rhino.jar:/usr/lib/jvm/java-6-openjdk/jre/classes"/>
    <property name="java.vendor" value="Sun Microsystems Inc."/>
    <property name="localRepository" value="/root/.m2/repository"/>
    <property name="file.separator" value="/"/>
    <property name="java.vendor.url.bug" value="http://java.sun.com/cgi-bin/bugreport.cgi"/>
    <property name="sun.cpu.endian" value="little"/>
    <property name="sun.io.unicode.encoding" value="UnicodeLittle"/>
    <property name="sun.desktop" value="gnome"/>
    <property name="sun.cpu.isalist" value=""/>
  </properties>
  <testcase time="0.543" classname="org.mobicents.media.server.impl.resource.dtmf.DtmfBufferingTest" name="testFlush"/>
  <testcase time="0.643" classname="org.mobicents.media.server.impl.resource.dtmf.DtmfBufferingTest" name="testBuffering"/>
  <testcase time="0.643" classname="org.mobicents.media.server.impl.resource.dtmf.DtmfBufferingTest" name="testDelivery"/>
  <testcase time="0.643" classname="org.mobicents.media.server.impl.resource.dtmf.DtmfBufferingTest" name="testClear"/>
</testsuite>