<?xml version="1.0" encoding="UTF-8" ?>
<testsuite errors="0" failures="0" hostname="kulikov.mobicents.org" name="com.hp.opencall.jmsc.test.mandatory.functional.mixer.ParticipantDTMFTest" tests="2" time="10.305" timestamp="2011-09-27T07:09:17">
  <properties>
    <property name="ant.project.invoked-targets" value="run" />
    <property name="java.runtime.name" value="Java(TM) SE Runtime Environment" />
    <property name="DATE_TIME" value="2011-09-27_11-01" />
    <property name="sun.boot.library.path" value="/home/kulikov/jdk1.6.0_24/jre/lib/i386" />
    <property name="java.vm.version" value="19.1-b02" />
    <property name="ant.library.dir" value="/home/kulikov/apache-ant-1.8.2//lib" />
    <property name="ant.version" value="Apache Ant(TM) version 1.8.2 compiled on December 20 2010" />
    <property name="run.report" value="/home/kulikov/jsr-309-tck/tck-reports/2011-09-27_11-01" />
    <property name="ant.java.version" value="1.6" />
    <property name="java.vm.vendor" value="Sun Microsystems Inc." />
    <property name="java.vendor.url" value="http://java.sun.com/" />
    <property name="path.separator" value=":" />
    <property name="java.vm.name" value="Java HotSpot(TM) Server VM" />
    <property name="file.encoding.pkg" value="sun.io" />
    <property name="user.country" value="US" />
    <property name="sun.java.launcher" value="SUN_STANDARD" />
    <property name="sun.os.patch.level" value="unknown" />
    <property name="java.vm.specification.name" value="Java Virtual Machine Specification" />
    <property name="user.dir" value="/home/kulikov/jsr-309-tck" />
    <property name="java.runtime.version" value="1.6.0_24-b07" />
    <property name="java.awt.graphicsenv" value="sun.awt.X11GraphicsEnvironment" />
    <property name="basedir" value="/home/kulikov/jsr-309-tck" />
    <property name="java.endorsed.dirs" value="/home/kulikov/jdk1.6.0_24/jre/lib/endorsed" />
    <property name="os.arch" value="i386" />
    <property name="ant.project.default-target" value="run" />
    <property name="java.io.tmpdir" value="/tmp" />
    <property name="ant.core.lib" value="/home/kulikov/apache-ant-1.8.2/lib/ant.jar" />
    <property name="line.separator" value="&#xa;" />
    <property name="java.vm.specification.vendor" value="Sun Microsystems Inc." />
    <property name="run.testlist" value="com/hp/opencall/jmsc/test/mandatory/**/*Test.class" />
    <property name="os.name" value="Linux" />
    <property name="DSTAMP" value="20110927" />
    <property name="ant.home" value="/home/kulikov/apache-ant-1.8.2/" />
    <property name="ant.project.name" value="TCK" />
    <property name="sun.jnu.encoding" value="UTF-8" />
    <property name="run.dir" value="/home/kulikov/jsr-309-tck/tck-run" />
    <property name="TODAY" value="September 27 2011" />
    <property name="java.library.path" value="/home/kulikov/jdk1.6.0_24/jre/lib/i386/server:/home/kulikov/jdk1.6.0_24/jre/lib/i386:/home/kulikov/jdk1.6.0_24/jre/../lib/i386:/usr/java/packages/lib/i386:/lib:/usr/lib" />
    <property name="java.specification.name" value="Java Platform API Specification" />
    <property name="java.class.version" value="50.0" />
    <property name="sun.management.compiler" value="HotSpot Tiered Compilers" />
    <property name="ant.file.type.TCK" value="file" />
    <property name="os.version" value="2.6.33.3-85.fc13.i686" />
    <property name="ant.file" value="/home/kulikov/jsr-309-tck/build.xml" />
    <property name="user.home" value="/home/kulikov" />
    <property name="user.timezone" value="" />
    <property name="java.awt.printerjob" value="sun.print.PSPrinterJob" />
    <property name="java.specification.version" value="1.6" />
    <property name="file.encoding" value="UTF-8" />
    <property name="TSTAMP" value="1101" />
    <property name="user.name" value="kulikov" />
    <property name="java.class.path" value="/home/kulikov/jsr-309-tck:/home/kulikov/jsr-309-tck/mgcp-impl-2.0.0.GA.jar:/home/kulikov/jsr-309-tck/tck.jar:/home/kulikov/jsr-309-tck/deps/jain-mgcp-ri-1.0.jar:/home/kulikov/jsr-309-tck/deps/jain-sip-ri-1.2.146.jar:/home/kulikov/jsr-309-tck/deps/junit-4.7-src.jar:/home/kulikov/jsr-309-tck/deps/junit.jar:/home/kulikov/jsr-309-tck/deps/log4j-1.2.14.jar:/home/kulikov/jsr-309-tck/deps/mgcp-impl-2.0.1.RC1-SNAPSHOT.jar:/home/kulikov/jsr-309-tck/deps/mobicents-jsr309-impl-2.0.1.CR1-SNAPSHOT.jar:/home/kulikov/jsr-309-tck/deps/mscontrol.jar:/home/kulikov/apache-ant-1.8.2/lib/junit-4.8.1.jar:/home/kulikov/apache-ant-1.8.2/lib/ant-launcher.jar:/home/kulikov/apache-ant-1.8.2/lib/ant.jar:/home/kulikov/apache-ant-1.8.2/lib/ant-junit.jar:/home/kulikov/apache-ant-1.8.2/lib/ant-junit4.jar" />
    <property name="java.vm.specification.version" value="1.0" />
    <property name="java.home" value="/home/kulikov/jdk1.6.0_24/jre" />
    <property name="sun.arch.data.model" value="32" />
    <property name="java.specification.vendor" value="Sun Microsystems Inc." />
    <property name="user.language" value="en" />
    <property name="java.vm.info" value="mixed mode" />
    <property name="java.version" value="1.6.0_24" />
    <property name="java.ext.dirs" value="/home/kulikov/jdk1.6.0_24/jre/lib/ext:/usr/java/packages/lib/ext" />
    <property name="sun.boot.class.path" value="/home/kulikov/jdk1.6.0_24/jre/lib/resources.jar:/home/kulikov/jdk1.6.0_24/jre/lib/rt.jar:/home/kulikov/jdk1.6.0_24/jre/lib/sunrsasign.jar:/home/kulikov/jdk1.6.0_24/jre/lib/jsse.jar:/home/kulikov/jdk1.6.0_24/jre/lib/jce.jar:/home/kulikov/jdk1.6.0_24/jre/lib/charsets.jar:/home/kulikov/jdk1.6.0_24/jre/lib/modules/jdk.boot.jar:/home/kulikov/jdk1.6.0_24/jre/classes" />
    <property name="java.vendor" value="Sun Microsystems Inc." />
    <property name="ant.file.TCK" value="/home/kulikov/jsr-309-tck/build.xml" />
    <property name="file.separator" value="/" />
    <property name="java.vendor.url.bug" value="http://java.sun.com/cgi-bin/bugreport.cgi" />
    <property name="sun.cpu.endian" value="little" />
    <property name="sun.io.unicode.encoding" value="UnicodeLittle" />
    <property name="ant.file.type" value="file" />
    <property name="sun.desktop" value="gnome" />
    <property name="sun.cpu.isalist" value="" />
  </properties>
  <testcase classname="com.hp.opencall.jmsc.test.mandatory.functional.mixer.ParticipantDTMFTest" name="test_2_1_15_1_CatchDTMFOnParticipant" time="4.274" />
  <testcase classname="com.hp.opencall.jmsc.test.mandatory.functional.mixer.ParticipantDTMFTest" name="test_2_1_15_2_MuteAndDTMF" time="6.018" />
  <system-out><![CDATA[11:09:17,931 INFO  [Runner] Start    mandatory.functional.mixer.ParticipantDTMFTest.test_2_1_15_1_CatchDTMFOnParticipant
11:09:17,950 INFO  [DriverImpl] Initializing MGCP on /127.0.0.1:2729
11:09:17,958 ERROR [JainMgcpStackImpl] Failed to locate properties file, using default values
11:09:17,965 INFO  [JainMgcpStackImpl] Jain Mgcp stack bound to IP /127.0.0.1 and UDP port 2729
Jain Mgcp stack bound to IP /127.0.0.1 and UDP port 2729
80   [] DEBUG TestBase - log4j configured
81   [] DEBUG TestBase - Loading file:/home/kulikov/jsr-309-tck/TCK.properties
226  [] INFO  MediaSessionBase - getOffer: local SDP: v=0
o=- 1317107358084 1 IN IP4 127.0.0.1
s=Mobicents Media Server
c=IN IP4 127.0.0.1
t=0 0
m=audio 65222 RTP/AVP 8 0 101
a=rtpmap:8 pcma/8000
a=rtpmap:0 pcmu/8000
a=rtpmap:101 telephone-event/8000
a=fmtp:101 0-15

227  [] INFO  MediaSessionBase - getOffer: stripped local SDP: v=0
o=- 1317107358084 1 IN IP4 127.0.0.1
s=Mobicents Media Server
c=IN IP4 127.0.0.1
t=0 0
m=audio 65222 RTP/AVP 8 0 101
a=rtpmap:8 pcma/8000
a=rtpmap:0 pcmu/8000
a=fmtp:101 0-15

267  [] INFO  MediaSessionBase - getAnswer: local SDP: v=0
o=- 1317107358175 1 IN IP4 127.0.0.1
s=Mobicents Media Server
c=IN IP4 127.0.0.1
t=0 0
m=audio 65220 RTP/AVP 8 0 101
a=rtpmap:8 pcma/8000
a=rtpmap:0 pcmu/8000
a=rtpmap:101 telephone-event/8000
a=fmtp:101 0-15

527  [] INFO  DriverImpl - MediaSession1 MediaGroup2 Receive signal called
1040 [] DEBUG TestBase - getProperty(testcase.dtmf1) = file:///home/kulikov/jsr-309-tck/media/dtmf-1.wav
1040 [] INFO  MediaSessionBase - Playing "file:///home/kulikov/jsr-309-tck/media/dtmf-1.wav"
2558 [] DEBUG ParticipantDTMFTest - Waiting for event from Detector(mscontrol://127.0.0.1:2427/MediaSession1/MediaGroup2) (2s remaining)
2752 [] DEBUG ParticipantDTMFTest - Detector(mscontrol://127.0.0.1:2427/MediaSession1/MediaGroup2) received: RECEIVE_SIGNALS_COMPLETED(NUM_SIGNALS_DETECTED, signal=1)
2753 [] INFO  ParticipantDTMFTest - Received DTMF: 1
3058 [] INFO  DriverImpl - MediaSession1 MG-SipPhoneEmulator-Paul Releasing...
3359 [] INFO  DriverImpl - MediaSession1 MediaGroup2 Releasing...
3661 [] INFO  DriverImpl - MediaSession1 ShadowNC-SipPhoneEmulator-Paul Releasing....
3964 [] INFO  DriverImpl - MediaSession1 Paul Releasing....
4265 [] INFO  Runner - End      mandatory.functional.mixer.ParticipantDTMFTest.test_2_1_15_1_CatchDTMFOnParticipant
4267 [] INFO  Runner - Start    mandatory.functional.mixer.ParticipantDTMFTest.test_2_1_15_2_MuteAndDTMF
4306 [] INFO  MediaSessionBase - getOffer: local SDP: v=0
o=- 1317107362213 1 IN IP4 127.0.0.1
s=Mobicents Media Server
c=IN IP4 127.0.0.1
t=0 0
m=audio 65218 RTP/AVP 8 0 101
a=rtpmap:8 pcma/8000
a=rtpmap:0 pcmu/8000
a=rtpmap:101 telephone-event/8000
a=fmtp:101 0-15

4307 [] INFO  MediaSessionBase - getOffer: stripped local SDP: v=0
o=- 1317107362213 1 IN IP4 127.0.0.1
s=Mobicents Media Server
c=IN IP4 127.0.0.1
t=0 0
m=audio 65218 RTP/AVP 8 0 101
a=rtpmap:8 pcma/8000
a=rtpmap:0 pcmu/8000
a=fmtp:101 0-15

4348 [] INFO  MediaSessionBase - getAnswer: local SDP: v=0
o=- 1317107362255 1 IN IP4 127.0.0.1
s=Mobicents Media Server
c=IN IP4 127.0.0.1
t=0 0
m=audio 65216 RTP/AVP 8 0 101
a=rtpmap:8 pcma/8000
a=rtpmap:0 pcmu/8000
a=rtpmap:101 telephone-event/8000
a=fmtp:101 0-15

4547 [] INFO  DriverImpl - MediaSession4 MediaGroup5 Receive signal called
7119 [] DEBUG TestBase - getProperty(testcase.dtmf1) = file:///home/kulikov/jsr-309-tck/media/dtmf-1.wav
7119 [] INFO  MediaSessionBase - Playing "file:///home/kulikov/jsr-309-tck/media/dtmf-1.wav"
8619 [] DEBUG ParticipantDTMFTest - Waiting for event from Detector(mscontrol://127.0.0.1:2427/MediaSession4/MediaGroup5) (2s remaining)
8778 [] DEBUG ParticipantDTMFTest - Detector(mscontrol://127.0.0.1:2427/MediaSession4/MediaGroup5) received: RECEIVE_SIGNALS_COMPLETED(NUM_SIGNALS_DETECTED, signal=1)
8779 [] INFO  ParticipantDTMFTest - Received DTMF: 1
9079 [] INFO  DriverImpl - MediaSession4 MG-SipPhoneEmulator-Paul Releasing...
9380 [] INFO  DriverImpl - MediaSession4 MediaGroup5 Releasing...
9681 [] INFO  DriverImpl - MediaSession4 ShadowNC-SipPhoneEmulator-Paul Releasing....
9982 [] INFO  DriverImpl - MediaSession4 Paul Releasing....
10284 [] INFO  Runner - End      mandatory.functional.mixer.ParticipantDTMFTest.test_2_1_15_2_MuteAndDTMF
]]></system-out>
  <system-err><![CDATA[]]></system-err>
</testsuite>
