<?xml version="1.0" encoding="UTF-8" ?>
<testsuite errors="0" failures="1" hostname="kulikov.mobicents.org" name="com.hp.opencall.jmsc.test.mandatory.functional.mixer.MixerJoinTest" tests="8" time="61.469" timestamp="2011-09-27T07:07:54">
  <properties>
    <property name="ant.project.invoked-targets" value="run" />
    <property name="java.runtime.name" value="Java(TM) SE Runtime Environment" />
    <property name="DATE_TIME" value="2011-09-27_11-01" />
    <property name="sun.boot.library.path" value="/home/kulikov/jdk1.6.0_24/jre/lib/i386" />
    <property name="java.vm.version" value="19.1-b02" />
    <property name="ant.library.dir" value="/home/kulikov/apache-ant-1.8.2//lib" />
    <property name="ant.version" value="Apache Ant(TM) version 1.8.2 compiled on December 20 2010" />
    <property name="run.report" value="/home/kulikov/jsr-309-tck/tck-reports/2011-09-27_11-01" />
    <property name="ant.java.version" value="1.6" />
    <property name="java.vm.vendor" value="Sun Microsystems Inc." />
    <property name="java.vendor.url" value="http://java.sun.com/" />
    <property name="path.separator" value=":" />
    <property name="java.vm.name" value="Java HotSpot(TM) Server VM" />
    <property name="file.encoding.pkg" value="sun.io" />
    <property name="user.country" value="US" />
    <property name="sun.java.launcher" value="SUN_STANDARD" />
    <property name="sun.os.patch.level" value="unknown" />
    <property name="java.vm.specification.name" value="Java Virtual Machine Specification" />
    <property name="user.dir" value="/home/kulikov/jsr-309-tck" />
    <property name="java.runtime.version" value="1.6.0_24-b07" />
    <property name="java.awt.graphicsenv" value="sun.awt.X11GraphicsEnvironment" />
    <property name="basedir" value="/home/kulikov/jsr-309-tck" />
    <property name="java.endorsed.dirs" value="/home/kulikov/jdk1.6.0_24/jre/lib/endorsed" />
    <property name="os.arch" value="i386" />
    <property name="ant.project.default-target" value="run" />
    <property name="java.io.tmpdir" value="/tmp" />
    <property name="ant.core.lib" value="/home/kulikov/apache-ant-1.8.2/lib/ant.jar" />
    <property name="line.separator" value="&#xa;" />
    <property name="java.vm.specification.vendor" value="Sun Microsystems Inc." />
    <property name="run.testlist" value="com/hp/opencall/jmsc/test/mandatory/**/*Test.class" />
    <property name="os.name" value="Linux" />
    <property name="DSTAMP" value="20110927" />
    <property name="ant.home" value="/home/kulikov/apache-ant-1.8.2/" />
    <property name="ant.project.name" value="TCK" />
    <property name="sun.jnu.encoding" value="UTF-8" />
    <property name="run.dir" value="/home/kulikov/jsr-309-tck/tck-run" />
    <property name="TODAY" value="September 27 2011" />
    <property name="java.library.path" value="/home/kulikov/jdk1.6.0_24/jre/lib/i386/server:/home/kulikov/jdk1.6.0_24/jre/lib/i386:/home/kulikov/jdk1.6.0_24/jre/../lib/i386:/usr/java/packages/lib/i386:/lib:/usr/lib" />
    <property name="java.specification.name" value="Java Platform API Specification" />
    <property name="java.class.version" value="50.0" />
    <property name="sun.management.compiler" value="HotSpot Tiered Compilers" />
    <property name="ant.file.type.TCK" value="file" />
    <property name="os.version" value="2.6.33.3-85.fc13.i686" />
    <property name="ant.file" value="/home/kulikov/jsr-309-tck/build.xml" />
    <property name="user.home" value="/home/kulikov" />
    <property name="user.timezone" value="" />
    <property name="java.awt.printerjob" value="sun.print.PSPrinterJob" />
    <property name="java.specification.version" value="1.6" />
    <property name="file.encoding" value="UTF-8" />
    <property name="TSTAMP" value="1101" />
    <property name="user.name" value="kulikov" />
    <property name="java.class.path" value="/home/kulikov/jsr-309-tck:/home/kulikov/jsr-309-tck/mgcp-impl-2.0.0.GA.jar:/home/kulikov/jsr-309-tck/tck.jar:/home/kulikov/jsr-309-tck/deps/jain-mgcp-ri-1.0.jar:/home/kulikov/jsr-309-tck/deps/jain-sip-ri-1.2.146.jar:/home/kulikov/jsr-309-tck/deps/junit-4.7-src.jar:/home/kulikov/jsr-309-tck/deps/junit.jar:/home/kulikov/jsr-309-tck/deps/log4j-1.2.14.jar:/home/kulikov/jsr-309-tck/deps/mgcp-impl-2.0.1.RC1-SNAPSHOT.jar:/home/kulikov/jsr-309-tck/deps/mobicents-jsr309-impl-2.0.1.CR1-SNAPSHOT.jar:/home/kulikov/jsr-309-tck/deps/mscontrol.jar:/home/kulikov/apache-ant-1.8.2/lib/junit-4.8.1.jar:/home/kulikov/apache-ant-1.8.2/lib/ant-launcher.jar:/home/kulikov/apache-ant-1.8.2/lib/ant.jar:/home/kulikov/apache-ant-1.8.2/lib/ant-junit.jar:/home/kulikov/apache-ant-1.8.2/lib/ant-junit4.jar" />
    <property name="java.vm.specification.version" value="1.0" />
    <property name="java.home" value="/home/kulikov/jdk1.6.0_24/jre" />
    <property name="sun.arch.data.model" value="32" />
    <property name="java.specification.vendor" value="Sun Microsystems Inc." />
    <property name="user.language" value="en" />
    <property name="java.vm.info" value="mixed mode" />
    <property name="java.version" value="1.6.0_24" />
    <property name="java.ext.dirs" value="/home/kulikov/jdk1.6.0_24/jre/lib/ext:/usr/java/packages/lib/ext" />
    <property name="sun.boot.class.path" value="/home/kulikov/jdk1.6.0_24/jre/lib/resources.jar:/home/kulikov/jdk1.6.0_24/jre/lib/rt.jar:/home/kulikov/jdk1.6.0_24/jre/lib/sunrsasign.jar:/home/kulikov/jdk1.6.0_24/jre/lib/jsse.jar:/home/kulikov/jdk1.6.0_24/jre/lib/jce.jar:/home/kulikov/jdk1.6.0_24/jre/lib/charsets.jar:/home/kulikov/jdk1.6.0_24/jre/lib/modules/jdk.boot.jar:/home/kulikov/jdk1.6.0_24/jre/classes" />
    <property name="java.vendor" value="Sun Microsystems Inc." />
    <property name="ant.file.TCK" value="/home/kulikov/jsr-309-tck/build.xml" />
    <property name="file.separator" value="/" />
    <property name="java.vendor.url.bug" value="http://java.sun.com/cgi-bin/bugreport.cgi" />
    <property name="sun.cpu.endian" value="little" />
    <property name="sun.io.unicode.encoding" value="UnicodeLittle" />
    <property name="ant.file.type" value="file" />
    <property name="sun.desktop" value="gnome" />
    <property name="sun.cpu.isalist" value="" />
  </properties>
  <testcase classname="com.hp.opencall.jmsc.test.mandatory.functional.mixer.MixerJoinTest" name="test_2_1_6_1_BasicBridge" time="6.848" />
  <testcase classname="com.hp.opencall.jmsc.test.mandatory.functional.mixer.MixerJoinTest" name="test_2_1_6_2_ThreeWaysBridge" time="8.182" />
  <testcase classname="com.hp.opencall.jmsc.test.mandatory.functional.mixer.MixerJoinTest" name="test_2_1_6_3_FiveWaysSplitter" time="13.089">
    <failure message="&quot;CChecker-1&quot; did not receive the DTMF:  expected:&lt;true&gt; but was:&lt;false&gt;" type="junit.framework.AssertionFailedError">junit.framework.AssertionFailedError: &quot;CChecker-1&quot; did not receive the DTMF:  expected:&lt;true&gt; but was:&lt;false&gt;
	at com.hp.opencall.jmsc.test.ContinuityChecker.isContinuous(ContinuityChecker.java:199)
	at com.hp.opencall.jmsc.test.mandatory.functional.mixer.MixerJoinTest.test_2_1_6_3_FiveWaysSplitter(MixerJoinTest.java:91)
	at com.hp.opencall.jmsc.test.TestBase.runBare(TestBase.java:437)
</failure>
  </testcase>
  <testcase classname="com.hp.opencall.jmsc.test.mandatory.functional.mixer.MixerJoinTest" name="test_2_1_6_4_UnjoinedBridge" time="6.576" />
  <testcase classname="com.hp.opencall.jmsc.test.mandatory.functional.mixer.MixerJoinTest" name="test_2_1_6_8_BasicBridgeRecvOK" time="7.067" />
  <testcase classname="com.hp.opencall.jmsc.test.mandatory.functional.mixer.MixerJoinTest" name="test_2_1_6_9_BasicBridgeRecvNOK" time="6.548" />
  <testcase classname="com.hp.opencall.jmsc.test.mandatory.functional.mixer.MixerJoinTest" name="test_2_1_6_10_BasicBridgeRejoinRecvNOK" time="6.574" />
  <testcase classname="com.hp.opencall.jmsc.test.mandatory.functional.mixer.MixerJoinTest" name="test_2_1_6_11_BasicBridgeUnMute" time="6.568" />
  <system-out><![CDATA[11:07:54,737 INFO  [Runner] Start    mandatory.functional.mixer.MixerJoinTest.test_2_1_6_1_BasicBridge
11:07:54,758 INFO  [DriverImpl] Initializing MGCP on /127.0.0.1:2729
11:07:54,769 ERROR [JainMgcpStackImpl] Failed to locate properties file, using default values
11:07:54,775 INFO  [JainMgcpStackImpl] Jain Mgcp stack bound to IP /127.0.0.1 and UDP port 2729
Jain Mgcp stack bound to IP /127.0.0.1 and UDP port 2729
86   [] DEBUG TestBase - log4j configured
87   [] DEBUG TestBase - Loading file:/home/kulikov/jsr-309-tck/TCK.properties
248  [] INFO  MediaSessionBase - getOffer: local SDP: v=0
o=- 1317107274900 1 IN IP4 127.0.0.1
s=Mobicents Media Server
c=IN IP4 127.0.0.1
t=0 0
m=audio 65330 RTP/AVP 8 0 101
a=rtpmap:8 pcma/8000
a=rtpmap:0 pcmu/8000
a=rtpmap:101 telephone-event/8000
a=fmtp:101 0-15

249  [] INFO  MediaSessionBase - getOffer: stripped local SDP: v=0
o=- 1317107274900 1 IN IP4 127.0.0.1
s=Mobicents Media Server
c=IN IP4 127.0.0.1
t=0 0
m=audio 65330 RTP/AVP 8 0 101
a=rtpmap:8 pcma/8000
a=rtpmap:0 pcmu/8000
a=fmtp:101 0-15

290  [] INFO  MediaSessionBase - getAnswer: local SDP: v=0
o=- 1317107275003 1 IN IP4 127.0.0.1
s=Mobicents Media Server
c=IN IP4 127.0.0.1
t=0 0
m=audio 65328 RTP/AVP 8 0 101
a=rtpmap:8 pcma/8000
a=rtpmap:0 pcmu/8000
a=rtpmap:101 telephone-event/8000
a=fmtp:101 0-15

461  [] INFO  MediaSessionBase - getOffer: local SDP: v=0
o=- 1317107275164 1 IN IP4 127.0.0.1
s=Mobicents Media Server
c=IN IP4 127.0.0.1
t=0 0
m=audio 65326 RTP/AVP 8 0 101
a=rtpmap:8 pcma/8000
a=rtpmap:0 pcmu/8000
a=rtpmap:101 telephone-event/8000
a=fmtp:101 0-15

461  [] INFO  MediaSessionBase - getOffer: stripped local SDP: v=0
o=- 1317107275164 1 IN IP4 127.0.0.1
s=Mobicents Media Server
c=IN IP4 127.0.0.1
t=0 0
m=audio 65326 RTP/AVP 8 0 101
a=rtpmap:8 pcma/8000
a=rtpmap:0 pcmu/8000
a=fmtp:101 0-15

491  [] INFO  MediaSessionBase - getAnswer: local SDP: v=0
o=- 1317107275213 1 IN IP4 127.0.0.1
s=Mobicents Media Server
c=IN IP4 127.0.0.1
t=0 0
m=audio 65324 RTP/AVP 8 0 101
a=rtpmap:8 pcma/8000
a=rtpmap:0 pcmu/8000
a=rtpmap:101 telephone-event/8000
a=fmtp:101 0-15

691  [] INFO  DriverImpl - MediaSession1 MG-SipPhoneEmulator-CChecker-1 Receive signal called
1204 [] DEBUG TestBase - getProperty(testcase.dtmf1) = file:///home/kulikov/jsr-309-tck/media/dtmf-1.wav
1723 [] DEBUG ContinuityChecker - org.mobicents.javax.media.mscontrol.mediagroup.PlayerImpl@1ac3379 received: org.mobicents.javax.media.mscontrol.mediagroup.PlayerEventImpl@6779e6
3179 [] DEBUG ContinuityChecker - CChecker-1 received: RECEIVE_SIGNALS_COMPLETED(NUM_SIGNALS_DETECTED, signal=1)
5024 [] INFO  DriverImpl - MediaSession1 MG-SipPhoneEmulator-CChecker-0 Releasing...
5329 [] INFO  DriverImpl - MediaSession1 MG-SipPhoneEmulator-CChecker-1 Releasing...
5629 [] INFO  DriverImpl - MediaSession1 ShadowNC-SipPhoneEmulator-CChecker-0 Releasing....
5932 [] INFO  DriverImpl - MediaSession1 CChecker-0 Releasing....
6234 [] INFO  DriverImpl - MediaSession1 ShadowNC-SipPhoneEmulator-CChecker-1 Releasing....
6535 [] INFO  DriverImpl - MediaSession1 CChecker-1 Releasing....
6837 [] INFO  Runner - End      mandatory.functional.mixer.MixerJoinTest.test_2_1_6_1_BasicBridge
6840 [] INFO  Runner - Start    mandatory.functional.mixer.MixerJoinTest.test_2_1_6_2_ThreeWaysBridge
6882 [] INFO  MediaSessionBase - getOffer: local SDP: v=0
o=- 1317107281590 1 IN IP4 127.0.0.1
s=Mobicents Media Server
c=IN IP4 127.0.0.1
t=0 0
m=audio 65322 RTP/AVP 8 0 101
a=rtpmap:8 pcma/8000
a=rtpmap:0 pcmu/8000
a=rtpmap:101 telephone-event/8000
a=fmtp:101 0-15

6883 [] INFO  MediaSessionBase - getOffer: stripped local SDP: v=0
o=- 1317107281590 1 IN IP4 127.0.0.1
s=Mobicents Media Server
c=IN IP4 127.0.0.1
t=0 0
m=audio 65322 RTP/AVP 8 0 101
a=rtpmap:8 pcma/8000
a=rtpmap:0 pcmu/8000
a=fmtp:101 0-15

6925 [] INFO  MediaSessionBase - getAnswer: local SDP: v=0
o=- 1317107281637 1 IN IP4 127.0.0.1
s=Mobicents Media Server
c=IN IP4 127.0.0.1
t=0 0
m=audio 65320 RTP/AVP 8 0 101
a=rtpmap:8 pcma/8000
a=rtpmap:0 pcmu/8000
a=rtpmap:101 telephone-event/8000
a=fmtp:101 0-15

7052 [] INFO  MediaSessionBase - getOffer: local SDP: v=0
o=- 1317107281751 1 IN IP4 127.0.0.1
s=Mobicents Media Server
c=IN IP4 127.0.0.1
t=0 0
m=audio 65318 RTP/AVP 8 0 101
a=rtpmap:8 pcma/8000
a=rtpmap:0 pcmu/8000
a=rtpmap:101 telephone-event/8000
a=fmtp:101 0-15

7053 [] INFO  MediaSessionBase - getOffer: stripped local SDP: v=0
o=- 1317107281751 1 IN IP4 127.0.0.1
s=Mobicents Media Server
c=IN IP4 127.0.0.1
t=0 0
m=audio 65318 RTP/AVP 8 0 101
a=rtpmap:8 pcma/8000
a=rtpmap:0 pcmu/8000
a=fmtp:101 0-15

7085 [] INFO  MediaSessionBase - getAnswer: local SDP: v=0
o=- 1317107281807 1 IN IP4 127.0.0.1
s=Mobicents Media Server
c=IN IP4 127.0.0.1
t=0 0
m=audio 65316 RTP/AVP 8 0 101
a=rtpmap:8 pcma/8000
a=rtpmap:0 pcmu/8000
a=rtpmap:101 telephone-event/8000
a=fmtp:101 0-15

7204 [] INFO  MediaSessionBase - getOffer: local SDP: v=0
o=- 1317107281910 1 IN IP4 127.0.0.1
s=Mobicents Media Server
c=IN IP4 127.0.0.1
t=0 0
m=audio 65314 RTP/AVP 8 0 101
a=rtpmap:8 pcma/8000
a=rtpmap:0 pcmu/8000
a=rtpmap:101 telephone-event/8000
a=fmtp:101 0-15

7205 [] INFO  MediaSessionBase - getOffer: stripped local SDP: v=0
o=- 1317107281910 1 IN IP4 127.0.0.1
s=Mobicents Media Server
c=IN IP4 127.0.0.1
t=0 0
m=audio 65314 RTP/AVP 8 0 101
a=rtpmap:8 pcma/8000
a=rtpmap:0 pcmu/8000
a=fmtp:101 0-15

7245 [] INFO  MediaSessionBase - getAnswer: local SDP: v=0
o=- 1317107281960 1 IN IP4 127.0.0.1
s=Mobicents Media Server
c=IN IP4 127.0.0.1
t=0 0
m=audio 65312 RTP/AVP 8 0 101
a=rtpmap:8 pcma/8000
a=rtpmap:0 pcmu/8000
a=rtpmap:101 telephone-event/8000
a=fmtp:101 0-15

7503 [] INFO  DriverImpl - MediaSession3 MG-SipPhoneEmulator-CChecker-1 Receive signal called
8004 [] INFO  DriverImpl - MediaSession3 MG-SipPhoneEmulator-CChecker-2 Receive signal called
8505 [] DEBUG TestBase - getProperty(testcase.dtmf1) = file:///home/kulikov/jsr-309-tck/media/dtmf-1.wav
9007 [] DEBUG ContinuityChecker - org.mobicents.javax.media.mscontrol.mediagroup.PlayerImpl@1dee400 received: org.mobicents.javax.media.mscontrol.mediagroup.PlayerEventImpl@4ac216
10449 [] DEBUG ContinuityChecker - CChecker-1 received: RECEIVE_SIGNALS_COMPLETED(NUM_SIGNALS_DETECTED, signal=1)
11450 [] DEBUG ContinuityChecker - CChecker-2 received: RECEIVE_SIGNALS_COMPLETED(NUM_SIGNALS_DETECTED, signal=1)
12308 [] INFO  DriverImpl - MediaSession3 MG-SipPhoneEmulator-CChecker-0 Releasing...
12610 [] INFO  DriverImpl - MediaSession3 MG-SipPhoneEmulator-CChecker-1 Releasing...
12911 [] INFO  DriverImpl - MediaSession3 MG-SipPhoneEmulator-CChecker-2 Releasing...
13212 [] INFO  DriverImpl - MediaSession3 ShadowNC-SipPhoneEmulator-CChecker-0 Releasing....
13513 [] INFO  DriverImpl - MediaSession3 CChecker-0 Releasing....
13815 [] INFO  DriverImpl - MediaSession3 ShadowNC-SipPhoneEmulator-CChecker-1 Releasing....
14117 [] INFO  DriverImpl - MediaSession3 CChecker-1 Releasing....
14418 [] INFO  DriverImpl - MediaSession3 ShadowNC-SipPhoneEmulator-CChecker-2 Releasing....
14719 [] INFO  DriverImpl - MediaSession3 CChecker-2 Releasing....
15021 [] INFO  Runner - End      mandatory.functional.mixer.MixerJoinTest.test_2_1_6_2_ThreeWaysBridge
15022 [] INFO  Runner - Start    mandatory.functional.mixer.MixerJoinTest.test_2_1_6_3_FiveWaysSplitter
15068 [] INFO  MediaSessionBase - getOffer: local SDP: v=0
o=- 1317107289773 1 IN IP4 127.0.0.1
s=Mobicents Media Server
c=IN IP4 127.0.0.1
t=0 0
m=audio 65310 RTP/AVP 8 0 101
a=rtpmap:8 pcma/8000
a=rtpmap:0 pcmu/8000
a=rtpmap:101 telephone-event/8000
a=fmtp:101 0-15

15069 [] INFO  MediaSessionBase - getOffer: stripped local SDP: v=0
o=- 1317107289773 1 IN IP4 127.0.0.1
s=Mobicents Media Server
c=IN IP4 127.0.0.1
t=0 0
m=audio 65310 RTP/AVP 8 0 101
a=rtpmap:8 pcma/8000
a=rtpmap:0 pcmu/8000
a=fmtp:101 0-15

15108 [] INFO  MediaSessionBase - getAnswer: local SDP: v=0
o=- 1317107289822 1 IN IP4 127.0.0.1
s=Mobicents Media Server
c=IN IP4 127.0.0.1
t=0 0
m=audio 65308 RTP/AVP 8 0 101
a=rtpmap:8 pcma/8000
a=rtpmap:0 pcmu/8000
a=rtpmap:101 telephone-event/8000
a=fmtp:101 0-15

15229 [] INFO  MediaSessionBase - getOffer: local SDP: v=0
o=- 1317107289936 1 IN IP4 127.0.0.1
s=Mobicents Media Server
c=IN IP4 127.0.0.1
t=0 0
m=audio 65306 RTP/AVP 8 0 101
a=rtpmap:8 pcma/8000
a=rtpmap:0 pcmu/8000
a=rtpmap:101 telephone-event/8000
a=fmtp:101 0-15

15230 [] INFO  MediaSessionBase - getOffer: stripped local SDP: v=0
o=- 1317107289936 1 IN IP4 127.0.0.1
s=Mobicents Media Server
c=IN IP4 127.0.0.1
t=0 0
m=audio 65306 RTP/AVP 8 0 101
a=rtpmap:8 pcma/8000
a=rtpmap:0 pcmu/8000
a=fmtp:101 0-15

15268 [] INFO  MediaSessionBase - getAnswer: local SDP: v=0
o=- 1317107289984 1 IN IP4 127.0.0.1
s=Mobicents Media Server
c=IN IP4 127.0.0.1
t=0 0
m=audio 65304 RTP/AVP 8 0 101
a=rtpmap:8 pcma/8000
a=rtpmap:0 pcmu/8000
a=rtpmap:101 telephone-event/8000
a=fmtp:101 0-15

15390 [] INFO  MediaSessionBase - getOffer: local SDP: v=0
o=- 1317107290097 1 IN IP4 127.0.0.1
s=Mobicents Media Server
c=IN IP4 127.0.0.1
t=0 0
m=audio 65302 RTP/AVP 8 0 101
a=rtpmap:8 pcma/8000
a=rtpmap:0 pcmu/8000
a=rtpmap:101 telephone-event/8000
a=fmtp:101 0-15

15390 [] INFO  MediaSessionBase - getOffer: stripped local SDP: v=0
o=- 1317107290097 1 IN IP4 127.0.0.1
s=Mobicents Media Server
c=IN IP4 127.0.0.1
t=0 0
m=audio 65302 RTP/AVP 8 0 101
a=rtpmap:8 pcma/8000
a=rtpmap:0 pcmu/8000
a=fmtp:101 0-15

15429 [] INFO  MediaSessionBase - getAnswer: local SDP: v=0
o=- 1317107290144 1 IN IP4 127.0.0.1
s=Mobicents Media Server
c=IN IP4 127.0.0.1
t=0 0
m=audio 65300 RTP/AVP 8 0 101
a=rtpmap:8 pcma/8000
a=rtpmap:0 pcmu/8000
a=rtpmap:101 telephone-event/8000
a=fmtp:101 0-15

15548 [] INFO  MediaSessionBase - getOffer: local SDP: v=0
o=- 1317107290257 1 IN IP4 127.0.0.1
s=Mobicents Media Server
c=IN IP4 127.0.0.1
t=0 0
m=audio 65298 RTP/AVP 8 0 101
a=rtpmap:8 pcma/8000
a=rtpmap:0 pcmu/8000
a=rtpmap:101 telephone-event/8000
a=fmtp:101 0-15

15549 [] INFO  MediaSessionBase - getOffer: stripped local SDP: v=0
o=- 1317107290257 1 IN IP4 127.0.0.1
s=Mobicents Media Server
c=IN IP4 127.0.0.1
t=0 0
m=audio 65298 RTP/AVP 8 0 101
a=rtpmap:8 pcma/8000
a=rtpmap:0 pcmu/8000
a=fmtp:101 0-15

15588 [] INFO  MediaSessionBase - getAnswer: local SDP: v=0
o=- 1317107290303 1 IN IP4 127.0.0.1
s=Mobicents Media Server
c=IN IP4 127.0.0.1
t=0 0
m=audio 65296 RTP/AVP 8 0 101
a=rtpmap:8 pcma/8000
a=rtpmap:0 pcmu/8000
a=rtpmap:101 telephone-event/8000
a=fmtp:101 0-15

15709 [] INFO  MediaSessionBase - getOffer: local SDP: v=0
o=- 1317107290417 1 IN IP4 127.0.0.1
s=Mobicents Media Server
c=IN IP4 127.0.0.1
t=0 0
m=audio 65294 RTP/AVP 8 0 101
a=rtpmap:8 pcma/8000
a=rtpmap:0 pcmu/8000
a=rtpmap:101 telephone-event/8000
a=fmtp:101 0-15

15710 [] INFO  MediaSessionBase - getOffer: stripped local SDP: v=0
o=- 1317107290417 1 IN IP4 127.0.0.1
s=Mobicents Media Server
c=IN IP4 127.0.0.1
t=0 0
m=audio 65294 RTP/AVP 8 0 101
a=rtpmap:8 pcma/8000
a=rtpmap:0 pcmu/8000
a=fmtp:101 0-15

15749 [] INFO  MediaSessionBase - getAnswer: local SDP: v=0
o=- 1317107290463 1 IN IP4 127.0.0.1
s=Mobicents Media Server
c=IN IP4 127.0.0.1
t=0 0
m=audio 65292 RTP/AVP 8 0 101
a=rtpmap:8 pcma/8000
a=rtpmap:0 pcmu/8000
a=rtpmap:101 telephone-event/8000
a=fmtp:101 0-15

15868 [] INFO  MediaSessionBase - getOffer: local SDP: v=0
o=- 1317107290578 1 IN IP4 127.0.0.1
s=Mobicents Media Server
c=IN IP4 127.0.0.1
t=0 0
m=audio 65290 RTP/AVP 8 0 101
a=rtpmap:8 pcma/8000
a=rtpmap:0 pcmu/8000
a=rtpmap:101 telephone-event/8000
a=fmtp:101 0-15

15868 [] INFO  MediaSessionBase - getOffer: stripped local SDP: v=0
o=- 1317107290578 1 IN IP4 127.0.0.1
s=Mobicents Media Server
c=IN IP4 127.0.0.1
t=0 0
m=audio 65290 RTP/AVP 8 0 101
a=rtpmap:8 pcma/8000
a=rtpmap:0 pcmu/8000
a=fmtp:101 0-15

15910 [] INFO  MediaSessionBase - getAnswer: local SDP: v=0
o=- 1317107290623 1 IN IP4 127.0.0.1
s=Mobicents Media Server
c=IN IP4 127.0.0.1
t=0 0
m=audio 65288 RTP/AVP 8 0 101
a=rtpmap:8 pcma/8000
a=rtpmap:0 pcmu/8000
a=rtpmap:101 telephone-event/8000
a=fmtp:101 0-15

16360 [] INFO  DriverImpl - MediaSession5 MG-SipPhoneEmulator-CChecker-1 Receive signal called
16861 [] INFO  DriverImpl - MediaSession5 MG-SipPhoneEmulator-CChecker-2 Receive signal called
17362 [] INFO  DriverImpl - MediaSession5 MG-SipPhoneEmulator-CChecker-3 Receive signal called
17863 [] INFO  DriverImpl - MediaSession5 MG-SipPhoneEmulator-CChecker-4 Receive signal called
18364 [] INFO  DriverImpl - MediaSession5 MG-SipPhoneEmulator-CChecker-5 Receive signal called
18865 [] DEBUG TestBase - getProperty(testcase.dtmf1) = file:///home/kulikov/jsr-309-tck/media/dtmf-1.wav
19375 [] DEBUG ContinuityChecker - org.mobicents.javax.media.mscontrol.mediagroup.PlayerImpl@1568fb5 received: org.mobicents.javax.media.mscontrol.mediagroup.PlayerEventImpl@1f4bcf7
20899 [] DEBUG ContinuityChecker - CChecker-3 received: RECEIVE_SIGNALS_COMPLETED(NUM_SIGNALS_DETECTED, signal=1)
21901 [] DEBUG ContinuityChecker - CChecker-4 received: RECEIVE_SIGNALS_COMPLETED(NUM_SIGNALS_DETECTED, signal=1)
22376 [] ERROR ContinuityChecker - CChecker-1 did not receive the DTMF
22677 [] INFO  DriverImpl - MediaSession5 MG-SipPhoneEmulator-CChecker-0 Releasing...
22902 [] DEBUG ContinuityChecker - CChecker-5 received: RECEIVE_SIGNALS_COMPLETED(NUM_SIGNALS_DETECTED, signal=1)
22978 [] INFO  DriverImpl - MediaSession5 MG-SipPhoneEmulator-CChecker-1 Releasing...
23280 [] INFO  DriverImpl - MediaSession5 MG-SipPhoneEmulator-CChecker-2 Releasing...
23581 [] INFO  DriverImpl - MediaSession5 MG-SipPhoneEmulator-CChecker-3 Releasing...
23882 [] INFO  DriverImpl - MediaSession5 MG-SipPhoneEmulator-CChecker-4 Releasing...
23904 [] DEBUG ContinuityChecker - CChecker-2 received: RECEIVE_SIGNALS_COMPLETED(NUM_SIGNALS_DETECTED, signal=1)
24184 [] INFO  DriverImpl - MediaSession5 MG-SipPhoneEmulator-CChecker-5 Releasing...
24485 [] INFO  DriverImpl - MediaSession5 ShadowNC-SipPhoneEmulator-CChecker-0 Releasing....
24786 [] INFO  DriverImpl - MediaSession5 CChecker-0 Releasing....
24905 [] DEBUG ContinuityChecker - CChecker-1 received: RECEIVE_SIGNALS_COMPLETED(NUM_SIGNALS_DETECTED, signal=1)
25088 [] INFO  DriverImpl - MediaSession5 ShadowNC-SipPhoneEmulator-CChecker-1 Releasing....
25389 [] INFO  DriverImpl - MediaSession5 CChecker-1 Releasing....
25691 [] INFO  DriverImpl - MediaSession5 ShadowNC-SipPhoneEmulator-CChecker-2 Releasing....
25993 [] INFO  DriverImpl - MediaSession5 CChecker-2 Releasing....
26295 [] INFO  DriverImpl - MediaSession5 ShadowNC-SipPhoneEmulator-CChecker-3 Releasing....
26596 [] INFO  DriverImpl - MediaSession5 CChecker-3 Releasing....
26898 [] INFO  DriverImpl - MediaSession5 ShadowNC-SipPhoneEmulator-CChecker-4 Releasing....
27199 [] INFO  DriverImpl - MediaSession5 CChecker-4 Releasing....
27500 [] INFO  DriverImpl - MediaSession5 ShadowNC-SipPhoneEmulator-CChecker-5 Releasing....
27801 [] INFO  DriverImpl - MediaSession5 CChecker-5 Releasing....
28112 [] INFO  Runner - Start    mandatory.functional.mixer.MixerJoinTest.test_2_1_6_4_UnjoinedBridge
28157 [] INFO  MediaSessionBase - getOffer: local SDP: v=0
o=- 1317107302862 1 IN IP4 127.0.0.1
s=Mobicents Media Server
c=IN IP4 127.0.0.1
t=0 0
m=audio 65286 RTP/AVP 8 0 101
a=rtpmap:8 pcma/8000
a=rtpmap:0 pcmu/8000
a=rtpmap:101 telephone-event/8000
a=fmtp:101 0-15

28157 [] INFO  MediaSessionBase - getOffer: stripped local SDP: v=0
o=- 1317107302862 1 IN IP4 127.0.0.1
s=Mobicents Media Server
c=IN IP4 127.0.0.1
t=0 0
m=audio 65286 RTP/AVP 8 0 101
a=rtpmap:8 pcma/8000
a=rtpmap:0 pcmu/8000
a=fmtp:101 0-15

28197 [] INFO  MediaSessionBase - getAnswer: local SDP: v=0
o=- 1317107302911 1 IN IP4 127.0.0.1
s=Mobicents Media Server
c=IN IP4 127.0.0.1
t=0 0
m=audio 65284 RTP/AVP 8 0 101
a=rtpmap:8 pcma/8000
a=rtpmap:0 pcmu/8000
a=rtpmap:101 telephone-event/8000
a=fmtp:101 0-15

28318 [] INFO  MediaSessionBase - getOffer: local SDP: v=0
o=- 1317107303024 1 IN IP4 127.0.0.1
s=Mobicents Media Server
c=IN IP4 127.0.0.1
t=0 0
m=audio 65282 RTP/AVP 8 0 101
a=rtpmap:8 pcma/8000
a=rtpmap:0 pcmu/8000
a=rtpmap:101 telephone-event/8000
a=fmtp:101 0-15

28318 [] INFO  MediaSessionBase - getOffer: stripped local SDP: v=0
o=- 1317107303024 1 IN IP4 127.0.0.1
s=Mobicents Media Server
c=IN IP4 127.0.0.1
t=0 0
m=audio 65282 RTP/AVP 8 0 101
a=rtpmap:8 pcma/8000
a=rtpmap:0 pcmu/8000
a=fmtp:101 0-15

28359 [] INFO  MediaSessionBase - getAnswer: local SDP: v=0
o=- 1317107303072 1 IN IP4 127.0.0.1
s=Mobicents Media Server
c=IN IP4 127.0.0.1
t=0 0
m=audio 65280 RTP/AVP 8 0 101
a=rtpmap:8 pcma/8000
a=rtpmap:0 pcmu/8000
a=rtpmap:101 telephone-event/8000
a=fmtp:101 0-15

28557 [] INFO  DriverImpl - MediaSession7 CChecker-1 Initiation of unjoin procedure, other party = MediaMixer8
28577 [] INFO  DriverImpl - MediaSession7 MG-SipPhoneEmulator-CChecker-1 Receive signal called
29078 [] DEBUG TestBase - getProperty(testcase.dtmf1) = file:///home/kulikov/jsr-309-tck/media/dtmf-1.wav
29578 [] DEBUG ContinuityChecker - org.mobicents.javax.media.mscontrol.mediagroup.PlayerImpl@1ac5f13 received: org.mobicents.javax.media.mscontrol.mediagroup.PlayerEventImpl@195dd5b
32879 [] INFO  DriverImpl - MediaSession7 MG-SipPhoneEmulator-CChecker-0 Releasing...
33180 [] INFO  DriverImpl - MediaSession7 MG-SipPhoneEmulator-CChecker-1 Releasing...
33481 [] INFO  DriverImpl - MediaSession7 ShadowNC-SipPhoneEmulator-CChecker-0 Releasing....
33782 [] INFO  DriverImpl - MediaSession7 CChecker-0 Releasing....
34084 [] INFO  DriverImpl - MediaSession7 ShadowNC-SipPhoneEmulator-CChecker-1 Releasing....
34385 [] INFO  DriverImpl - MediaSession7 CChecker-1 Releasing....
34686 [] INFO  Runner - End      mandatory.functional.mixer.MixerJoinTest.test_2_1_6_4_UnjoinedBridge
34689 [] INFO  Runner - Start    mandatory.functional.mixer.MixerJoinTest.test_2_1_6_8_BasicBridgeRecvOK
34722 [] INFO  MediaSessionBase - getOffer: local SDP: v=0
o=- 1317107309438 1 IN IP4 127.0.0.1
s=Mobicents Media Server
c=IN IP4 127.0.0.1
t=0 0
m=audio 65278 RTP/AVP 8 0 101
a=rtpmap:8 pcma/8000
a=rtpmap:0 pcmu/8000
a=rtpmap:101 telephone-event/8000
a=fmtp:101 0-15

34722 [] INFO  MediaSessionBase - getOffer: stripped local SDP: v=0
o=- 1317107309438 1 IN IP4 127.0.0.1
s=Mobicents Media Server
c=IN IP4 127.0.0.1
t=0 0
m=audio 65278 RTP/AVP 8 0 101
a=rtpmap:8 pcma/8000
a=rtpmap:0 pcmu/8000
a=fmtp:101 0-15

34761 [] INFO  MediaSessionBase - getAnswer: local SDP: v=0
o=- 1317107309474 1 IN IP4 127.0.0.1
s=Mobicents Media Server
c=IN IP4 127.0.0.1
t=0 0
m=audio 65276 RTP/AVP 8 0 101
a=rtpmap:8 pcma/8000
a=rtpmap:0 pcmu/8000
a=rtpmap:101 telephone-event/8000
a=fmtp:101 0-15

34882 [] INFO  MediaSessionBase - getOffer: local SDP: v=0
o=- 1317107309590 1 IN IP4 127.0.0.1
s=Mobicents Media Server
c=IN IP4 127.0.0.1
t=0 0
m=audio 65274 RTP/AVP 8 0 101
a=rtpmap:8 pcma/8000
a=rtpmap:0 pcmu/8000
a=rtpmap:101 telephone-event/8000
a=fmtp:101 0-15

34882 [] INFO  MediaSessionBase - getOffer: stripped local SDP: v=0
o=- 1317107309590 1 IN IP4 127.0.0.1
s=Mobicents Media Server
c=IN IP4 127.0.0.1
t=0 0
m=audio 65274 RTP/AVP 8 0 101
a=rtpmap:8 pcma/8000
a=rtpmap:0 pcmu/8000
a=fmtp:101 0-15

34921 [] INFO  MediaSessionBase - getAnswer: local SDP: v=0
o=- 1317107309635 1 IN IP4 127.0.0.1
s=Mobicents Media Server
c=IN IP4 127.0.0.1
t=0 0
m=audio 65272 RTP/AVP 8 0 101
a=rtpmap:8 pcma/8000
a=rtpmap:0 pcmu/8000
a=rtpmap:101 telephone-event/8000
a=fmtp:101 0-15

35123 [] INFO  DriverImpl - MediaSession9 MG-SipPhoneEmulator-CChecker-1 Receive signal called
35624 [] DEBUG TestBase - getProperty(testcase.dtmf1) = file:///home/kulikov/jsr-309-tck/media/dtmf-1.wav
36646 [] DEBUG ContinuityChecker - Waiting for event from org.mobicents.javax.media.mscontrol.mediagroup.PlayerImpl@6e1dec (4s remaining)
36647 [] DEBUG ContinuityChecker - CChecker-1 received: RECEIVE_SIGNALS_COMPLETED(NUM_SIGNALS_DETECTED, signal=1)
36648 [] DEBUG ContinuityChecker - org.mobicents.javax.media.mscontrol.mediagroup.PlayerImpl@6e1dec received: org.mobicents.javax.media.mscontrol.mediagroup.PlayerEventImpl@68cb6b
39949 [] INFO  DriverImpl - MediaSession9 MG-SipPhoneEmulator-CChecker-0 Releasing...
40250 [] INFO  DriverImpl - MediaSession9 MG-SipPhoneEmulator-CChecker-1 Releasing...
40551 [] INFO  DriverImpl - MediaSession9 ShadowNC-SipPhoneEmulator-CChecker-0 Releasing....
40852 [] INFO  DriverImpl - MediaSession9 CChecker-0 Releasing....
41153 [] INFO  DriverImpl - MediaSession9 ShadowNC-SipPhoneEmulator-CChecker-1 Releasing....
41454 [] INFO  DriverImpl - MediaSession9 CChecker-1 Releasing....
41755 [] INFO  Runner - End      mandatory.functional.mixer.MixerJoinTest.test_2_1_6_8_BasicBridgeRecvOK
41756 [] INFO  Runner - Start    mandatory.functional.mixer.MixerJoinTest.test_2_1_6_9_BasicBridgeRecvNOK
41791 [] INFO  MediaSessionBase - getOffer: local SDP: v=0
o=- 1317107316504 1 IN IP4 127.0.0.1
s=Mobicents Media Server
c=IN IP4 127.0.0.1
t=0 0
m=audio 65270 RTP/AVP 8 0 101
a=rtpmap:8 pcma/8000
a=rtpmap:0 pcmu/8000
a=rtpmap:101 telephone-event/8000
a=fmtp:101 0-15

41792 [] INFO  MediaSessionBase - getOffer: stripped local SDP: v=0
o=- 1317107316504 1 IN IP4 127.0.0.1
s=Mobicents Media Server
c=IN IP4 127.0.0.1
t=0 0
m=audio 65270 RTP/AVP 8 0 101
a=rtpmap:8 pcma/8000
a=rtpmap:0 pcmu/8000
a=fmtp:101 0-15

41831 [] INFO  MediaSessionBase - getAnswer: local SDP: v=0
o=- 1317107316545 1 IN IP4 127.0.0.1
s=Mobicents Media Server
c=IN IP4 127.0.0.1
t=0 0
m=audio 65268 RTP/AVP 8 0 101
a=rtpmap:8 pcma/8000
a=rtpmap:0 pcmu/8000
a=rtpmap:101 telephone-event/8000
a=fmtp:101 0-15

41951 [] INFO  MediaSessionBase - getOffer: local SDP: v=0
o=- 1317107316659 1 IN IP4 127.0.0.1
s=Mobicents Media Server
c=IN IP4 127.0.0.1
t=0 0
m=audio 65266 RTP/AVP 8 0 101
a=rtpmap:8 pcma/8000
a=rtpmap:0 pcmu/8000
a=rtpmap:101 telephone-event/8000
a=fmtp:101 0-15

41951 [] INFO  MediaSessionBase - getOffer: stripped local SDP: v=0
o=- 1317107316659 1 IN IP4 127.0.0.1
s=Mobicents Media Server
c=IN IP4 127.0.0.1
t=0 0
m=audio 65266 RTP/AVP 8 0 101
a=rtpmap:8 pcma/8000
a=rtpmap:0 pcmu/8000
a=fmtp:101 0-15

41992 [] INFO  MediaSessionBase - getAnswer: local SDP: v=0
o=- 1317107316704 1 IN IP4 127.0.0.1
s=Mobicents Media Server
c=IN IP4 127.0.0.1
t=0 0
m=audio 65264 RTP/AVP 8 0 101
a=rtpmap:8 pcma/8000
a=rtpmap:0 pcmu/8000
a=rtpmap:101 telephone-event/8000
a=fmtp:101 0-15

42191 [] INFO  DriverImpl - MediaSession11 MG-SipPhoneEmulator-CChecker-1 Receive signal called
42692 [] DEBUG TestBase - getProperty(testcase.dtmf1) = file:///home/kulikov/jsr-309-tck/media/dtmf-1.wav
43196 [] DEBUG ContinuityChecker - org.mobicents.javax.media.mscontrol.mediagroup.PlayerImpl@46d228 received: org.mobicents.javax.media.mscontrol.mediagroup.PlayerEventImpl@18f7386
46497 [] INFO  DriverImpl - MediaSession11 MG-SipPhoneEmulator-CChecker-0 Releasing...
46798 [] INFO  DriverImpl - MediaSession11 MG-SipPhoneEmulator-CChecker-1 Releasing...
47099 [] INFO  DriverImpl - MediaSession11 ShadowNC-SipPhoneEmulator-CChecker-0 Releasing....
47400 [] INFO  DriverImpl - MediaSession11 CChecker-0 Releasing....
47701 [] INFO  DriverImpl - MediaSession11 ShadowNC-SipPhoneEmulator-CChecker-1 Releasing....
48002 [] INFO  DriverImpl - MediaSession11 CChecker-1 Releasing....
48303 [] INFO  Runner - End      mandatory.functional.mixer.MixerJoinTest.test_2_1_6_9_BasicBridgeRecvNOK
48304 [] INFO  Runner - Start    mandatory.functional.mixer.MixerJoinTest.test_2_1_6_10_BasicBridgeRejoinRecvNOK
48345 [] INFO  MediaSessionBase - getOffer: local SDP: v=0
o=- 1317107323054 1 IN IP4 127.0.0.1
s=Mobicents Media Server
c=IN IP4 127.0.0.1
t=0 0
m=audio 65262 RTP/AVP 8 0 101
a=rtpmap:8 pcma/8000
a=rtpmap:0 pcmu/8000
a=rtpmap:101 telephone-event/8000
a=fmtp:101 0-15

48346 [] INFO  MediaSessionBase - getOffer: stripped local SDP: v=0
o=- 1317107323054 1 IN IP4 127.0.0.1
s=Mobicents Media Server
c=IN IP4 127.0.0.1
t=0 0
m=audio 65262 RTP/AVP 8 0 101
a=rtpmap:8 pcma/8000
a=rtpmap:0 pcmu/8000
a=fmtp:101 0-15

48386 [] INFO  MediaSessionBase - getAnswer: local SDP: v=0
o=- 1317107323100 1 IN IP4 127.0.0.1
s=Mobicents Media Server
c=IN IP4 127.0.0.1
t=0 0
m=audio 65260 RTP/AVP 8 0 101
a=rtpmap:8 pcma/8000
a=rtpmap:0 pcmu/8000
a=rtpmap:101 telephone-event/8000
a=fmtp:101 0-15

48507 [] INFO  MediaSessionBase - getOffer: local SDP: v=0
o=- 1317107323211 1 IN IP4 127.0.0.1
s=Mobicents Media Server
c=IN IP4 127.0.0.1
t=0 0
m=audio 65258 RTP/AVP 8 0 101
a=rtpmap:8 pcma/8000
a=rtpmap:0 pcmu/8000
a=rtpmap:101 telephone-event/8000
a=fmtp:101 0-15

48508 [] INFO  MediaSessionBase - getOffer: stripped local SDP: v=0
o=- 1317107323211 1 IN IP4 127.0.0.1
s=Mobicents Media Server
c=IN IP4 127.0.0.1
t=0 0
m=audio 65258 RTP/AVP 8 0 101
a=rtpmap:8 pcma/8000
a=rtpmap:0 pcmu/8000
a=fmtp:101 0-15

48548 [] INFO  MediaSessionBase - getAnswer: local SDP: v=0
o=- 1317107323261 1 IN IP4 127.0.0.1
s=Mobicents Media Server
c=IN IP4 127.0.0.1
t=0 0
m=audio 65256 RTP/AVP 8 0 101
a=rtpmap:8 pcma/8000
a=rtpmap:0 pcmu/8000
a=rtpmap:101 telephone-event/8000
a=fmtp:101 0-15

48769 [] INFO  DriverImpl - MediaSession13 MG-SipPhoneEmulator-CChecker-1 Receive signal called
49269 [] DEBUG TestBase - getProperty(testcase.dtmf1) = file:///home/kulikov/jsr-309-tck/media/dtmf-1.wav
49772 [] DEBUG ContinuityChecker - org.mobicents.javax.media.mscontrol.mediagroup.PlayerImpl@1f0aecc received: org.mobicents.javax.media.mscontrol.mediagroup.PlayerEventImpl@64023c
53072 [] INFO  DriverImpl - MediaSession13 MG-SipPhoneEmulator-CChecker-0 Releasing...
53373 [] INFO  DriverImpl - MediaSession13 MG-SipPhoneEmulator-CChecker-1 Releasing...
53674 [] INFO  DriverImpl - MediaSession13 ShadowNC-SipPhoneEmulator-CChecker-0 Releasing....
53975 [] INFO  DriverImpl - MediaSession13 CChecker-0 Releasing....
54276 [] INFO  DriverImpl - MediaSession13 ShadowNC-SipPhoneEmulator-CChecker-1 Releasing....
54577 [] INFO  DriverImpl - MediaSession13 CChecker-1 Releasing....
54878 [] INFO  Runner - End      mandatory.functional.mixer.MixerJoinTest.test_2_1_6_10_BasicBridgeRejoinRecvNOK
54879 [] INFO  Runner - Start    mandatory.functional.mixer.MixerJoinTest.test_2_1_6_11_BasicBridgeUnMute
54916 [] INFO  MediaSessionBase - getOffer: local SDP: v=0
o=- 1317107329628 1 IN IP4 127.0.0.1
s=Mobicents Media Server
c=IN IP4 127.0.0.1
t=0 0
m=audio 65254 RTP/AVP 8 0 101
a=rtpmap:8 pcma/8000
a=rtpmap:0 pcmu/8000
a=rtpmap:101 telephone-event/8000
a=fmtp:101 0-15

54916 [] INFO  MediaSessionBase - getOffer: stripped local SDP: v=0
o=- 1317107329628 1 IN IP4 127.0.0.1
s=Mobicents Media Server
c=IN IP4 127.0.0.1
t=0 0
m=audio 65254 RTP/AVP 8 0 101
a=rtpmap:8 pcma/8000
a=rtpmap:0 pcmu/8000
a=fmtp:101 0-15

54957 [] INFO  MediaSessionBase - getAnswer: local SDP: v=0
o=- 1317107329670 1 IN IP4 127.0.0.1
s=Mobicents Media Server
c=IN IP4 127.0.0.1
t=0 0
m=audio 65252 RTP/AVP 8 0 101
a=rtpmap:8 pcma/8000
a=rtpmap:0 pcmu/8000
a=rtpmap:101 telephone-event/8000
a=fmtp:101 0-15

55076 [] INFO  MediaSessionBase - getOffer: local SDP: v=0
o=- 1317107329784 1 IN IP4 127.0.0.1
s=Mobicents Media Server
c=IN IP4 127.0.0.1
t=0 0
m=audio 65250 RTP/AVP 8 0 101
a=rtpmap:8 pcma/8000
a=rtpmap:0 pcmu/8000
a=rtpmap:101 telephone-event/8000
a=fmtp:101 0-15

55076 [] INFO  MediaSessionBase - getOffer: stripped local SDP: v=0
o=- 1317107329784 1 IN IP4 127.0.0.1
s=Mobicents Media Server
c=IN IP4 127.0.0.1
t=0 0
m=audio 65250 RTP/AVP 8 0 101
a=rtpmap:8 pcma/8000
a=rtpmap:0 pcmu/8000
a=fmtp:101 0-15

55115 [] INFO  MediaSessionBase - getAnswer: local SDP: v=0
o=- 1317107329831 1 IN IP4 127.0.0.1
s=Mobicents Media Server
c=IN IP4 127.0.0.1
t=0 0
m=audio 65248 RTP/AVP 8 0 101
a=rtpmap:8 pcma/8000
a=rtpmap:0 pcmu/8000
a=rtpmap:101 telephone-event/8000
a=fmtp:101 0-15

55335 [] INFO  DriverImpl - MediaSession15 MG-SipPhoneEmulator-CChecker-1 Receive signal called
55836 [] DEBUG TestBase - getProperty(testcase.dtmf1) = file:///home/kulikov/jsr-309-tck/media/dtmf-1.wav
56340 [] DEBUG ContinuityChecker - org.mobicents.javax.media.mscontrol.mediagroup.PlayerImpl@44f787 received: org.mobicents.javax.media.mscontrol.mediagroup.PlayerEventImpl@1d6fbb3
57801 [] DEBUG ContinuityChecker - CChecker-1 received: RECEIVE_SIGNALS_COMPLETED(NUM_SIGNALS_DETECTED, signal=1)
59641 [] INFO  DriverImpl - MediaSession15 MG-SipPhoneEmulator-CChecker-0 Releasing...
59942 [] INFO  DriverImpl - MediaSession15 MG-SipPhoneEmulator-CChecker-1 Releasing...
60243 [] INFO  DriverImpl - MediaSession15 ShadowNC-SipPhoneEmulator-CChecker-0 Releasing....
60544 [] INFO  DriverImpl - MediaSession15 CChecker-0 Releasing....
60845 [] INFO  DriverImpl - MediaSession15 ShadowNC-SipPhoneEmulator-CChecker-1 Releasing....
61146 [] INFO  DriverImpl - MediaSession15 CChecker-1 Releasing....
61447 [] INFO  Runner - End      mandatory.functional.mixer.MixerJoinTest.test_2_1_6_11_BasicBridgeUnMute
]]></system-out>
  <system-err><![CDATA[]]></system-err>
</testsuite>
