<?xml version="1.0" encoding="UTF-8" ?>
<testsuite errors="0" failures="0" hostname="kulikov.mobicents.org" name="com.hp.opencall.jmsc.test.mandatory.functional.mediagroup.signals.DTMFBufferingTest" tests="9" time="53.669" timestamp="2011-09-27T07:06:09">
  <properties>
    <property name="ant.project.invoked-targets" value="run" />
    <property name="java.runtime.name" value="Java(TM) SE Runtime Environment" />
    <property name="DATE_TIME" value="2011-09-27_11-01" />
    <property name="sun.boot.library.path" value="/home/kulikov/jdk1.6.0_24/jre/lib/i386" />
    <property name="java.vm.version" value="19.1-b02" />
    <property name="ant.library.dir" value="/home/kulikov/apache-ant-1.8.2//lib" />
    <property name="ant.version" value="Apache Ant(TM) version 1.8.2 compiled on December 20 2010" />
    <property name="run.report" value="/home/kulikov/jsr-309-tck/tck-reports/2011-09-27_11-01" />
    <property name="ant.java.version" value="1.6" />
    <property name="java.vm.vendor" value="Sun Microsystems Inc." />
    <property name="java.vendor.url" value="http://java.sun.com/" />
    <property name="path.separator" value=":" />
    <property name="java.vm.name" value="Java HotSpot(TM) Server VM" />
    <property name="file.encoding.pkg" value="sun.io" />
    <property name="user.country" value="US" />
    <property name="sun.java.launcher" value="SUN_STANDARD" />
    <property name="sun.os.patch.level" value="unknown" />
    <property name="java.vm.specification.name" value="Java Virtual Machine Specification" />
    <property name="user.dir" value="/home/kulikov/jsr-309-tck" />
    <property name="java.runtime.version" value="1.6.0_24-b07" />
    <property name="java.awt.graphicsenv" value="sun.awt.X11GraphicsEnvironment" />
    <property name="basedir" value="/home/kulikov/jsr-309-tck" />
    <property name="java.endorsed.dirs" value="/home/kulikov/jdk1.6.0_24/jre/lib/endorsed" />
    <property name="os.arch" value="i386" />
    <property name="ant.project.default-target" value="run" />
    <property name="java.io.tmpdir" value="/tmp" />
    <property name="ant.core.lib" value="/home/kulikov/apache-ant-1.8.2/lib/ant.jar" />
    <property name="line.separator" value="&#xa;" />
    <property name="java.vm.specification.vendor" value="Sun Microsystems Inc." />
    <property name="run.testlist" value="com/hp/opencall/jmsc/test/mandatory/**/*Test.class" />
    <property name="os.name" value="Linux" />
    <property name="DSTAMP" value="20110927" />
    <property name="ant.home" value="/home/kulikov/apache-ant-1.8.2/" />
    <property name="ant.project.name" value="TCK" />
    <property name="sun.jnu.encoding" value="UTF-8" />
    <property name="run.dir" value="/home/kulikov/jsr-309-tck/tck-run" />
    <property name="TODAY" value="September 27 2011" />
    <property name="java.library.path" value="/home/kulikov/jdk1.6.0_24/jre/lib/i386/server:/home/kulikov/jdk1.6.0_24/jre/lib/i386:/home/kulikov/jdk1.6.0_24/jre/../lib/i386:/usr/java/packages/lib/i386:/lib:/usr/lib" />
    <property name="java.specification.name" value="Java Platform API Specification" />
    <property name="java.class.version" value="50.0" />
    <property name="sun.management.compiler" value="HotSpot Tiered Compilers" />
    <property name="ant.file.type.TCK" value="file" />
    <property name="os.version" value="2.6.33.3-85.fc13.i686" />
    <property name="ant.file" value="/home/kulikov/jsr-309-tck/build.xml" />
    <property name="user.home" value="/home/kulikov" />
    <property name="user.timezone" value="" />
    <property name="java.awt.printerjob" value="sun.print.PSPrinterJob" />
    <property name="java.specification.version" value="1.6" />
    <property name="file.encoding" value="UTF-8" />
    <property name="TSTAMP" value="1101" />
    <property name="user.name" value="kulikov" />
    <property name="java.class.path" value="/home/kulikov/jsr-309-tck:/home/kulikov/jsr-309-tck/mgcp-impl-2.0.0.GA.jar:/home/kulikov/jsr-309-tck/tck.jar:/home/kulikov/jsr-309-tck/deps/jain-mgcp-ri-1.0.jar:/home/kulikov/jsr-309-tck/deps/jain-sip-ri-1.2.146.jar:/home/kulikov/jsr-309-tck/deps/junit-4.7-src.jar:/home/kulikov/jsr-309-tck/deps/junit.jar:/home/kulikov/jsr-309-tck/deps/log4j-1.2.14.jar:/home/kulikov/jsr-309-tck/deps/mgcp-impl-2.0.1.RC1-SNAPSHOT.jar:/home/kulikov/jsr-309-tck/deps/mobicents-jsr309-impl-2.0.1.CR1-SNAPSHOT.jar:/home/kulikov/jsr-309-tck/deps/mscontrol.jar:/home/kulikov/apache-ant-1.8.2/lib/junit-4.8.1.jar:/home/kulikov/apache-ant-1.8.2/lib/ant-launcher.jar:/home/kulikov/apache-ant-1.8.2/lib/ant.jar:/home/kulikov/apache-ant-1.8.2/lib/ant-junit.jar:/home/kulikov/apache-ant-1.8.2/lib/ant-junit4.jar" />
    <property name="java.vm.specification.version" value="1.0" />
    <property name="java.home" value="/home/kulikov/jdk1.6.0_24/jre" />
    <property name="sun.arch.data.model" value="32" />
    <property name="java.specification.vendor" value="Sun Microsystems Inc." />
    <property name="user.language" value="en" />
    <property name="java.vm.info" value="mixed mode" />
    <property name="java.version" value="1.6.0_24" />
    <property name="java.ext.dirs" value="/home/kulikov/jdk1.6.0_24/jre/lib/ext:/usr/java/packages/lib/ext" />
    <property name="sun.boot.class.path" value="/home/kulikov/jdk1.6.0_24/jre/lib/resources.jar:/home/kulikov/jdk1.6.0_24/jre/lib/rt.jar:/home/kulikov/jdk1.6.0_24/jre/lib/sunrsasign.jar:/home/kulikov/jdk1.6.0_24/jre/lib/jsse.jar:/home/kulikov/jdk1.6.0_24/jre/lib/jce.jar:/home/kulikov/jdk1.6.0_24/jre/lib/charsets.jar:/home/kulikov/jdk1.6.0_24/jre/lib/modules/jdk.boot.jar:/home/kulikov/jdk1.6.0_24/jre/classes" />
    <property name="java.vendor" value="Sun Microsystems Inc." />
    <property name="ant.file.TCK" value="/home/kulikov/jsr-309-tck/build.xml" />
    <property name="file.separator" value="/" />
    <property name="java.vendor.url.bug" value="http://java.sun.com/cgi-bin/bugreport.cgi" />
    <property name="sun.cpu.endian" value="little" />
    <property name="sun.io.unicode.encoding" value="UnicodeLittle" />
    <property name="ant.file.type" value="file" />
    <property name="sun.desktop" value="gnome" />
    <property name="sun.cpu.isalist" value="" />
  </properties>
  <testcase classname="com.hp.opencall.jmsc.test.mandatory.functional.mediagroup.signals.DTMFBufferingTest" name="test_2_1_12_1_Buffer" time="4.223" />
  <testcase classname="com.hp.opencall.jmsc.test.mandatory.functional.mediagroup.signals.DTMFBufferingTest" name="test_2_1_12_2_BufferBetweenReceive" time="5.978" />
  <testcase classname="com.hp.opencall.jmsc.test.mandatory.functional.mediagroup.signals.DTMFBufferingTest" name="test_2_1_12_3_BufferBeforeReceive" time="3.456" />
  <testcase classname="com.hp.opencall.jmsc.test.mandatory.functional.mediagroup.signals.DTMFBufferingTest" name="test_2_1_12_4_ReceiveBufferedOneAtATime" time="5.485" />
  <testcase classname="com.hp.opencall.jmsc.test.mandatory.functional.mediagroup.signals.DTMFBufferingTest" name="test_2_1_12_5_flushBuffer" time="7.452" />
  <testcase classname="com.hp.opencall.jmsc.test.mandatory.functional.mediagroup.signals.DTMFBufferingTest" name="test_2_1_12_6_BufferAfterFlush" time="9.107" />
  <testcase classname="com.hp.opencall.jmsc.test.mandatory.functional.mediagroup.signals.DTMFBufferingTest" name="test_2_1_12_7_BufferParticipantDTMF" time="4.341" />
  <testcase classname="com.hp.opencall.jmsc.test.mandatory.functional.mediagroup.signals.DTMFBufferingTest" name="test_2_1_12_8_BufferParticipantEarlyDTMF" time="3.811" />
  <testcase classname="com.hp.opencall.jmsc.test.mandatory.functional.mediagroup.signals.DTMFBufferingTest" name="test_2_1_12_9_FlushParticipantEarlyDTMF" time="9.798" />
  <system-out><![CDATA[11:06:09,262 INFO  [Runner] Start    mandatory.functional.mediagroup.signals.DTMFBufferingTest.test_2_1_12_1_Buffer javadoc::SignalDetector:11 javadoc::SignalDetector::31 javadoc::SignalDetectorEvent::1 javadoc::SignalDetectorEvent::5 javadoc::SignalDetectorEvent::13
11:06:09,278 INFO  [DriverImpl] Initializing MGCP on /127.0.0.1:2729
11:06:09,283 ERROR [JainMgcpStackImpl] Failed to locate properties file, using default values
11:06:09,289 INFO  [JainMgcpStackImpl] Jain Mgcp stack bound to IP /127.0.0.1 and UDP port 2729
Jain Mgcp stack bound to IP /127.0.0.1 and UDP port 2729
73   [] DEBUG TestBase - log4j configured
74   [] DEBUG TestBase - Loading file:/home/kulikov/jsr-309-tck/TCK.properties
219  [] INFO  MediaSessionBase - getOffer: local SDP: v=0
o=- 1317107169409 1 IN IP4 127.0.0.1
s=Mobicents Media Server
c=IN IP4 127.0.0.1
t=0 0
m=audio 65406 RTP/AVP 8 0 101
a=rtpmap:8 pcma/8000
a=rtpmap:0 pcmu/8000
a=rtpmap:101 telephone-event/8000
a=fmtp:101 0-15

220  [] INFO  MediaSessionBase - getOffer: stripped local SDP: v=0
o=- 1317107169409 1 IN IP4 127.0.0.1
s=Mobicents Media Server
c=IN IP4 127.0.0.1
t=0 0
m=audio 65406 RTP/AVP 8 0 101
a=rtpmap:8 pcma/8000
a=rtpmap:0 pcmu/8000
a=fmtp:101 0-15

260  [] INFO  MediaSessionBase - getAnswer: local SDP: v=0
o=- 1317107169497 1 IN IP4 127.0.0.1
s=Mobicents Media Server
c=IN IP4 127.0.0.1
t=0 0
m=audio 65404 RTP/AVP 8 0 101
a=rtpmap:8 pcma/8000
a=rtpmap:0 pcmu/8000
a=rtpmap:101 telephone-event/8000
a=fmtp:101 0-15

442  [] DEBUG TestBase - getProperty(testcase.dtmf1) = file:///home/kulikov/jsr-309-tck/media/dtmf-1.wav
971  [] DEBUG DTMFBufferingTest - org.mobicents.javax.media.mscontrol.mediagroup.PlayerImpl@1ed1b0b received: org.mobicents.javax.media.mscontrol.mediagroup.PlayerEventImpl@18a8ce2
971  [] DEBUG TestBase - getProperty(testcase.dtmf1) = file:///home/kulikov/jsr-309-tck/media/dtmf-1.wav
1465 [] DEBUG DTMFBufferingTest - org.mobicents.javax.media.mscontrol.mediagroup.PlayerImpl@1ed1b0b received: org.mobicents.javax.media.mscontrol.mediagroup.PlayerEventImpl@b40ec4
1465 [] INFO  DriverImpl - MediaSession1 MediaGroup5 Receive signal called
2970 [] DEBUG DTMFBufferingTest - Waiting for event from Detector(mscontrol://127.0.0.1:2427/MediaSession1/MediaGroup5) (4s remaining)
2990 [] DEBUG DTMFBufferingTest - Detector(mscontrol://127.0.0.1:2427/MediaSession1/MediaGroup5) received: RECEIVE_SIGNALS_COMPLETED(NUM_SIGNALS_DETECTED, signal=11)
2990 [] INFO  DriverImpl - MediaSession1 MediaGroup4 Releasing...
3295 [] INFO  DriverImpl - MediaSession1 MediaGroup5 Releasing...
3596 [] INFO  DriverImpl - MediaSession1 NetworkConnection2 Releasing....
3898 [] INFO  DriverImpl - MediaSession1 NetworkConnection3 Releasing....
4200 [] INFO  Runner - End      mandatory.functional.mediagroup.signals.DTMFBufferingTest.test_2_1_12_1_Buffer
4202 [] INFO  Runner - Start    mandatory.functional.mediagroup.signals.DTMFBufferingTest.test_2_1_12_2_BufferBetweenReceive javadoc::SignalDetector:12
4241 [] INFO  MediaSessionBase - getOffer: local SDP: v=0
o=- 1317107173478 1 IN IP4 127.0.0.1
s=Mobicents Media Server
c=IN IP4 127.0.0.1
t=0 0
m=audio 65402 RTP/AVP 8 0 101
a=rtpmap:8 pcma/8000
a=rtpmap:0 pcmu/8000
a=rtpmap:101 telephone-event/8000
a=fmtp:101 0-15

4241 [] INFO  MediaSessionBase - getOffer: stripped local SDP: v=0
o=- 1317107173478 1 IN IP4 127.0.0.1
s=Mobicents Media Server
c=IN IP4 127.0.0.1
t=0 0
m=audio 65402 RTP/AVP 8 0 101
a=rtpmap:8 pcma/8000
a=rtpmap:0 pcmu/8000
a=fmtp:101 0-15

4282 [] INFO  MediaSessionBase - getAnswer: local SDP: v=0
o=- 1317107173520 1 IN IP4 127.0.0.1
s=Mobicents Media Server
c=IN IP4 127.0.0.1
t=0 0
m=audio 65400 RTP/AVP 8 0 101
a=rtpmap:8 pcma/8000
a=rtpmap:0 pcmu/8000
a=rtpmap:101 telephone-event/8000
a=fmtp:101 0-15

4422 [] DEBUG TestBase - getProperty(testcase.dtmf1) = file:///home/kulikov/jsr-309-tck/media/dtmf-1.wav
4921 [] DEBUG DTMFBufferingTest - org.mobicents.javax.media.mscontrol.mediagroup.PlayerImpl@ea48be received: org.mobicents.javax.media.mscontrol.mediagroup.PlayerEventImpl@14dd758
4922 [] INFO  DriverImpl - MediaSession6 MediaGroup10 Receive signal called
6423 [] DEBUG DTMFBufferingTest - Waiting for event from Detector(mscontrol://127.0.0.1:2427/MediaSession6/MediaGroup10) (9s remaining)
6446 [] DEBUG DTMFBufferingTest - Detector(mscontrol://127.0.0.1:2427/MediaSession6/MediaGroup10) received: RECEIVE_SIGNALS_COMPLETED(NUM_SIGNALS_DETECTED, signal=1)
6446 [] DEBUG TestBase - getProperty(testcase.dtmf1) = file:///home/kulikov/jsr-309-tck/media/dtmf-1.wav
6949 [] DEBUG DTMFBufferingTest - org.mobicents.javax.media.mscontrol.mediagroup.PlayerImpl@ea48be received: org.mobicents.javax.media.mscontrol.mediagroup.PlayerEventImpl@18622f3
6950 [] DEBUG TestBase - getProperty(testcase.dtmf1) = file:///home/kulikov/jsr-309-tck/media/dtmf-1.wav
7451 [] DEBUG DTMFBufferingTest - org.mobicents.javax.media.mscontrol.mediagroup.PlayerImpl@ea48be received: org.mobicents.javax.media.mscontrol.mediagroup.PlayerEventImpl@1ba6076
7453 [] INFO  DriverImpl - MediaSession6 MediaGroup10 Receive signal called
8954 [] DEBUG DTMFBufferingTest - Waiting for event from Detector(mscontrol://127.0.0.1:2427/MediaSession6/MediaGroup10) (4s remaining)
8975 [] DEBUG DTMFBufferingTest - Detector(mscontrol://127.0.0.1:2427/MediaSession6/MediaGroup10) received: RECEIVE_SIGNALS_COMPLETED(NUM_SIGNALS_DETECTED, signal=11)
8976 [] INFO  DriverImpl - MediaSession6 MediaGroup9 Releasing...
9277 [] INFO  DriverImpl - MediaSession6 MediaGroup10 Releasing...
9578 [] INFO  DriverImpl - MediaSession6 NetworkConnection7 Releasing....
9879 [] INFO  DriverImpl - MediaSession6 NetworkConnection8 Releasing....
10180 [] INFO  Runner - End      mandatory.functional.mediagroup.signals.DTMFBufferingTest.test_2_1_12_2_BufferBetweenReceive
10181 [] INFO  Runner - Start    mandatory.functional.mediagroup.signals.DTMFBufferingTest.test_2_1_12_3_BufferBeforeReceive
10226 [] INFO  MediaSessionBase - getOffer: local SDP: v=0
o=- 1317107179456 1 IN IP4 127.0.0.1
s=Mobicents Media Server
c=IN IP4 127.0.0.1
t=0 0
m=audio 65398 RTP/AVP 8 0 101
a=rtpmap:8 pcma/8000
a=rtpmap:0 pcmu/8000
a=rtpmap:101 telephone-event/8000
a=fmtp:101 0-15

10226 [] INFO  MediaSessionBase - getOffer: stripped local SDP: v=0
o=- 1317107179456 1 IN IP4 127.0.0.1
s=Mobicents Media Server
c=IN IP4 127.0.0.1
t=0 0
m=audio 65398 RTP/AVP 8 0 101
a=rtpmap:8 pcma/8000
a=rtpmap:0 pcmu/8000
a=fmtp:101 0-15

10266 [] INFO  MediaSessionBase - getAnswer: local SDP: v=0
o=- 1317107179505 1 IN IP4 127.0.0.1
s=Mobicents Media Server
c=IN IP4 127.0.0.1
t=0 0
m=audio 65396 RTP/AVP 8 0 101
a=rtpmap:8 pcma/8000
a=rtpmap:0 pcmu/8000
a=rtpmap:101 telephone-event/8000
a=fmtp:101 0-15

10406 [] DEBUG TestBase - getProperty(testcase.dtmf1) = file:///home/kulikov/jsr-309-tck/media/dtmf-1.wav
10908 [] DEBUG DTMFBufferingTest - org.mobicents.javax.media.mscontrol.mediagroup.PlayerImpl@4be2cc received: org.mobicents.javax.media.mscontrol.mediagroup.PlayerEventImpl@16ef71
10908 [] INFO  DriverImpl - MediaSession11 MediaGroup15 Receive signal called
12410 [] DEBUG DTMFBufferingTest - Waiting for event from Detector(mscontrol://127.0.0.1:2427/MediaSession11/MediaGroup15) (9s remaining)
12431 [] DEBUG DTMFBufferingTest - Detector(mscontrol://127.0.0.1:2427/MediaSession11/MediaGroup15) received: RECEIVE_SIGNALS_COMPLETED(NUM_SIGNALS_DETECTED, signal=1)
12432 [] INFO  DriverImpl - MediaSession11 MediaGroup14 Releasing...
12733 [] INFO  DriverImpl - MediaSession11 MediaGroup15 Releasing...
13034 [] INFO  DriverImpl - MediaSession11 NetworkConnection12 Releasing....
13335 [] INFO  DriverImpl - MediaSession11 NetworkConnection13 Releasing....
13636 [] INFO  Runner - End      mandatory.functional.mediagroup.signals.DTMFBufferingTest.test_2_1_12_3_BufferBeforeReceive
13638 [] INFO  Runner - Start    mandatory.functional.mediagroup.signals.DTMFBufferingTest.test_2_1_12_4_ReceiveBufferedOneAtATime javadoc::SignalDetector:13
13693 [] INFO  MediaSessionBase - getOffer: local SDP: v=0
o=- 1317107182913 1 IN IP4 127.0.0.1
s=Mobicents Media Server
c=IN IP4 127.0.0.1
t=0 0
m=audio 65394 RTP/AVP 8 0 101
a=rtpmap:8 pcma/8000
a=rtpmap:0 pcmu/8000
a=rtpmap:101 telephone-event/8000
a=fmtp:101 0-15

13694 [] INFO  MediaSessionBase - getOffer: stripped local SDP: v=0
o=- 1317107182913 1 IN IP4 127.0.0.1
s=Mobicents Media Server
c=IN IP4 127.0.0.1
t=0 0
m=audio 65394 RTP/AVP 8 0 101
a=rtpmap:8 pcma/8000
a=rtpmap:0 pcmu/8000
a=fmtp:101 0-15

13726 [] INFO  MediaSessionBase - getAnswer: local SDP: v=0
o=- 1317107182973 1 IN IP4 127.0.0.1
s=Mobicents Media Server
c=IN IP4 127.0.0.1
t=0 0
m=audio 65392 RTP/AVP 8 0 101
a=rtpmap:8 pcma/8000
a=rtpmap:0 pcmu/8000
a=rtpmap:101 telephone-event/8000
a=fmtp:101 0-15

13865 [] DEBUG TestBase - getProperty(testcase.dtmf1) = file:///home/kulikov/jsr-309-tck/media/dtmf-1.wav
14367 [] DEBUG DTMFBufferingTest - org.mobicents.javax.media.mscontrol.mediagroup.PlayerImpl@d4d66b received: org.mobicents.javax.media.mscontrol.mediagroup.PlayerEventImpl@149105b
14368 [] DEBUG TestBase - getProperty(testcase.dtmf1) = file:///home/kulikov/jsr-309-tck/media/dtmf-1.wav
14869 [] DEBUG DTMFBufferingTest - org.mobicents.javax.media.mscontrol.mediagroup.PlayerImpl@d4d66b received: org.mobicents.javax.media.mscontrol.mediagroup.PlayerEventImpl@11db6bb
14870 [] INFO  DriverImpl - MediaSession16 MediaGroup20 Receive signal called
16371 [] DEBUG DTMFBufferingTest - Waiting for event from Detector(mscontrol://127.0.0.1:2427/MediaSession16/MediaGroup20) (4s remaining)
16391 [] DEBUG DTMFBufferingTest - Detector(mscontrol://127.0.0.1:2427/MediaSession16/MediaGroup20) received: RECEIVE_SIGNALS_COMPLETED(NUM_SIGNALS_DETECTED, signal=1)
16392 [] INFO  DriverImpl - MediaSession16 MediaGroup20 Receive signal called
17893 [] DEBUG DTMFBufferingTest - Waiting for event from Detector(mscontrol://127.0.0.1:2427/MediaSession16/MediaGroup20) (4s remaining)
17915 [] DEBUG DTMFBufferingTest - Detector(mscontrol://127.0.0.1:2427/MediaSession16/MediaGroup20) received: RECEIVE_SIGNALS_COMPLETED(NUM_SIGNALS_DETECTED, signal=1)
17916 [] INFO  DriverImpl - MediaSession16 MediaGroup19 Releasing...
18217 [] INFO  DriverImpl - MediaSession16 MediaGroup20 Releasing...
18518 [] INFO  DriverImpl - MediaSession16 NetworkConnection17 Releasing....
18819 [] INFO  DriverImpl - MediaSession16 NetworkConnection18 Releasing....
19120 [] INFO  Runner - End      mandatory.functional.mediagroup.signals.DTMFBufferingTest.test_2_1_12_4_ReceiveBufferedOneAtATime
19123 [] INFO  Runner - Start    mandatory.functional.mediagroup.signals.DTMFBufferingTest.test_2_1_12_5_flushBuffer javadoc::SignalDetector::10
19163 [] INFO  MediaSessionBase - getOffer: local SDP: v=0
o=- 1317107188399 1 IN IP4 127.0.0.1
s=Mobicents Media Server
c=IN IP4 127.0.0.1
t=0 0
m=audio 65390 RTP/AVP 8 0 101
a=rtpmap:8 pcma/8000
a=rtpmap:0 pcmu/8000
a=rtpmap:101 telephone-event/8000
a=fmtp:101 0-15

19164 [] INFO  MediaSessionBase - getOffer: stripped local SDP: v=0
o=- 1317107188399 1 IN IP4 127.0.0.1
s=Mobicents Media Server
c=IN IP4 127.0.0.1
t=0 0
m=audio 65390 RTP/AVP 8 0 101
a=rtpmap:8 pcma/8000
a=rtpmap:0 pcmu/8000
a=fmtp:101 0-15

19204 [] INFO  MediaSessionBase - getAnswer: local SDP: v=0
o=- 1317107188444 1 IN IP4 127.0.0.1
s=Mobicents Media Server
c=IN IP4 127.0.0.1
t=0 0
m=audio 65388 RTP/AVP 8 0 101
a=rtpmap:8 pcma/8000
a=rtpmap:0 pcmu/8000
a=rtpmap:101 telephone-event/8000
a=fmtp:101 0-15

19343 [] DEBUG TestBase - getProperty(testcase.dtmf1) = file:///home/kulikov/jsr-309-tck/media/dtmf-1.wav
19845 [] DEBUG DTMFBufferingTest - org.mobicents.javax.media.mscontrol.mediagroup.PlayerImpl@199939 received: org.mobicents.javax.media.mscontrol.mediagroup.PlayerEventImpl@9a9b65
21846 [] DEBUG DTMFBufferingTest - Waiting for event from Detector(mscontrol://127.0.0.1:2427/MediaSession21/MediaGroup25) (3s remaining)
21867 [] DEBUG DTMFBufferingTest - Detector(mscontrol://127.0.0.1:2427/MediaSession21/MediaGroup25) received: FLUSH_BUFFER_COMPLETED(null, signal=null)
DONE FLUSH BUFFER=======================>
21868 [] INFO  DriverImpl - MediaSession21 MediaGroup25 Receive signal called
23369 [] DEBUG DTMFBufferingTest - Waiting for event from Detector(mscontrol://127.0.0.1:2427/MediaSession21/MediaGroup25) (2s remaining)
24369 [] DEBUG DTMFBufferingTest - Waiting for event from Detector(mscontrol://127.0.0.1:2427/MediaSession21/MediaGroup25) (1s remaining)
25370 [] INFO  DriverImpl - MediaSession21 MediaGroup24 Releasing...
25671 [] INFO  DriverImpl - MediaSession21 MediaGroup25 Releasing...
25973 [] INFO  DriverImpl - MediaSession21 NetworkConnection22 Releasing....
26274 [] INFO  DriverImpl - MediaSession21 NetworkConnection23 Releasing....
26575 [] INFO  Runner - End      mandatory.functional.mediagroup.signals.DTMFBufferingTest.test_2_1_12_5_flushBuffer
26576 [] INFO  Runner - Start    mandatory.functional.mediagroup.signals.DTMFBufferingTest.test_2_1_12_6_BufferAfterFlush javadoc::SignalDetector::14
26608 [] INFO  MediaSessionBase - getOffer: local SDP: v=0
o=- 1317107195850 1 IN IP4 127.0.0.1
s=Mobicents Media Server
c=IN IP4 127.0.0.1
t=0 0
m=audio 65386 RTP/AVP 8 0 101
a=rtpmap:8 pcma/8000
a=rtpmap:0 pcmu/8000
a=rtpmap:101 telephone-event/8000
a=fmtp:101 0-15

26608 [] INFO  MediaSessionBase - getOffer: stripped local SDP: v=0
o=- 1317107195850 1 IN IP4 127.0.0.1
s=Mobicents Media Server
c=IN IP4 127.0.0.1
t=0 0
m=audio 65386 RTP/AVP 8 0 101
a=rtpmap:8 pcma/8000
a=rtpmap:0 pcmu/8000
a=fmtp:101 0-15

26647 [] INFO  MediaSessionBase - getAnswer: local SDP: v=0
o=- 1317107195888 1 IN IP4 127.0.0.1
s=Mobicents Media Server
c=IN IP4 127.0.0.1
t=0 0
m=audio 65384 RTP/AVP 8 0 101
a=rtpmap:8 pcma/8000
a=rtpmap:0 pcmu/8000
a=rtpmap:101 telephone-event/8000
a=fmtp:101 0-15

26787 [] DEBUG TestBase - getProperty(testcase.dtmf1) = file:///home/kulikov/jsr-309-tck/media/dtmf-1.wav
27288 [] DEBUG DTMFBufferingTest - org.mobicents.javax.media.mscontrol.mediagroup.PlayerImpl@52c6b4 received: org.mobicents.javax.media.mscontrol.mediagroup.PlayerEventImpl@738d08
29290 [] DEBUG DTMFBufferingTest - Waiting for event from Detector(mscontrol://127.0.0.1:2427/MediaSession26/MediaGroup30) (3s remaining)
29293 [] DEBUG DTMFBufferingTest - Detector(mscontrol://127.0.0.1:2427/MediaSession26/MediaGroup30) received: FLUSH_BUFFER_COMPLETED(null, signal=null)
DONE FLUSH BUFFER=======================>
29294 [] INFO  DriverImpl - MediaSession26 MediaGroup30 Receive signal called
30795 [] DEBUG DTMFBufferingTest - Waiting for event from Detector(mscontrol://127.0.0.1:2427/MediaSession26/MediaGroup30) (2s remaining)
31795 [] DEBUG DTMFBufferingTest - Waiting for event from Detector(mscontrol://127.0.0.1:2427/MediaSession26/MediaGroup30) (1s remaining)
32796 [] DEBUG TestBase - getProperty(testcase.dtmf1) = file:///home/kulikov/jsr-309-tck/media/dtmf-1.wav
33294 [] DEBUG DTMFBufferingTest - org.mobicents.javax.media.mscontrol.mediagroup.PlayerImpl@52c6b4 received: org.mobicents.javax.media.mscontrol.mediagroup.PlayerEventImpl@b0a3f5
33295 [] INFO  DriverImpl - MediaSession26 MediaGroup30 Receive signal called
34476 [] DEBUG DTMFBufferingTest - Detector(mscontrol://127.0.0.1:2427/MediaSession26/MediaGroup30) received: RECEIVE_SIGNALS_COMPLETED(NUM_SIGNALS_DETECTED, signal=1)
34477 [] INFO  DriverImpl - MediaSession26 MediaGroup29 Releasing...
34778 [] INFO  DriverImpl - MediaSession26 MediaGroup30 Releasing...
35079 [] INFO  DriverImpl - MediaSession26 NetworkConnection27 Releasing....
35380 [] INFO  DriverImpl - MediaSession26 NetworkConnection28 Releasing....
35682 [] INFO  Runner - End      mandatory.functional.mediagroup.signals.DTMFBufferingTest.test_2_1_12_6_BufferAfterFlush
35683 [] INFO  Runner - Start    mandatory.functional.mediagroup.signals.DTMFBufferingTest.test_2_1_12_7_BufferParticipantDTMF javadoc::MediaGroup::7
35729 [] INFO  MediaSessionBase - getOffer: local SDP: v=0
o=- 1317107204958 1 IN IP4 127.0.0.1
s=Mobicents Media Server
c=IN IP4 127.0.0.1
t=0 0
m=audio 65382 RTP/AVP 8 0 101
a=rtpmap:8 pcma/8000
a=rtpmap:0 pcmu/8000
a=rtpmap:101 telephone-event/8000
a=fmtp:101 0-15

35729 [] INFO  MediaSessionBase - getOffer: stripped local SDP: v=0
o=- 1317107204958 1 IN IP4 127.0.0.1
s=Mobicents Media Server
c=IN IP4 127.0.0.1
t=0 0
m=audio 65382 RTP/AVP 8 0 101
a=rtpmap:8 pcma/8000
a=rtpmap:0 pcmu/8000
a=fmtp:101 0-15

35770 [] INFO  MediaSessionBase - getAnswer: local SDP: v=0
o=- 1317107205007 1 IN IP4 127.0.0.1
s=Mobicents Media Server
c=IN IP4 127.0.0.1
t=0 0
m=audio 65380 RTP/AVP 8 0 101
a=rtpmap:8 pcma/8000
a=rtpmap:0 pcmu/8000
a=rtpmap:101 telephone-event/8000
a=fmtp:101 0-15

35989 [] DEBUG TestBase - getProperty(testcase.dtmf1) = file:///home/kulikov/jsr-309-tck/media/dtmf-1.wav
35989 [] INFO  MediaSessionBase - Playing "file:///home/kulikov/jsr-309-tck/media/dtmf-1.wav"
36491 [] DEBUG TestBase - getProperty(testcase.dtmf1) = file:///home/kulikov/jsr-309-tck/media/dtmf-1.wav
36492 [] INFO  MediaSessionBase - Playing "file:///home/kulikov/jsr-309-tck/media/dtmf-1.wav"
36995 [] INFO  DriverImpl - MediaSession31 MediaGroup32 Receive signal called
38496 [] DEBUG DTMFBufferingTest - Waiting for event from Detector(mscontrol://127.0.0.1:2427/MediaSession31/MediaGroup32) (9s remaining)
38517 [] DEBUG DTMFBufferingTest - Detector(mscontrol://127.0.0.1:2427/MediaSession31/MediaGroup32) received: RECEIVE_SIGNALS_COMPLETED(NUM_SIGNALS_DETECTED, signal=11)
38818 [] INFO  DriverImpl - MediaSession31 MG-SipPhoneEmulator-Marc Releasing...
39119 [] INFO  DriverImpl - MediaSession31 MediaGroup32 Releasing...
39419 [] INFO  DriverImpl - MediaSession31 ShadowNC-SipPhoneEmulator-Marc Releasing....
39720 [] INFO  DriverImpl - MediaSession31 Marc Releasing....
40023 [] INFO  Runner - End      mandatory.functional.mediagroup.signals.DTMFBufferingTest.test_2_1_12_7_BufferParticipantDTMF
40024 [] INFO  Runner - Start    mandatory.functional.mediagroup.signals.DTMFBufferingTest.test_2_1_12_8_BufferParticipantEarlyDTMF
40065 [] INFO  MediaSessionBase - getOffer: local SDP: v=0
o=- 1317107209298 1 IN IP4 127.0.0.1
s=Mobicents Media Server
c=IN IP4 127.0.0.1
t=0 0
m=audio 65378 RTP/AVP 8 0 101
a=rtpmap:8 pcma/8000
a=rtpmap:0 pcmu/8000
a=rtpmap:101 telephone-event/8000
a=fmtp:101 0-15

40066 [] INFO  MediaSessionBase - getOffer: stripped local SDP: v=0
o=- 1317107209298 1 IN IP4 127.0.0.1
s=Mobicents Media Server
c=IN IP4 127.0.0.1
t=0 0
m=audio 65378 RTP/AVP 8 0 101
a=rtpmap:8 pcma/8000
a=rtpmap:0 pcmu/8000
a=fmtp:101 0-15

40106 [] INFO  MediaSessionBase - getAnswer: local SDP: v=0
o=- 1317107209345 1 IN IP4 127.0.0.1
s=Mobicents Media Server
c=IN IP4 127.0.0.1
t=0 0
m=audio 65376 RTP/AVP 8 0 101
a=rtpmap:8 pcma/8000
a=rtpmap:0 pcmu/8000
a=rtpmap:101 telephone-event/8000
a=fmtp:101 0-15

40246 [] DEBUG TestBase - getProperty(testcase.dtmf1) = file:///home/kulikov/jsr-309-tck/media/dtmf-1.wav
40246 [] INFO  MediaSessionBase - Playing "file:///home/kulikov/jsr-309-tck/media/dtmf-1.wav"
40808 [] INFO  DriverImpl - MediaSession34 MediaGroup35 Receive signal called
42309 [] DEBUG DTMFBufferingTest - Waiting for event from Detector(mscontrol://127.0.0.1:2427/MediaSession34/MediaGroup35) (9s remaining)
42328 [] DEBUG DTMFBufferingTest - Detector(mscontrol://127.0.0.1:2427/MediaSession34/MediaGroup35) received: RECEIVE_SIGNALS_COMPLETED(NUM_SIGNALS_DETECTED, signal=1)
42629 [] INFO  DriverImpl - MediaSession34 MG-SipPhoneEmulator-Marc Releasing...
42930 [] INFO  DriverImpl - MediaSession34 MediaGroup35 Releasing...
43231 [] INFO  DriverImpl - MediaSession34 ShadowNC-SipPhoneEmulator-Marc Releasing....
43532 [] INFO  DriverImpl - MediaSession34 Marc Releasing....
43835 [] INFO  Runner - End      mandatory.functional.mediagroup.signals.DTMFBufferingTest.test_2_1_12_8_BufferParticipantEarlyDTMF
43835 [] INFO  Runner - Start    mandatory.functional.mediagroup.signals.DTMFBufferingTest.test_2_1_12_9_FlushParticipantEarlyDTMF
43874 [] INFO  MediaSessionBase - getOffer: local SDP: v=0
o=- 1317107213110 1 IN IP4 127.0.0.1
s=Mobicents Media Server
c=IN IP4 127.0.0.1
t=0 0
m=audio 65374 RTP/AVP 8 0 101
a=rtpmap:8 pcma/8000
a=rtpmap:0 pcmu/8000
a=rtpmap:101 telephone-event/8000
a=fmtp:101 0-15

43875 [] INFO  MediaSessionBase - getOffer: stripped local SDP: v=0
o=- 1317107213110 1 IN IP4 127.0.0.1
s=Mobicents Media Server
c=IN IP4 127.0.0.1
t=0 0
m=audio 65374 RTP/AVP 8 0 101
a=rtpmap:8 pcma/8000
a=rtpmap:0 pcmu/8000
a=fmtp:101 0-15

43915 [] INFO  MediaSessionBase - getAnswer: local SDP: v=0
o=- 1317107213154 1 IN IP4 127.0.0.1
s=Mobicents Media Server
c=IN IP4 127.0.0.1
t=0 0
m=audio 65372 RTP/AVP 8 0 101
a=rtpmap:8 pcma/8000
a=rtpmap:0 pcmu/8000
a=rtpmap:101 telephone-event/8000
a=fmtp:101 0-15

44056 [] DEBUG TestBase - getProperty(testcase.dtmf1) = file:///home/kulikov/jsr-309-tck/media/dtmf-1.wav
44056 [] INFO  MediaSessionBase - Playing "file:///home/kulikov/jsr-309-tck/media/dtmf-1.wav"
46620 [] DEBUG DTMFBufferingTest - Waiting for event from Detector(mscontrol://127.0.0.1:2427/MediaSession37/MediaGroup38) (2s remaining)
46625 [] DEBUG DTMFBufferingTest - Detector(mscontrol://127.0.0.1:2427/MediaSession37/MediaGroup38) received: FLUSH_BUFFER_COMPLETED(null, signal=null)
DONE FLUSH BUFFER=======================>
46625 [] INFO  DriverImpl - MediaSession37 MediaGroup38 Receive signal called
48126 [] DEBUG DTMFBufferingTest - Waiting for event from Detector(mscontrol://127.0.0.1:2427/MediaSession37/MediaGroup38) (4s remaining)
49126 [] DEBUG DTMFBufferingTest - Waiting for event from Detector(mscontrol://127.0.0.1:2427/MediaSession37/MediaGroup38) (3s remaining)
50127 [] DEBUG DTMFBufferingTest - Waiting for event from Detector(mscontrol://127.0.0.1:2427/MediaSession37/MediaGroup38) (1s remaining)
51127 [] DEBUG DTMFBufferingTest - Waiting for event from Detector(mscontrol://127.0.0.1:2427/MediaSession37/MediaGroup38) (0s remaining)
52428 [] INFO  DriverImpl - MediaSession37 MG-SipPhoneEmulator-Marc Releasing...
52729 [] INFO  DriverImpl - MediaSession37 MediaGroup38 Releasing...
53030 [] INFO  DriverImpl - MediaSession37 ShadowNC-SipPhoneEmulator-Marc Releasing....
53331 [] INFO  DriverImpl - MediaSession37 Marc Releasing....
53633 [] INFO  Runner - End      mandatory.functional.mediagroup.signals.DTMFBufferingTest.test_2_1_12_9_FlushParticipantEarlyDTMF
]]></system-out>
  <system-err><![CDATA[]]></system-err>
</testsuite>
