<?xml version="1.0" encoding="UTF-8" ?>
<testsuite errors="0" failures="0" hostname="kulikov.mobicents.org" name="com.hp.opencall.jmsc.test.mandatory.functional.networkconnection.NetworkConnectionTest" tests="3" time="18.791" timestamp="2011-09-27T07:10:01">
  <properties>
    <property name="ant.project.invoked-targets" value="run" />
    <property name="java.runtime.name" value="Java(TM) SE Runtime Environment" />
    <property name="DATE_TIME" value="2011-09-27_11-01" />
    <property name="sun.boot.library.path" value="/home/kulikov/jdk1.6.0_24/jre/lib/i386" />
    <property name="java.vm.version" value="19.1-b02" />
    <property name="ant.library.dir" value="/home/kulikov/apache-ant-1.8.2//lib" />
    <property name="ant.version" value="Apache Ant(TM) version 1.8.2 compiled on December 20 2010" />
    <property name="run.report" value="/home/kulikov/jsr-309-tck/tck-reports/2011-09-27_11-01" />
    <property name="ant.java.version" value="1.6" />
    <property name="java.vm.vendor" value="Sun Microsystems Inc." />
    <property name="java.vendor.url" value="http://java.sun.com/" />
    <property name="path.separator" value=":" />
    <property name="java.vm.name" value="Java HotSpot(TM) Server VM" />
    <property name="file.encoding.pkg" value="sun.io" />
    <property name="user.country" value="US" />
    <property name="sun.java.launcher" value="SUN_STANDARD" />
    <property name="sun.os.patch.level" value="unknown" />
    <property name="java.vm.specification.name" value="Java Virtual Machine Specification" />
    <property name="user.dir" value="/home/kulikov/jsr-309-tck" />
    <property name="java.runtime.version" value="1.6.0_24-b07" />
    <property name="java.awt.graphicsenv" value="sun.awt.X11GraphicsEnvironment" />
    <property name="basedir" value="/home/kulikov/jsr-309-tck" />
    <property name="java.endorsed.dirs" value="/home/kulikov/jdk1.6.0_24/jre/lib/endorsed" />
    <property name="os.arch" value="i386" />
    <property name="ant.project.default-target" value="run" />
    <property name="java.io.tmpdir" value="/tmp" />
    <property name="ant.core.lib" value="/home/kulikov/apache-ant-1.8.2/lib/ant.jar" />
    <property name="line.separator" value="&#xa;" />
    <property name="java.vm.specification.vendor" value="Sun Microsystems Inc." />
    <property name="run.testlist" value="com/hp/opencall/jmsc/test/mandatory/**/*Test.class" />
    <property name="os.name" value="Linux" />
    <property name="DSTAMP" value="20110927" />
    <property name="ant.home" value="/home/kulikov/apache-ant-1.8.2/" />
    <property name="ant.project.name" value="TCK" />
    <property name="sun.jnu.encoding" value="UTF-8" />
    <property name="run.dir" value="/home/kulikov/jsr-309-tck/tck-run" />
    <property name="TODAY" value="September 27 2011" />
    <property name="java.library.path" value="/home/kulikov/jdk1.6.0_24/jre/lib/i386/server:/home/kulikov/jdk1.6.0_24/jre/lib/i386:/home/kulikov/jdk1.6.0_24/jre/../lib/i386:/usr/java/packages/lib/i386:/lib:/usr/lib" />
    <property name="java.specification.name" value="Java Platform API Specification" />
    <property name="java.class.version" value="50.0" />
    <property name="sun.management.compiler" value="HotSpot Tiered Compilers" />
    <property name="ant.file.type.TCK" value="file" />
    <property name="os.version" value="2.6.33.3-85.fc13.i686" />
    <property name="ant.file" value="/home/kulikov/jsr-309-tck/build.xml" />
    <property name="user.home" value="/home/kulikov" />
    <property name="user.timezone" value="" />
    <property name="java.awt.printerjob" value="sun.print.PSPrinterJob" />
    <property name="java.specification.version" value="1.6" />
    <property name="file.encoding" value="UTF-8" />
    <property name="TSTAMP" value="1101" />
    <property name="user.name" value="kulikov" />
    <property name="java.class.path" value="/home/kulikov/jsr-309-tck:/home/kulikov/jsr-309-tck/mgcp-impl-2.0.0.GA.jar:/home/kulikov/jsr-309-tck/tck.jar:/home/kulikov/jsr-309-tck/deps/jain-mgcp-ri-1.0.jar:/home/kulikov/jsr-309-tck/deps/jain-sip-ri-1.2.146.jar:/home/kulikov/jsr-309-tck/deps/junit-4.7-src.jar:/home/kulikov/jsr-309-tck/deps/junit.jar:/home/kulikov/jsr-309-tck/deps/log4j-1.2.14.jar:/home/kulikov/jsr-309-tck/deps/mgcp-impl-2.0.1.RC1-SNAPSHOT.jar:/home/kulikov/jsr-309-tck/deps/mobicents-jsr309-impl-2.0.1.CR1-SNAPSHOT.jar:/home/kulikov/jsr-309-tck/deps/mscontrol.jar:/home/kulikov/apache-ant-1.8.2/lib/junit-4.8.1.jar:/home/kulikov/apache-ant-1.8.2/lib/ant-launcher.jar:/home/kulikov/apache-ant-1.8.2/lib/ant.jar:/home/kulikov/apache-ant-1.8.2/lib/ant-junit.jar:/home/kulikov/apache-ant-1.8.2/lib/ant-junit4.jar" />
    <property name="java.vm.specification.version" value="1.0" />
    <property name="java.home" value="/home/kulikov/jdk1.6.0_24/jre" />
    <property name="sun.arch.data.model" value="32" />
    <property name="java.specification.vendor" value="Sun Microsystems Inc." />
    <property name="user.language" value="en" />
    <property name="java.vm.info" value="mixed mode" />
    <property name="java.version" value="1.6.0_24" />
    <property name="java.ext.dirs" value="/home/kulikov/jdk1.6.0_24/jre/lib/ext:/usr/java/packages/lib/ext" />
    <property name="sun.boot.class.path" value="/home/kulikov/jdk1.6.0_24/jre/lib/resources.jar:/home/kulikov/jdk1.6.0_24/jre/lib/rt.jar:/home/kulikov/jdk1.6.0_24/jre/lib/sunrsasign.jar:/home/kulikov/jdk1.6.0_24/jre/lib/jsse.jar:/home/kulikov/jdk1.6.0_24/jre/lib/jce.jar:/home/kulikov/jdk1.6.0_24/jre/lib/charsets.jar:/home/kulikov/jdk1.6.0_24/jre/lib/modules/jdk.boot.jar:/home/kulikov/jdk1.6.0_24/jre/classes" />
    <property name="java.vendor" value="Sun Microsystems Inc." />
    <property name="ant.file.TCK" value="/home/kulikov/jsr-309-tck/build.xml" />
    <property name="file.separator" value="/" />
    <property name="java.vendor.url.bug" value="http://java.sun.com/cgi-bin/bugreport.cgi" />
    <property name="sun.cpu.endian" value="little" />
    <property name="sun.io.unicode.encoding" value="UnicodeLittle" />
    <property name="ant.file.type" value="file" />
    <property name="sun.desktop" value="gnome" />
    <property name="sun.cpu.isalist" value="" />
  </properties>
  <testcase classname="com.hp.opencall.jmsc.test.mandatory.functional.networkconnection.NetworkConnectionTest" name="test_2_1_4_1_MultiNCs" time="1.536" />
  <testcase classname="com.hp.opencall.jmsc.test.mandatory.functional.networkconnection.NetworkConnectionTest" name="test_2_1_4_2_NCLoopback" time="0.696" />
  <testcase classname="com.hp.opencall.jmsc.test.mandatory.functional.networkconnection.NetworkConnectionTest" name="test_2_1_4_3_PlayRecord" time="16.544" />
  <system-out><![CDATA[11:10:01,327 INFO  [Runner] Start    mandatory.functional.networkconnection.NetworkConnectionTest.test_2_1_4_1_MultiNCs javadoc::NetworkConnection::1
11:10:01,344 INFO  [DriverImpl] Initializing MGCP on /127.0.0.1:2729
11:10:01,349 ERROR [JainMgcpStackImpl] Failed to locate properties file, using default values
11:10:01,355 INFO  [JainMgcpStackImpl] Jain Mgcp stack bound to IP /127.0.0.1 and UDP port 2729
Jain Mgcp stack bound to IP /127.0.0.1 and UDP port 2729
76   [] DEBUG TestBase - log4j configured
77   [] DEBUG TestBase - Loading file:/home/kulikov/jsr-309-tck/TCK.properties
132  [] DEBUG TestBase - getProperty(testcase.sipphoneSDP) = v=0
o=acomment 123456 654321 IN IP4 127.0.0.1
t=0 0
m=audio 1234 RTP/AVP  0 101 
c=IN IP4 127.0.0.1
a=rtpmap:0 PCMU/8000
a=rtpmap:101 telephone-event/8000/1

241  [] DEBUG TestBase - getProperty(testcase.sipphoneSDP) = v=0
o=acomment 123456 654321 IN IP4 127.0.0.1
t=0 0
m=audio 1234 RTP/AVP  0 101 
c=IN IP4 127.0.0.1
a=rtpmap:0 PCMU/8000
a=rtpmap:101 telephone-event/8000/1

290  [] INFO  DriverImpl - MediaSession1 NetworkConnection2 Releasing....
597  [] INFO  DriverImpl - MediaSession1 NetworkConnection3 Releasing....
898  [] INFO  DriverImpl - MediaSession1 NetworkConnection2 Releasing....
1201 [] INFO  DriverImpl - MediaSession1 NetworkConnection3 Releasing....
1502 [] INFO  Runner - End      mandatory.functional.networkconnection.NetworkConnectionTest.test_2_1_4_1_MultiNCs
1504 [] INFO  Runner - Start    mandatory.functional.networkconnection.NetworkConnectionTest.test_2_1_4_2_NCLoopback
1535 [] INFO  MediaSessionBase - getOffer: local SDP: v=0
o=- 1317107402844 1 IN IP4 127.0.0.1
s=Mobicents Media Server
c=IN IP4 127.0.0.1
t=0 0
m=audio 65146 RTP/AVP 8 0 101
a=rtpmap:8 pcma/8000
a=rtpmap:0 pcmu/8000
a=rtpmap:101 telephone-event/8000
a=fmtp:101 0-15

1576 [] INFO  MediaSessionBase - getAnswer: local SDP: v=0
o=- 1317107402884 1 IN IP4 127.0.0.1
s=Mobicents Media Server
c=IN IP4 127.0.0.1
t=0 0
m=audio 65144 RTP/AVP 8 0 101
a=rtpmap:8 pcma/8000
a=rtpmap:0 pcmu/8000
a=rtpmap:101 telephone-event/8000
a=fmtp:101 0-15

1597 [] INFO  DriverImpl - MediaSession4 NetworkConnection5 Releasing....
1899 [] INFO  DriverImpl - MediaSession4 NetworkConnection6 Releasing....
2200 [] INFO  Runner - End      mandatory.functional.networkconnection.NetworkConnectionTest.test_2_1_4_2_NCLoopback
2201 [] INFO  Runner - Start    mandatory.functional.networkconnection.NetworkConnectionTest.test_2_1_4_3_PlayRecord javadoc::NetworkConnection::2 javadoc::SdpPortManager::1 javadoc::SdpPortManager::2 javadoc::SdpPortManager::3
2240 [] INFO  MediaSessionBase - getOffer: local SDP: v=0
o=- 1317107403540 1 IN IP4 127.0.0.1
s=Mobicents Media Server
c=IN IP4 127.0.0.1
t=0 0
m=audio 65142 RTP/AVP 8 0 101
a=rtpmap:8 pcma/8000
a=rtpmap:0 pcmu/8000
a=rtpmap:101 telephone-event/8000
a=fmtp:101 0-15

2291 [] INFO  MediaSessionBase - getAnswer: local SDP: v=0
o=- 1317107403583 1 IN IP4 127.0.0.1
s=Mobicents Media Server
c=IN IP4 127.0.0.1
t=0 0
m=audio 65140 RTP/AVP 8 0 101
a=rtpmap:8 pcma/8000
a=rtpmap:0 pcmu/8000
a=rtpmap:101 telephone-event/8000
a=fmtp:101 0-15

2462 [] DEBUG TestBase - getProperty(testcase.promptfile) = file:///home/kulikov/jsr-309-tck/media/Numbers_1-15.wav
2462 [] DEBUG TestBase - getProperty(testcase.recordedfile) = file:///home/kulikov/jsr-309-tck/media/recorded.wav
3500 [] DEBUG NetworkConnectionTest - Waiting for event from org.mobicents.javax.media.mscontrol.mediagroup.PlayerImpl@17b0998 (19s remaining)
4500 [] DEBUG NetworkConnectionTest - Waiting for event from org.mobicents.javax.media.mscontrol.mediagroup.PlayerImpl@17b0998 (18s remaining)
5501 [] DEBUG NetworkConnectionTest - Waiting for event from org.mobicents.javax.media.mscontrol.mediagroup.PlayerImpl@17b0998 (16s remaining)
6501 [] DEBUG NetworkConnectionTest - Waiting for event from org.mobicents.javax.media.mscontrol.mediagroup.PlayerImpl@17b0998 (15s remaining)
7501 [] DEBUG NetworkConnectionTest - Waiting for event from org.mobicents.javax.media.mscontrol.mediagroup.PlayerImpl@17b0998 (14s remaining)
8501 [] DEBUG NetworkConnectionTest - Waiting for event from org.mobicents.javax.media.mscontrol.mediagroup.PlayerImpl@17b0998 (13s remaining)
9501 [] DEBUG NetworkConnectionTest - Waiting for event from org.mobicents.javax.media.mscontrol.mediagroup.PlayerImpl@17b0998 (12s remaining)
10502 [] DEBUG NetworkConnectionTest - Waiting for event from org.mobicents.javax.media.mscontrol.mediagroup.PlayerImpl@17b0998 (11s remaining)
11502 [] DEBUG NetworkConnectionTest - Waiting for event from org.mobicents.javax.media.mscontrol.mediagroup.PlayerImpl@17b0998 (10s remaining)
12502 [] DEBUG NetworkConnectionTest - Waiting for event from org.mobicents.javax.media.mscontrol.mediagroup.PlayerImpl@17b0998 (9s remaining)
13502 [] DEBUG NetworkConnectionTest - Waiting for event from org.mobicents.javax.media.mscontrol.mediagroup.PlayerImpl@17b0998 (8s remaining)
14503 [] DEBUG NetworkConnectionTest - Waiting for event from org.mobicents.javax.media.mscontrol.mediagroup.PlayerImpl@17b0998 (7s remaining)
15503 [] DEBUG NetworkConnectionTest - Waiting for event from org.mobicents.javax.media.mscontrol.mediagroup.PlayerImpl@17b0998 (6s remaining)
16503 [] DEBUG NetworkConnectionTest - Waiting for event from org.mobicents.javax.media.mscontrol.mediagroup.PlayerImpl@17b0998 (5s remaining)
17503 [] DEBUG NetworkConnectionTest - Waiting for event from org.mobicents.javax.media.mscontrol.mediagroup.PlayerImpl@17b0998 (4s remaining)
17539 [] DEBUG NetworkConnectionTest - org.mobicents.javax.media.mscontrol.mediagroup.PlayerImpl@17b0998 received: org.mobicents.javax.media.mscontrol.mediagroup.PlayerEventImpl@162e295
17541 [] INFO  DriverImpl - MediaSession7 MediaGroup10 Releasing...
17842 [] INFO  DriverImpl - MediaSession7 MediaGroup11 Releasing...
18143 [] INFO  DriverImpl - MediaSession7 NetworkConnection8 Releasing....
18436 [] INFO  NetworkConnectionTest - MG2 recorder Received: org.mobicents.javax.media.mscontrol.mediagroup.RecorderEventImpl@1035079
18444 [] INFO  DriverImpl - MediaSession7 NetworkConnection9 Releasing....
18745 [] INFO  Runner - End      mandatory.functional.networkconnection.NetworkConnectionTest.test_2_1_4_3_PlayRecord
]]></system-out>
  <system-err><![CDATA[org.mobicents.fsm.UnknownTransitionException: close
	at org.mobicents.fsm.State.signal(State.java:113)
	at org.mobicents.fsm.FSM.signal(FSM.java:151)
	at org.mobicents.javax.media.mscontrol.networkconnection.NetworkConnectionImpl.release(NetworkConnectionImpl.java:255)
	at org.mobicents.javax.media.mscontrol.MediaSessionImpl.release(MediaSessionImpl.java:247)
	at com.hp.opencall.jmsc.test.MediaSessionBase.tearDown(MediaSessionBase.java:63)
	at junit.framework.TestCase.runBare(TestCase.java:140)
	at com.hp.opencall.jmsc.test.TestBase.runBare(TestBase.java:437)
	at junit.framework.TestResult$1.protect(TestResult.java:110)
	at junit.framework.TestResult.runProtected(TestResult.java:128)
	at junit.framework.TestResult.run(TestResult.java:113)
	at junit.framework.TestCase.run(TestCase.java:124)
	at junit.framework.TestSuite.runTest(TestSuite.java:232)
	at junit.framework.TestSuite.run(TestSuite.java:227)
	at org.apache.tools.ant.taskdefs.optional.junit.JUnitTestRunner.run(JUnitTestRunner.java:518)
	at org.apache.tools.ant.taskdefs.optional.junit.JUnitTestRunner.launch(JUnitTestRunner.java:1052)
	at org.apache.tools.ant.taskdefs.optional.junit.JUnitTestRunner.main(JUnitTestRunner.java:906)
org.mobicents.fsm.UnknownTransitionException: close
	at org.mobicents.fsm.State.signal(State.java:113)
	at org.mobicents.fsm.FSM.signal(FSM.java:151)
	at org.mobicents.javax.media.mscontrol.networkconnection.NetworkConnectionImpl.release(NetworkConnectionImpl.java:255)
	at org.mobicents.javax.media.mscontrol.MediaSessionImpl.release(MediaSessionImpl.java:247)
	at com.hp.opencall.jmsc.test.MediaSessionBase.tearDown(MediaSessionBase.java:63)
	at junit.framework.TestCase.runBare(TestCase.java:140)
	at com.hp.opencall.jmsc.test.TestBase.runBare(TestBase.java:437)
	at junit.framework.TestResult$1.protect(TestResult.java:110)
	at junit.framework.TestResult.runProtected(TestResult.java:128)
	at junit.framework.TestResult.run(TestResult.java:113)
	at junit.framework.TestCase.run(TestCase.java:124)
	at junit.framework.TestSuite.runTest(TestSuite.java:232)
	at junit.framework.TestSuite.run(TestSuite.java:227)
	at org.apache.tools.ant.taskdefs.optional.junit.JUnitTestRunner.run(JUnitTestRunner.java:518)
	at org.apache.tools.ant.taskdefs.optional.junit.JUnitTestRunner.launch(JUnitTestRunner.java:1052)
	at org.apache.tools.ant.taskdefs.optional.junit.JUnitTestRunner.main(JUnitTestRunner.java:906)
]]></system-err>
</testsuite>
