<?xml version="1.0" encoding="UTF-8" ?>
<testsuite errors="0" failures="0" hostname="kulikov.mobicents.org" name="com.hp.opencall.jmsc.test.mandatory.functional.mediagroup.PlayerTest" tests="8" time="64.516" timestamp="2011-09-27T07:01:27">
  <properties>
    <property name="ant.project.invoked-targets" value="run" />
    <property name="java.runtime.name" value="Java(TM) SE Runtime Environment" />
    <property name="DATE_TIME" value="2011-09-27_11-01" />
    <property name="sun.boot.library.path" value="/home/kulikov/jdk1.6.0_24/jre/lib/i386" />
    <property name="java.vm.version" value="19.1-b02" />
    <property name="ant.library.dir" value="/home/kulikov/apache-ant-1.8.2//lib" />
    <property name="ant.version" value="Apache Ant(TM) version 1.8.2 compiled on December 20 2010" />
    <property name="run.report" value="/home/kulikov/jsr-309-tck/tck-reports/2011-09-27_11-01" />
    <property name="ant.java.version" value="1.6" />
    <property name="java.vm.vendor" value="Sun Microsystems Inc." />
    <property name="java.vendor.url" value="http://java.sun.com/" />
    <property name="path.separator" value=":" />
    <property name="java.vm.name" value="Java HotSpot(TM) Server VM" />
    <property name="file.encoding.pkg" value="sun.io" />
    <property name="user.country" value="US" />
    <property name="sun.java.launcher" value="SUN_STANDARD" />
    <property name="sun.os.patch.level" value="unknown" />
    <property name="java.vm.specification.name" value="Java Virtual Machine Specification" />
    <property name="user.dir" value="/home/kulikov/jsr-309-tck" />
    <property name="java.runtime.version" value="1.6.0_24-b07" />
    <property name="java.awt.graphicsenv" value="sun.awt.X11GraphicsEnvironment" />
    <property name="basedir" value="/home/kulikov/jsr-309-tck" />
    <property name="java.endorsed.dirs" value="/home/kulikov/jdk1.6.0_24/jre/lib/endorsed" />
    <property name="os.arch" value="i386" />
    <property name="ant.project.default-target" value="run" />
    <property name="java.io.tmpdir" value="/tmp" />
    <property name="ant.core.lib" value="/home/kulikov/apache-ant-1.8.2/lib/ant.jar" />
    <property name="line.separator" value="&#xa;" />
    <property name="java.vm.specification.vendor" value="Sun Microsystems Inc." />
    <property name="run.testlist" value="com/hp/opencall/jmsc/test/mandatory/**/*Test.class" />
    <property name="os.name" value="Linux" />
    <property name="DSTAMP" value="20110927" />
    <property name="ant.home" value="/home/kulikov/apache-ant-1.8.2/" />
    <property name="ant.project.name" value="TCK" />
    <property name="sun.jnu.encoding" value="UTF-8" />
    <property name="run.dir" value="/home/kulikov/jsr-309-tck/tck-run" />
    <property name="TODAY" value="September 27 2011" />
    <property name="java.library.path" value="/home/kulikov/jdk1.6.0_24/jre/lib/i386/server:/home/kulikov/jdk1.6.0_24/jre/lib/i386:/home/kulikov/jdk1.6.0_24/jre/../lib/i386:/usr/java/packages/lib/i386:/lib:/usr/lib" />
    <property name="java.specification.name" value="Java Platform API Specification" />
    <property name="java.class.version" value="50.0" />
    <property name="sun.management.compiler" value="HotSpot Tiered Compilers" />
    <property name="ant.file.type.TCK" value="file" />
    <property name="os.version" value="2.6.33.3-85.fc13.i686" />
    <property name="ant.file" value="/home/kulikov/jsr-309-tck/build.xml" />
    <property name="user.home" value="/home/kulikov" />
    <property name="user.timezone" value="" />
    <property name="java.awt.printerjob" value="sun.print.PSPrinterJob" />
    <property name="java.specification.version" value="1.6" />
    <property name="file.encoding" value="UTF-8" />
    <property name="TSTAMP" value="1101" />
    <property name="user.name" value="kulikov" />
    <property name="java.class.path" value="/home/kulikov/jsr-309-tck:/home/kulikov/jsr-309-tck/mgcp-impl-2.0.0.GA.jar:/home/kulikov/jsr-309-tck/tck.jar:/home/kulikov/jsr-309-tck/deps/jain-mgcp-ri-1.0.jar:/home/kulikov/jsr-309-tck/deps/jain-sip-ri-1.2.146.jar:/home/kulikov/jsr-309-tck/deps/junit-4.7-src.jar:/home/kulikov/jsr-309-tck/deps/junit.jar:/home/kulikov/jsr-309-tck/deps/log4j-1.2.14.jar:/home/kulikov/jsr-309-tck/deps/mgcp-impl-2.0.1.RC1-SNAPSHOT.jar:/home/kulikov/jsr-309-tck/deps/mobicents-jsr309-impl-2.0.1.CR1-SNAPSHOT.jar:/home/kulikov/jsr-309-tck/deps/mscontrol.jar:/home/kulikov/apache-ant-1.8.2/lib/junit-4.8.1.jar:/home/kulikov/apache-ant-1.8.2/lib/ant-launcher.jar:/home/kulikov/apache-ant-1.8.2/lib/ant.jar:/home/kulikov/apache-ant-1.8.2/lib/ant-junit.jar:/home/kulikov/apache-ant-1.8.2/lib/ant-junit4.jar" />
    <property name="java.vm.specification.version" value="1.0" />
    <property name="java.home" value="/home/kulikov/jdk1.6.0_24/jre" />
    <property name="sun.arch.data.model" value="32" />
    <property name="java.specification.vendor" value="Sun Microsystems Inc." />
    <property name="user.language" value="en" />
    <property name="java.vm.info" value="mixed mode" />
    <property name="java.version" value="1.6.0_24" />
    <property name="java.ext.dirs" value="/home/kulikov/jdk1.6.0_24/jre/lib/ext:/usr/java/packages/lib/ext" />
    <property name="sun.boot.class.path" value="/home/kulikov/jdk1.6.0_24/jre/lib/resources.jar:/home/kulikov/jdk1.6.0_24/jre/lib/rt.jar:/home/kulikov/jdk1.6.0_24/jre/lib/sunrsasign.jar:/home/kulikov/jdk1.6.0_24/jre/lib/jsse.jar:/home/kulikov/jdk1.6.0_24/jre/lib/jce.jar:/home/kulikov/jdk1.6.0_24/jre/lib/charsets.jar:/home/kulikov/jdk1.6.0_24/jre/lib/modules/jdk.boot.jar:/home/kulikov/jdk1.6.0_24/jre/classes" />
    <property name="java.vendor" value="Sun Microsystems Inc." />
    <property name="ant.file.TCK" value="/home/kulikov/jsr-309-tck/build.xml" />
    <property name="file.separator" value="/" />
    <property name="java.vendor.url.bug" value="http://java.sun.com/cgi-bin/bugreport.cgi" />
    <property name="sun.cpu.endian" value="little" />
    <property name="sun.io.unicode.encoding" value="UnicodeLittle" />
    <property name="ant.file.type" value="file" />
    <property name="sun.desktop" value="gnome" />
    <property name="sun.cpu.isalist" value="" />
  </properties>
  <testcase classname="com.hp.opencall.jmsc.test.mandatory.functional.mediagroup.PlayerTest" name="test_2_1_1_1_Play" time="4.007" />
  <testcase classname="com.hp.opencall.jmsc.test.mandatory.functional.mediagroup.PlayerTest" name="test_2_1_1_2_MaxDuration" time="3.32" />
  <testcase classname="com.hp.opencall.jmsc.test.mandatory.functional.mediagroup.PlayerTest" name="test_2_1_1_3_StartOffset" time="28.49" />
  <testcase classname="com.hp.opencall.jmsc.test.mandatory.functional.mediagroup.PlayerTest" name="test_2_1_1_4_RepeatCount" time="5.741" />
  <testcase classname="com.hp.opencall.jmsc.test.mandatory.functional.mediagroup.PlayerTest" name="test_2_1_1_5_Interval" time="5.727" />
  <testcase classname="com.hp.opencall.jmsc.test.mandatory.functional.mediagroup.PlayerTest" name="test_2_1_1_6_Stop" time="5.723" />
  <testcase classname="com.hp.opencall.jmsc.test.mandatory.functional.mediagroup.PlayerTest" name="test_2_1_1_7_PlayURIArray" time="5.743" />
  <testcase classname="com.hp.opencall.jmsc.test.mandatory.functional.mediagroup.PlayerTest" name="test_2_1_1_8_STOP_IF_BUSY" time="5.747" />
  <system-out><![CDATA[11:01:27,502 INFO  [Runner] Start    mandatory.functional.mediagroup.PlayerTest.test_2_1_1_1_Play javadoc::Joinable::1 javadoc::MediaGroup::1 javadoc::MediaGroup::6 javadoc::Player::1 javadoc::PlayerEvent::15
11:01:27,518 INFO  [DriverImpl] Initializing MGCP on /127.0.0.1:2729
11:01:27,523 ERROR [JainMgcpStackImpl] Failed to locate properties file, using default values
11:01:27,529 INFO  [JainMgcpStackImpl] Jain Mgcp stack bound to IP /127.0.0.1 and UDP port 2729
Jain Mgcp stack bound to IP /127.0.0.1 and UDP port 2729
76   [] DEBUG TestBase - log4j configured
78   [] DEBUG TestBase - Loading file:/home/kulikov/jsr-309-tck/TCK.properties
128  [] DEBUG TestBase - getProperty(testcase.sipphoneSDP) = v=0
o=acomment 123456 654321 IN IP4 127.0.0.1
t=0 0
m=audio 1234 RTP/AVP  0 101 
c=IN IP4 127.0.0.1
a=rtpmap:0 PCMU/8000
a=rtpmap:101 telephone-event/8000/1

328  [] DEBUG TestBase - getProperty(testcase.shortpromptfile) = file:///home/kulikov/jsr-309-tck/media/Numbers_1-5_3s.wav
1348 [] DEBUG PlayerTest - Waiting for event from org.mobicents.javax.media.mscontrol.mediagroup.PlayerImpl@126f827 (9s remaining)
2348 [] DEBUG PlayerTest - Waiting for event from org.mobicents.javax.media.mscontrol.mediagroup.PlayerImpl@126f827 (7s remaining)
3348 [] DEBUG PlayerTest - Waiting for event from org.mobicents.javax.media.mscontrol.mediagroup.PlayerImpl@126f827 (6s remaining)
3369 [] DEBUG PlayerTest - org.mobicents.javax.media.mscontrol.mediagroup.PlayerImpl@126f827 received: org.mobicents.javax.media.mscontrol.mediagroup.PlayerEventImpl@1f2cea2
3370 [] INFO  DriverImpl - MediaSession1 MediaGroup3 Releasing...
3671 [] INFO  DriverImpl - MediaSession1 NetworkConnection2 Releasing....
3979 [] INFO  Runner - End      mandatory.functional.mediagroup.PlayerTest.test_2_1_1_1_Play
3982 [] INFO  Runner - Start    mandatory.functional.mediagroup.PlayerTest.test_2_1_1_2_MaxDuration javadoc::Player::4 javadoc::PlayerEvent::2 javadoc::PlayerEvent::17
3984 [] DEBUG TestBase - getProperty(testcase.promptfile) = file:///home/kulikov/jsr-309-tck/media/Numbers_1-15.wav
3984 [] DEBUG TestBase - getProperty(testcase.sipphoneSDP) = v=0
o=acomment 123456 654321 IN IP4 127.0.0.1
t=0 0
m=audio 1234 RTP/AVP  0 101 
c=IN IP4 127.0.0.1
a=rtpmap:0 PCMU/8000
a=rtpmap:101 telephone-event/8000/1

5104 [] DEBUG PlayerTest - Waiting for event from org.mobicents.javax.media.mscontrol.mediagroup.PlayerImpl@12b6c89 (19s remaining)
6104 [] DEBUG PlayerTest - Waiting for event from org.mobicents.javax.media.mscontrol.mediagroup.PlayerImpl@12b6c89 (18s remaining)
6696 [] DEBUG PlayerTest - org.mobicents.javax.media.mscontrol.mediagroup.PlayerImpl@12b6c89 received: org.mobicents.javax.media.mscontrol.mediagroup.PlayerEventImpl@7c3885
6698 [] INFO  PlayerTest - Measured play duration is acceptable: expected: 2600ms - actual: 2612ms
6698 [] INFO  PlayerTest - Reported play duration is acceptable: expected: 2600ms - actual: 2493ms
6698 [] INFO  DriverImpl - MediaSession4 MediaGroup6 Releasing...
6999 [] INFO  DriverImpl - MediaSession4 NetworkConnection5 Releasing....
7301 [] INFO  Runner - End      mandatory.functional.mediagroup.PlayerTest.test_2_1_1_2_MaxDuration
7302 [] INFO  Runner - Start    mandatory.functional.mediagroup.PlayerTest.test_2_1_1_3_StartOffset javadoc::Player::5
7303 [] DEBUG TestBase - getProperty(testcase.promptfile) = file:///home/kulikov/jsr-309-tck/media/Numbers_1-15.wav
7304 [] DEBUG TestBase - getProperty(testcase.sipphoneSDP) = v=0
o=acomment 123456 654321 IN IP4 127.0.0.1
t=0 0
m=audio 1234 RTP/AVP  0 101 
c=IN IP4 127.0.0.1
a=rtpmap:0 PCMU/8000
a=rtpmap:101 telephone-event/8000/1

8418 [] DEBUG PlayerTest - Waiting for event from org.mobicents.javax.media.mscontrol.mediagroup.PlayerImpl@50a649 (19s remaining)
9418 [] DEBUG PlayerTest - Waiting for event from org.mobicents.javax.media.mscontrol.mediagroup.PlayerImpl@50a649 (18s remaining)
10419 [] DEBUG PlayerTest - Waiting for event from org.mobicents.javax.media.mscontrol.mediagroup.PlayerImpl@50a649 (17s remaining)
11419 [] DEBUG PlayerTest - Waiting for event from org.mobicents.javax.media.mscontrol.mediagroup.PlayerImpl@50a649 (15s remaining)
12419 [] DEBUG PlayerTest - Waiting for event from org.mobicents.javax.media.mscontrol.mediagroup.PlayerImpl@50a649 (14s remaining)
13419 [] DEBUG PlayerTest - Waiting for event from org.mobicents.javax.media.mscontrol.mediagroup.PlayerImpl@50a649 (13s remaining)
14420 [] DEBUG PlayerTest - Waiting for event from org.mobicents.javax.media.mscontrol.mediagroup.PlayerImpl@50a649 (12s remaining)
15420 [] DEBUG PlayerTest - Waiting for event from org.mobicents.javax.media.mscontrol.mediagroup.PlayerImpl@50a649 (11s remaining)
16420 [] DEBUG PlayerTest - Waiting for event from org.mobicents.javax.media.mscontrol.mediagroup.PlayerImpl@50a649 (10s remaining)
17420 [] DEBUG PlayerTest - Waiting for event from org.mobicents.javax.media.mscontrol.mediagroup.PlayerImpl@50a649 (9s remaining)
18421 [] DEBUG PlayerTest - Waiting for event from org.mobicents.javax.media.mscontrol.mediagroup.PlayerImpl@50a649 (8s remaining)
19421 [] DEBUG PlayerTest - Waiting for event from org.mobicents.javax.media.mscontrol.mediagroup.PlayerImpl@50a649 (7s remaining)
20421 [] DEBUG PlayerTest - Waiting for event from org.mobicents.javax.media.mscontrol.mediagroup.PlayerImpl@50a649 (6s remaining)
21421 [] DEBUG PlayerTest - Waiting for event from org.mobicents.javax.media.mscontrol.mediagroup.PlayerImpl@50a649 (5s remaining)
22422 [] DEBUG PlayerTest - Waiting for event from org.mobicents.javax.media.mscontrol.mediagroup.PlayerImpl@50a649 (4s remaining)
22444 [] DEBUG PlayerTest - org.mobicents.javax.media.mscontrol.mediagroup.PlayerImpl@50a649 received: org.mobicents.javax.media.mscontrol.mediagroup.PlayerEventImpl@15ed659
22445 [] DEBUG TestBase - getProperty(testcase.sipphoneSDP) = v=0
o=acomment 123456 654321 IN IP4 127.0.0.1
t=0 0
m=audio 1234 RTP/AVP  0 101 
c=IN IP4 127.0.0.1
a=rtpmap:0 PCMU/8000
a=rtpmap:101 telephone-event/8000/1

23564 [] DEBUG PlayerTest - Waiting for event from org.mobicents.javax.media.mscontrol.mediagroup.PlayerImpl@19ec4ed (19s remaining)
24564 [] DEBUG PlayerTest - Waiting for event from org.mobicents.javax.media.mscontrol.mediagroup.PlayerImpl@19ec4ed (18s remaining)
25564 [] DEBUG PlayerTest - Waiting for event from org.mobicents.javax.media.mscontrol.mediagroup.PlayerImpl@19ec4ed (17s remaining)
26565 [] DEBUG PlayerTest - Waiting for event from org.mobicents.javax.media.mscontrol.mediagroup.PlayerImpl@19ec4ed (15s remaining)
27565 [] DEBUG PlayerTest - Waiting for event from org.mobicents.javax.media.mscontrol.mediagroup.PlayerImpl@19ec4ed (14s remaining)
28565 [] DEBUG PlayerTest - Waiting for event from org.mobicents.javax.media.mscontrol.mediagroup.PlayerImpl@19ec4ed (13s remaining)
29565 [] DEBUG PlayerTest - Waiting for event from org.mobicents.javax.media.mscontrol.mediagroup.PlayerImpl@19ec4ed (12s remaining)
30566 [] DEBUG PlayerTest - Waiting for event from org.mobicents.javax.media.mscontrol.mediagroup.PlayerImpl@19ec4ed (11s remaining)
31566 [] DEBUG PlayerTest - Waiting for event from org.mobicents.javax.media.mscontrol.mediagroup.PlayerImpl@19ec4ed (10s remaining)
32566 [] DEBUG PlayerTest - Waiting for event from org.mobicents.javax.media.mscontrol.mediagroup.PlayerImpl@19ec4ed (9s remaining)
33566 [] DEBUG PlayerTest - Waiting for event from org.mobicents.javax.media.mscontrol.mediagroup.PlayerImpl@19ec4ed (8s remaining)
34567 [] DEBUG PlayerTest - Waiting for event from org.mobicents.javax.media.mscontrol.mediagroup.PlayerImpl@19ec4ed (7s remaining)
34584 [] DEBUG PlayerTest - org.mobicents.javax.media.mscontrol.mediagroup.PlayerImpl@19ec4ed received: org.mobicents.javax.media.mscontrol.mediagroup.PlayerEventImpl@1e1be92
34587 [] INFO  PlayerTest - Measured play duration is acceptable: expected: 12045ms - actual: 12042ms
34587 [] INFO  DriverImpl - MediaSession7 MediaGroup9 Releasing...
34888 [] INFO  DriverImpl - MediaSession7 MediaGroup11 Releasing...
35188 [] INFO  DriverImpl - MediaSession7 NetworkConnection8 Releasing....
35490 [] INFO  DriverImpl - MediaSession7 NetworkConnection10 Releasing....
35792 [] INFO  Runner - End      mandatory.functional.mediagroup.PlayerTest.test_2_1_1_3_StartOffset
35793 [] INFO  Runner - Start    mandatory.functional.mediagroup.PlayerTest.test_2_1_1_4_RepeatCount javadoc::Player::20
35794 [] DEBUG TestBase - getProperty(testcase.onesecondfile) = file:///home/kulikov/jsr-309-tck/media/cagocago-onesecond.wav
35795 [] DEBUG TestBase - getProperty(testcase.sipphoneSDP) = v=0
o=acomment 123456 654321 IN IP4 127.0.0.1
t=0 0
m=audio 1234 RTP/AVP  0 101 
c=IN IP4 127.0.0.1
a=rtpmap:0 PCMU/8000
a=rtpmap:101 telephone-event/8000/1

36910 [] DEBUG PlayerTest - Waiting for event from org.mobicents.javax.media.mscontrol.mediagroup.PlayerImpl@c3c315 (19s remaining)
37911 [] DEBUG PlayerTest - Waiting for event from org.mobicents.javax.media.mscontrol.mediagroup.PlayerImpl@c3c315 (17s remaining)
38911 [] DEBUG PlayerTest - Waiting for event from org.mobicents.javax.media.mscontrol.mediagroup.PlayerImpl@c3c315 (16s remaining)
39911 [] DEBUG PlayerTest - Waiting for event from org.mobicents.javax.media.mscontrol.mediagroup.PlayerImpl@c3c315 (15s remaining)
40911 [] DEBUG PlayerTest - Waiting for event from org.mobicents.javax.media.mscontrol.mediagroup.PlayerImpl@c3c315 (14s remaining)
40929 [] DEBUG PlayerTest - org.mobicents.javax.media.mscontrol.mediagroup.PlayerImpl@c3c315 received: org.mobicents.javax.media.mscontrol.mediagroup.PlayerEventImpl@1328c7a
40929 [] INFO  PlayerTest - Measured play duration is acceptable: expected: 5000ms - actual: 5039ms
40930 [] INFO  DriverImpl - MediaSession12 MediaGroup14 Releasing...
41230 [] INFO  DriverImpl - MediaSession12 NetworkConnection13 Releasing....
41532 [] INFO  Runner - End      mandatory.functional.mediagroup.PlayerTest.test_2_1_1_4_RepeatCount
41535 [] INFO  Runner - Start    mandatory.functional.mediagroup.PlayerTest.test_2_1_1_5_Interval javadoc::Player::21
41536 [] DEBUG TestBase - getProperty(testcase.onesecondfile) = file:///home/kulikov/jsr-309-tck/media/cagocago-onesecond.wav
41536 [] DEBUG TestBase - getProperty(testcase.sipphoneSDP) = v=0
o=acomment 123456 654321 IN IP4 127.0.0.1
t=0 0
m=audio 1234 RTP/AVP  0 101 
c=IN IP4 127.0.0.1
a=rtpmap:0 PCMU/8000
a=rtpmap:101 telephone-event/8000/1

42654 [] DEBUG PlayerTest - Waiting for event from org.mobicents.javax.media.mscontrol.mediagroup.PlayerImpl@1eb0 (19s remaining)
43654 [] DEBUG PlayerTest - Waiting for event from org.mobicents.javax.media.mscontrol.mediagroup.PlayerImpl@1eb0 (18s remaining)
44655 [] DEBUG PlayerTest - Waiting for event from org.mobicents.javax.media.mscontrol.mediagroup.PlayerImpl@1eb0 (16s remaining)
45655 [] DEBUG PlayerTest - Waiting for event from org.mobicents.javax.media.mscontrol.mediagroup.PlayerImpl@1eb0 (15s remaining)
46656 [] DEBUG PlayerTest - Waiting for event from org.mobicents.javax.media.mscontrol.mediagroup.PlayerImpl@1eb0 (14s remaining)
46659 [] DEBUG PlayerTest - org.mobicents.javax.media.mscontrol.mediagroup.PlayerImpl@1eb0 received: org.mobicents.javax.media.mscontrol.mediagroup.PlayerEventImpl@4ac216
46659 [] INFO  PlayerTest - Measured play duration is acceptable: expected: 5000ms - actual: 5024ms
46660 [] INFO  DriverImpl - MediaSession15 MediaGroup17 Releasing...
46960 [] INFO  DriverImpl - MediaSession15 NetworkConnection16 Releasing....
47262 [] INFO  Runner - End      mandatory.functional.mediagroup.PlayerTest.test_2_1_1_5_Interval
47263 [] INFO  Runner - Start    mandatory.functional.mediagroup.PlayerTest.test_2_1_1_6_Stop javadoc::Player::61 javadoc::PlayerEvent::18
47265 [] DEBUG TestBase - getProperty(testcase.sipphoneSDP) = v=0
o=acomment 123456 654321 IN IP4 127.0.0.1
t=0 0
m=audio 1234 RTP/AVP  0 101 
c=IN IP4 127.0.0.1
a=rtpmap:0 PCMU/8000
a=rtpmap:101 telephone-event/8000/1

47361 [] DEBUG TestBase - getProperty(testcase.promptfile) = file:///home/kulikov/jsr-309-tck/media/Numbers_1-15.wav
48381 [] DEBUG PlayerTest - Waiting for event from org.mobicents.javax.media.mscontrol.mediagroup.PlayerImpl@1d88db7 (4s remaining)
49381 [] DEBUG PlayerTest - Waiting for event from org.mobicents.javax.media.mscontrol.mediagroup.PlayerImpl@1d88db7 (3s remaining)
50381 [] DEBUG PlayerTest - Waiting for event from org.mobicents.javax.media.mscontrol.mediagroup.PlayerImpl@1d88db7 (2s remaining)
51381 [] DEBUG PlayerTest - Waiting for event from org.mobicents.javax.media.mscontrol.mediagroup.PlayerImpl@1d88db7 (1s remaining)
52383 [] DEBUG PlayerTest - org.mobicents.javax.media.mscontrol.mediagroup.PlayerImpl@1d88db7 received: org.mobicents.javax.media.mscontrol.mediagroup.PlayerEventImpl@c3e9e9
52383 [] INFO  DriverImpl - MediaSession18 MediaGroup20 Releasing...
52684 [] INFO  DriverImpl - MediaSession18 NetworkConnection19 Releasing....
52986 [] INFO  Runner - End      mandatory.functional.mediagroup.PlayerTest.test_2_1_1_6_Stop
52987 [] INFO  Runner - Start    mandatory.functional.mediagroup.PlayerTest.test_2_1_1_7_PlayURIArray javadoc::Player::2 javadoc::PlayerEvent::16
52988 [] DEBUG TestBase - getProperty(testcase.onesecondfile) = file:///home/kulikov/jsr-309-tck/media/cagocago-onesecond.wav
52989 [] DEBUG TestBase - getProperty(testcase.sipphoneSDP) = v=0
o=acomment 123456 654321 IN IP4 127.0.0.1
t=0 0
m=audio 1234 RTP/AVP  0 101 
c=IN IP4 127.0.0.1
a=rtpmap:0 PCMU/8000
a=rtpmap:101 telephone-event/8000/1

54099 [] DEBUG PlayerTest - Waiting for event from org.mobicents.javax.media.mscontrol.mediagroup.PlayerImpl@3caa4b (9s remaining)
55100 [] DEBUG PlayerTest - Waiting for event from org.mobicents.javax.media.mscontrol.mediagroup.PlayerImpl@3caa4b (7s remaining)
56100 [] DEBUG PlayerTest - Waiting for event from org.mobicents.javax.media.mscontrol.mediagroup.PlayerImpl@3caa4b (6s remaining)
57100 [] DEBUG PlayerTest - Waiting for event from org.mobicents.javax.media.mscontrol.mediagroup.PlayerImpl@3caa4b (5s remaining)
58101 [] DEBUG PlayerTest - Waiting for event from org.mobicents.javax.media.mscontrol.mediagroup.PlayerImpl@3caa4b (4s remaining)
58125 [] DEBUG PlayerTest - org.mobicents.javax.media.mscontrol.mediagroup.PlayerImpl@3caa4b received: org.mobicents.javax.media.mscontrol.mediagroup.PlayerEventImpl@6b496d
58126 [] INFO  PlayerTest - Measured play duration is acceptable: expected: 5000ms - actual: 5047ms
58127 [] INFO  DriverImpl - MediaSession21 MediaGroup23 Releasing...
58427 [] INFO  DriverImpl - MediaSession21 NetworkConnection22 Releasing....
58729 [] INFO  Runner - End      mandatory.functional.mediagroup.PlayerTest.test_2_1_1_7_PlayURIArray
58731 [] INFO  Runner - Start    mandatory.functional.mediagroup.PlayerTest.test_2_1_1_8_STOP_IF_BUSY javadoc::Player::3
58732 [] DEBUG TestBase - getProperty(testcase.sipphoneSDP) = v=0
o=acomment 123456 654321 IN IP4 127.0.0.1
t=0 0
m=audio 1234 RTP/AVP  0 101 
c=IN IP4 127.0.0.1
a=rtpmap:0 PCMU/8000
a=rtpmap:101 telephone-event/8000/1

58830 [] DEBUG TestBase - getProperty(testcase.promptfile) = file:///home/kulikov/jsr-309-tck/media/Numbers_1-15.wav
62847 [] DEBUG TestBase - getProperty(testcase.onesecondfile) = file:///home/kulikov/jsr-309-tck/media/cagocago-onesecond.wav
62849 [] DEBUG PlayerTest - Received: org.mobicents.javax.media.mscontrol.mediagroup.PlayerEventImpl@16917ee
62849 [] DEBUG PlayerTest - Media Event fired for Play number 1
63873 [] DEBUG PlayerTest - Received: org.mobicents.javax.media.mscontrol.mediagroup.PlayerEventImpl@1884a40
63873 [] DEBUG PlayerTest - Media Event fired for Play number 2
63873 [] INFO  PlayerTest - Measured play duration is acceptable: expected: 5000ms - actual: 5043ms
63874 [] INFO  DriverImpl - MediaSession24 MediaGroup26 Releasing...
64174 [] INFO  DriverImpl - MediaSession24 NetworkConnection25 Releasing....
64476 [] INFO  Runner - End      mandatory.functional.mediagroup.PlayerTest.test_2_1_1_8_STOP_IF_BUSY
]]></system-out>
  <system-err><![CDATA[]]></system-err>
</testsuite>
