<?xml version="1.0" encoding="UTF-8" ?>
<testsuite errors="0" failures="0" hostname="kulikov.mobicents.org" name="com.hp.opencall.jmsc.test.mandatory.functional.SupportedFeaturesTest" tests="6" time="0.161" timestamp="2011-09-27T07:01:14">
  <properties>
    <property name="ant.project.invoked-targets" value="run" />
    <property name="java.runtime.name" value="Java(TM) SE Runtime Environment" />
    <property name="DATE_TIME" value="2011-09-27_11-01" />
    <property name="sun.boot.library.path" value="/home/kulikov/jdk1.6.0_24/jre/lib/i386" />
    <property name="java.vm.version" value="19.1-b02" />
    <property name="ant.library.dir" value="/home/kulikov/apache-ant-1.8.2//lib" />
    <property name="ant.version" value="Apache Ant(TM) version 1.8.2 compiled on December 20 2010" />
    <property name="run.report" value="/home/kulikov/jsr-309-tck/tck-reports/2011-09-27_11-01" />
    <property name="ant.java.version" value="1.6" />
    <property name="java.vm.vendor" value="Sun Microsystems Inc." />
    <property name="java.vendor.url" value="http://java.sun.com/" />
    <property name="path.separator" value=":" />
    <property name="java.vm.name" value="Java HotSpot(TM) Server VM" />
    <property name="file.encoding.pkg" value="sun.io" />
    <property name="user.country" value="US" />
    <property name="sun.java.launcher" value="SUN_STANDARD" />
    <property name="sun.os.patch.level" value="unknown" />
    <property name="java.vm.specification.name" value="Java Virtual Machine Specification" />
    <property name="user.dir" value="/home/kulikov/jsr-309-tck" />
    <property name="java.runtime.version" value="1.6.0_24-b07" />
    <property name="java.awt.graphicsenv" value="sun.awt.X11GraphicsEnvironment" />
    <property name="basedir" value="/home/kulikov/jsr-309-tck" />
    <property name="java.endorsed.dirs" value="/home/kulikov/jdk1.6.0_24/jre/lib/endorsed" />
    <property name="os.arch" value="i386" />
    <property name="ant.project.default-target" value="run" />
    <property name="java.io.tmpdir" value="/tmp" />
    <property name="ant.core.lib" value="/home/kulikov/apache-ant-1.8.2/lib/ant.jar" />
    <property name="line.separator" value="&#xa;" />
    <property name="java.vm.specification.vendor" value="Sun Microsystems Inc." />
    <property name="run.testlist" value="com/hp/opencall/jmsc/test/mandatory/**/*Test.class" />
    <property name="os.name" value="Linux" />
    <property name="DSTAMP" value="20110927" />
    <property name="ant.home" value="/home/kulikov/apache-ant-1.8.2/" />
    <property name="ant.project.name" value="TCK" />
    <property name="sun.jnu.encoding" value="UTF-8" />
    <property name="run.dir" value="/home/kulikov/jsr-309-tck/tck-run" />
    <property name="TODAY" value="September 27 2011" />
    <property name="java.library.path" value="/home/kulikov/jdk1.6.0_24/jre/lib/i386/server:/home/kulikov/jdk1.6.0_24/jre/lib/i386:/home/kulikov/jdk1.6.0_24/jre/../lib/i386:/usr/java/packages/lib/i386:/lib:/usr/lib" />
    <property name="java.specification.name" value="Java Platform API Specification" />
    <property name="java.class.version" value="50.0" />
    <property name="sun.management.compiler" value="HotSpot Tiered Compilers" />
    <property name="ant.file.type.TCK" value="file" />
    <property name="os.version" value="2.6.33.3-85.fc13.i686" />
    <property name="ant.file" value="/home/kulikov/jsr-309-tck/build.xml" />
    <property name="user.home" value="/home/kulikov" />
    <property name="user.timezone" value="" />
    <property name="java.awt.printerjob" value="sun.print.PSPrinterJob" />
    <property name="java.specification.version" value="1.6" />
    <property name="file.encoding" value="UTF-8" />
    <property name="TSTAMP" value="1101" />
    <property name="user.name" value="kulikov" />
    <property name="java.class.path" value="/home/kulikov/jsr-309-tck:/home/kulikov/jsr-309-tck/mgcp-impl-2.0.0.GA.jar:/home/kulikov/jsr-309-tck/tck.jar:/home/kulikov/jsr-309-tck/deps/jain-mgcp-ri-1.0.jar:/home/kulikov/jsr-309-tck/deps/jain-sip-ri-1.2.146.jar:/home/kulikov/jsr-309-tck/deps/junit-4.7-src.jar:/home/kulikov/jsr-309-tck/deps/junit.jar:/home/kulikov/jsr-309-tck/deps/log4j-1.2.14.jar:/home/kulikov/jsr-309-tck/deps/mgcp-impl-2.0.1.RC1-SNAPSHOT.jar:/home/kulikov/jsr-309-tck/deps/mobicents-jsr309-impl-2.0.1.CR1-SNAPSHOT.jar:/home/kulikov/jsr-309-tck/deps/mscontrol.jar:/home/kulikov/apache-ant-1.8.2/lib/junit-4.8.1.jar:/home/kulikov/apache-ant-1.8.2/lib/ant-launcher.jar:/home/kulikov/apache-ant-1.8.2/lib/ant.jar:/home/kulikov/apache-ant-1.8.2/lib/ant-junit.jar:/home/kulikov/apache-ant-1.8.2/lib/ant-junit4.jar" />
    <property name="java.vm.specification.version" value="1.0" />
    <property name="java.home" value="/home/kulikov/jdk1.6.0_24/jre" />
    <property name="sun.arch.data.model" value="32" />
    <property name="java.specification.vendor" value="Sun Microsystems Inc." />
    <property name="user.language" value="en" />
    <property name="java.vm.info" value="mixed mode" />
    <property name="java.version" value="1.6.0_24" />
    <property name="java.ext.dirs" value="/home/kulikov/jdk1.6.0_24/jre/lib/ext:/usr/java/packages/lib/ext" />
    <property name="sun.boot.class.path" value="/home/kulikov/jdk1.6.0_24/jre/lib/resources.jar:/home/kulikov/jdk1.6.0_24/jre/lib/rt.jar:/home/kulikov/jdk1.6.0_24/jre/lib/sunrsasign.jar:/home/kulikov/jdk1.6.0_24/jre/lib/jsse.jar:/home/kulikov/jdk1.6.0_24/jre/lib/jce.jar:/home/kulikov/jdk1.6.0_24/jre/lib/charsets.jar:/home/kulikov/jdk1.6.0_24/jre/lib/modules/jdk.boot.jar:/home/kulikov/jdk1.6.0_24/jre/classes" />
    <property name="java.vendor" value="Sun Microsystems Inc." />
    <property name="ant.file.TCK" value="/home/kulikov/jsr-309-tck/build.xml" />
    <property name="file.separator" value="/" />
    <property name="java.vendor.url.bug" value="http://java.sun.com/cgi-bin/bugreport.cgi" />
    <property name="sun.cpu.endian" value="little" />
    <property name="sun.io.unicode.encoding" value="UnicodeLittle" />
    <property name="ant.file.type" value="file" />
    <property name="sun.desktop" value="gnome" />
    <property name="sun.cpu.isalist" value="" />
  </properties>
  <testcase classname="com.hp.opencall.jmsc.test.mandatory.functional.SupportedFeaturesTest" name="test_2_1_7_1_PLAYERParams" time="0.134" />
  <testcase classname="com.hp.opencall.jmsc.test.mandatory.functional.SupportedFeaturesTest" name="test_2_1_7_2_PLAYEREvents" time="0.0020" />
  <testcase classname="com.hp.opencall.jmsc.test.mandatory.functional.SupportedFeaturesTest" name="test_2_1_7_3_PLAYERIrrelevant" time="0.0020" />
  <testcase classname="com.hp.opencall.jmsc.test.mandatory.functional.SupportedFeaturesTest" name="test_2_1_7_4_SIGNALDETECTOR" time="0.0040" />
  <testcase classname="com.hp.opencall.jmsc.test.mandatory.functional.SupportedFeaturesTest" name="test_2_1_7_5_PLAYER_SIGNALDETECTOR" time="0.0020" />
  <testcase classname="com.hp.opencall.jmsc.test.mandatory.functional.SupportedFeaturesTest" name="test_2_1_7_2_PLAYER_RECORDER_SIGNALDETECTOR" time="0.0010" />
  <system-out><![CDATA[11:01:14,926 INFO  [Runner] Start    mandatory.functional.SupportedFeaturesTest.test_2_1_7_1_PLAYERParams javadoc::MediaConfig::2 javadoc::SupportedFeatures::1
11:01:14,944 INFO  [DriverImpl] Initializing MGCP on /127.0.0.1:2729
11:01:14,951 ERROR [JainMgcpStackImpl] Failed to locate properties file, using default values
11:01:14,958 INFO  [JainMgcpStackImpl] Jain Mgcp stack bound to IP /127.0.0.1 and UDP port 2729
Jain Mgcp stack bound to IP /127.0.0.1 and UDP port 2729
79   [] DEBUG TestBase - log4j configured
80   [] DEBUG TestBase - Loading file:/home/kulikov/jsr-309-tck/TCK.properties
112  [] INFO  SupportedFeaturesTest - In PLAYER, PLAYER_MAX_DURATION is supported
112  [] INFO  SupportedFeaturesTest - In PLAYER, INTERVAL is supported
112  [] INFO  SupportedFeaturesTest - In PLAYER, REPEAT_COUNT is supported
113  [] INFO  SupportedFeaturesTest - In PLAYER, PLAYER_START_OFFSET is supported
113  [] INFO  Runner - End      mandatory.functional.SupportedFeaturesTest.test_2_1_7_1_PLAYERParams
114  [] INFO  Runner - Start    mandatory.functional.SupportedFeaturesTest.test_2_1_7_2_PLAYEREvents javadoc::SupportedFeatures::2
115  [] INFO  SupportedFeaturesTest - In PLAYER, PLAY_COMPLETED is supported
115  [] INFO  SupportedFeaturesTest - In PLAYER, END_OF_PLAY_LIST is supported
116  [] INFO  Runner - End      mandatory.functional.SupportedFeaturesTest.test_2_1_7_2_PLAYEREvents
118  [] INFO  Runner - Start    mandatory.functional.SupportedFeaturesTest.test_2_1_7_3_PLAYERIrrelevant javadoc::SupportedFeatures::3
118  [] INFO  SupportedFeaturesTest - In PLAYER, RECORDER_MAX_DURATION is not supported
118  [] INFO  SupportedFeaturesTest - In PLAYER, SD_INITIAL_TIMEOUT is not supported
118  [] INFO  Runner - End      mandatory.functional.SupportedFeaturesTest.test_2_1_7_3_PLAYERIrrelevant
119  [] INFO  Runner - Start    mandatory.functional.SupportedFeaturesTest.test_2_1_7_4_SIGNALDETECTOR javadoc::SupportedFeatures::4
119  [] INFO  SupportedFeaturesTest - In SIGNALDETECTOR, SD_DURATION is supported
119  [] INFO  SupportedFeaturesTest - In SIGNALDETECTOR, SD_INITIAL_TIMEOUT is supported
120  [] INFO  SupportedFeaturesTest - In SIGNALDETECTOR, SD_INTER_SIG_TIMEOUT is supported
120  [] INFO  SupportedFeaturesTest - In SIGNALDETECTOR, SD_PATTERN_0 is supported
120  [] INFO  SupportedFeaturesTest - In SIGNALDETECTOR, SD_PATTERN_15 is supported
120  [] INFO  SupportedFeaturesTest - In SIGNALDETECTOR, SD_PATTERN_31 is supported
120  [] INFO  SupportedFeaturesTest - In SIGNALDETECTOR, PLAYER_MAX_DURATION is not supported
120  [] INFO  SupportedFeaturesTest - In SIGNALDETECTOR, PLAY_COMPLETED is not supported
120  [] INFO  SupportedFeaturesTest - In SIGNALDETECTOR, RECORDER_MAX_DURATION is not supported
120  [] INFO  Runner - End      mandatory.functional.SupportedFeaturesTest.test_2_1_7_4_SIGNALDETECTOR
123  [] INFO  Runner - Start    mandatory.functional.SupportedFeaturesTest.test_2_1_7_5_PLAYER_SIGNALDETECTOR javadoc::SupportedFeatures::5
124  [] INFO  SupportedFeaturesTest - In PLAYER_SIGNALDETECTOR, PLAYER_MAX_DURATION is supported
124  [] INFO  SupportedFeaturesTest - In PLAYER_SIGNALDETECTOR, INTERVAL is supported
124  [] INFO  SupportedFeaturesTest - In PLAYER_SIGNALDETECTOR, REPEAT_COUNT is supported
124  [] INFO  SupportedFeaturesTest - In PLAYER_SIGNALDETECTOR, PLAYER_START_OFFSET is supported
124  [] INFO  SupportedFeaturesTest - In PLAYER_SIGNALDETECTOR, PLAY_COMPLETED is supported
124  [] INFO  SupportedFeaturesTest - In PLAYER_SIGNALDETECTOR, END_OF_PLAY_LIST is supported
124  [] INFO  SupportedFeaturesTest - In PLAYER_SIGNALDETECTOR, SD_DURATION is supported
124  [] INFO  SupportedFeaturesTest - In PLAYER_SIGNALDETECTOR, SD_INITIAL_TIMEOUT is supported
124  [] INFO  SupportedFeaturesTest - In PLAYER_SIGNALDETECTOR, SD_INTER_SIG_TIMEOUT is supported
124  [] INFO  SupportedFeaturesTest - In PLAYER_SIGNALDETECTOR, SD_PATTERN_0 is supported
124  [] INFO  SupportedFeaturesTest - In PLAYER_SIGNALDETECTOR, SD_PATTERN_15 is supported
124  [] INFO  SupportedFeaturesTest - In PLAYER_SIGNALDETECTOR, SD_PATTERN_31 is supported
124  [] INFO  SupportedFeaturesTest - In PLAYER_SIGNALDETECTOR, RECORDER_MAX_DURATION is not supported
124  [] INFO  SupportedFeaturesTest - In PLAYER_SIGNALDETECTOR, RECORDER_AUDIO_CODEC is not supported
124  [] INFO  SupportedFeaturesTest - In PLAYER_SIGNALDETECTOR, SIGNAL_TRUNCATION_ON is not supported
124  [] INFO  SupportedFeaturesTest - In PLAYER_SIGNALDETECTOR, START_BEEP is not supported
124  [] INFO  Runner - End      mandatory.functional.SupportedFeaturesTest.test_2_1_7_5_PLAYER_SIGNALDETECTOR
125  [] INFO  Runner - Start    mandatory.functional.SupportedFeaturesTest.test_2_1_7_2_PLAYER_RECORDER_SIGNALDETECTOR javadoc::SupportedFeatures::6
125  [] INFO  SupportedFeaturesTest - In PLAYER_RECORDER_SIGNALDETECTOR, PLAYER_MAX_DURATION is supported
126  [] INFO  SupportedFeaturesTest - In PLAYER_RECORDER_SIGNALDETECTOR, INTERVAL is supported
126  [] INFO  SupportedFeaturesTest - In PLAYER_RECORDER_SIGNALDETECTOR, REPEAT_COUNT is supported
126  [] INFO  SupportedFeaturesTest - In PLAYER_RECORDER_SIGNALDETECTOR, PLAYER_START_OFFSET is supported
126  [] INFO  SupportedFeaturesTest - In PLAYER_RECORDER_SIGNALDETECTOR, PLAY_COMPLETED is supported
126  [] INFO  SupportedFeaturesTest - In PLAYER_RECORDER_SIGNALDETECTOR, END_OF_PLAY_LIST is supported
126  [] INFO  SupportedFeaturesTest - In PLAYER_RECORDER_SIGNALDETECTOR, RECORDER_MAX_DURATION is supported
126  [] INFO  SupportedFeaturesTest - In PLAYER_RECORDER_SIGNALDETECTOR, START_BEEP is supported
126  [] INFO  SupportedFeaturesTest - In PLAYER_RECORDER_SIGNALDETECTOR, SD_DURATION is supported
126  [] INFO  SupportedFeaturesTest - In PLAYER_RECORDER_SIGNALDETECTOR, SD_INITIAL_TIMEOUT is supported
126  [] INFO  SupportedFeaturesTest - In PLAYER_RECORDER_SIGNALDETECTOR, SD_INTER_SIG_TIMEOUT is supported
126  [] INFO  SupportedFeaturesTest - In PLAYER_RECORDER_SIGNALDETECTOR, SD_PATTERN_0 is supported
126  [] INFO  SupportedFeaturesTest - In PLAYER_RECORDER_SIGNALDETECTOR, SD_PATTERN_15 is supported
126  [] INFO  SupportedFeaturesTest - In PLAYER_RECORDER_SIGNALDETECTOR, SD_PATTERN_31 is supported
126  [] INFO  Runner - End      mandatory.functional.SupportedFeaturesTest.test_2_1_7_2_PLAYER_RECORDER_SIGNALDETECTOR
]]></system-out>
  <system-err><![CDATA[]]></system-err>
</testsuite>
