<?xml version="1.0" encoding="UTF-8" ?>
<testsuite errors="0" failures="0" hostname="kulikov.mobicents.org" name="com.hp.opencall.jmsc.test.mandatory.functional.networkconnection.CodecPolicyTest" tests="21" time="10.77" timestamp="2011-09-27T07:09:49">
  <properties>
    <property name="ant.project.invoked-targets" value="run" />
    <property name="java.runtime.name" value="Java(TM) SE Runtime Environment" />
    <property name="DATE_TIME" value="2011-09-27_11-01" />
    <property name="sun.boot.library.path" value="/home/kulikov/jdk1.6.0_24/jre/lib/i386" />
    <property name="java.vm.version" value="19.1-b02" />
    <property name="ant.library.dir" value="/home/kulikov/apache-ant-1.8.2//lib" />
    <property name="ant.version" value="Apache Ant(TM) version 1.8.2 compiled on December 20 2010" />
    <property name="run.report" value="/home/kulikov/jsr-309-tck/tck-reports/2011-09-27_11-01" />
    <property name="ant.java.version" value="1.6" />
    <property name="java.vm.vendor" value="Sun Microsystems Inc." />
    <property name="java.vendor.url" value="http://java.sun.com/" />
    <property name="path.separator" value=":" />
    <property name="java.vm.name" value="Java HotSpot(TM) Server VM" />
    <property name="file.encoding.pkg" value="sun.io" />
    <property name="user.country" value="US" />
    <property name="sun.java.launcher" value="SUN_STANDARD" />
    <property name="sun.os.patch.level" value="unknown" />
    <property name="java.vm.specification.name" value="Java Virtual Machine Specification" />
    <property name="user.dir" value="/home/kulikov/jsr-309-tck" />
    <property name="java.runtime.version" value="1.6.0_24-b07" />
    <property name="java.awt.graphicsenv" value="sun.awt.X11GraphicsEnvironment" />
    <property name="basedir" value="/home/kulikov/jsr-309-tck" />
    <property name="java.endorsed.dirs" value="/home/kulikov/jdk1.6.0_24/jre/lib/endorsed" />
    <property name="os.arch" value="i386" />
    <property name="ant.project.default-target" value="run" />
    <property name="java.io.tmpdir" value="/tmp" />
    <property name="ant.core.lib" value="/home/kulikov/apache-ant-1.8.2/lib/ant.jar" />
    <property name="line.separator" value="&#xa;" />
    <property name="java.vm.specification.vendor" value="Sun Microsystems Inc." />
    <property name="run.testlist" value="com/hp/opencall/jmsc/test/mandatory/**/*Test.class" />
    <property name="os.name" value="Linux" />
    <property name="DSTAMP" value="20110927" />
    <property name="ant.home" value="/home/kulikov/apache-ant-1.8.2/" />
    <property name="ant.project.name" value="TCK" />
    <property name="sun.jnu.encoding" value="UTF-8" />
    <property name="run.dir" value="/home/kulikov/jsr-309-tck/tck-run" />
    <property name="TODAY" value="September 27 2011" />
    <property name="java.library.path" value="/home/kulikov/jdk1.6.0_24/jre/lib/i386/server:/home/kulikov/jdk1.6.0_24/jre/lib/i386:/home/kulikov/jdk1.6.0_24/jre/../lib/i386:/usr/java/packages/lib/i386:/lib:/usr/lib" />
    <property name="java.specification.name" value="Java Platform API Specification" />
    <property name="java.class.version" value="50.0" />
    <property name="sun.management.compiler" value="HotSpot Tiered Compilers" />
    <property name="ant.file.type.TCK" value="file" />
    <property name="os.version" value="2.6.33.3-85.fc13.i686" />
    <property name="ant.file" value="/home/kulikov/jsr-309-tck/build.xml" />
    <property name="user.home" value="/home/kulikov" />
    <property name="user.timezone" value="" />
    <property name="java.awt.printerjob" value="sun.print.PSPrinterJob" />
    <property name="java.specification.version" value="1.6" />
    <property name="file.encoding" value="UTF-8" />
    <property name="TSTAMP" value="1101" />
    <property name="user.name" value="kulikov" />
    <property name="java.class.path" value="/home/kulikov/jsr-309-tck:/home/kulikov/jsr-309-tck/mgcp-impl-2.0.0.GA.jar:/home/kulikov/jsr-309-tck/tck.jar:/home/kulikov/jsr-309-tck/deps/jain-mgcp-ri-1.0.jar:/home/kulikov/jsr-309-tck/deps/jain-sip-ri-1.2.146.jar:/home/kulikov/jsr-309-tck/deps/junit-4.7-src.jar:/home/kulikov/jsr-309-tck/deps/junit.jar:/home/kulikov/jsr-309-tck/deps/log4j-1.2.14.jar:/home/kulikov/jsr-309-tck/deps/mgcp-impl-2.0.1.RC1-SNAPSHOT.jar:/home/kulikov/jsr-309-tck/deps/mobicents-jsr309-impl-2.0.1.CR1-SNAPSHOT.jar:/home/kulikov/jsr-309-tck/deps/mscontrol.jar:/home/kulikov/apache-ant-1.8.2/lib/junit-4.8.1.jar:/home/kulikov/apache-ant-1.8.2/lib/ant-launcher.jar:/home/kulikov/apache-ant-1.8.2/lib/ant.jar:/home/kulikov/apache-ant-1.8.2/lib/ant-junit.jar:/home/kulikov/apache-ant-1.8.2/lib/ant-junit4.jar" />
    <property name="java.vm.specification.version" value="1.0" />
    <property name="java.home" value="/home/kulikov/jdk1.6.0_24/jre" />
    <property name="sun.arch.data.model" value="32" />
    <property name="java.specification.vendor" value="Sun Microsystems Inc." />
    <property name="user.language" value="en" />
    <property name="java.vm.info" value="mixed mode" />
    <property name="java.version" value="1.6.0_24" />
    <property name="java.ext.dirs" value="/home/kulikov/jdk1.6.0_24/jre/lib/ext:/usr/java/packages/lib/ext" />
    <property name="sun.boot.class.path" value="/home/kulikov/jdk1.6.0_24/jre/lib/resources.jar:/home/kulikov/jdk1.6.0_24/jre/lib/rt.jar:/home/kulikov/jdk1.6.0_24/jre/lib/sunrsasign.jar:/home/kulikov/jdk1.6.0_24/jre/lib/jsse.jar:/home/kulikov/jdk1.6.0_24/jre/lib/jce.jar:/home/kulikov/jdk1.6.0_24/jre/lib/charsets.jar:/home/kulikov/jdk1.6.0_24/jre/lib/modules/jdk.boot.jar:/home/kulikov/jdk1.6.0_24/jre/classes" />
    <property name="java.vendor" value="Sun Microsystems Inc." />
    <property name="ant.file.TCK" value="/home/kulikov/jsr-309-tck/build.xml" />
    <property name="file.separator" value="/" />
    <property name="java.vendor.url.bug" value="http://java.sun.com/cgi-bin/bugreport.cgi" />
    <property name="sun.cpu.endian" value="little" />
    <property name="sun.io.unicode.encoding" value="UnicodeLittle" />
    <property name="ant.file.type" value="file" />
    <property name="sun.desktop" value="gnome" />
    <property name="sun.cpu.isalist" value="" />
  </properties>
  <testcase classname="com.hp.opencall.jmsc.test.mandatory.functional.networkconnection.CodecPolicyTest" name="test_2_1_18_1_ExcludeTelephoneEvent" time="0.581" />
  <testcase classname="com.hp.opencall.jmsc.test.mandatory.functional.networkconnection.CodecPolicyTest" name="test_2_1_18_2_ExcludeOneCodec" time="2.418" />
  <testcase classname="com.hp.opencall.jmsc.test.mandatory.functional.networkconnection.CodecPolicyTest" name="test_2_1_18_3_ExcludeMostCodecs" time="0.338" />
  <testcase classname="com.hp.opencall.jmsc.test.mandatory.functional.networkconnection.CodecPolicyTest" name="test_2_1_18_4_ExcludeAllCodecs" time="0.315" />
  <testcase classname="com.hp.opencall.jmsc.test.mandatory.functional.networkconnection.CodecPolicyTest" name="test_2_1_18_5_ExcludeCodecsMinimalOffer" time="1.635" />
  <testcase classname="com.hp.opencall.jmsc.test.mandatory.functional.networkconnection.CodecPolicyTest" name="test_2_1_18_6_RequireTelephoneEvent" time="0.341" />
  <testcase classname="com.hp.opencall.jmsc.test.mandatory.functional.networkconnection.CodecPolicyTest" name="test_2_1_18_7_RequirePcmuTelephoneEvent" time="0.344" />
  <testcase classname="com.hp.opencall.jmsc.test.mandatory.functional.networkconnection.CodecPolicyTest" name="test_2_1_18_8_RequireTelephoneEventAmr" time="0.341" />
  <testcase classname="com.hp.opencall.jmsc.test.mandatory.functional.networkconnection.CodecPolicyTest" name="test_2_1_18_9_RequireAbsentCodec" time="0.342" />
  <testcase classname="com.hp.opencall.jmsc.test.mandatory.functional.networkconnection.CodecPolicyTest" name="test_2_1_18_10_PreferPcmu" time="0.339" />
  <testcase classname="com.hp.opencall.jmsc.test.mandatory.functional.networkconnection.CodecPolicyTest" name="test_2_1_18_11_PreferAmr" time="0.345" />
  <testcase classname="com.hp.opencall.jmsc.test.mandatory.functional.networkconnection.CodecPolicyTest" name="test_2_1_18_12_PreferPcmuPcmaTelephoneEvent" time="0.34" />
  <testcase classname="com.hp.opencall.jmsc.test.mandatory.functional.networkconnection.CodecPolicyTest" name="test_2_1_18_13_CapablePcmu" time="0.341" />
  <testcase classname="com.hp.opencall.jmsc.test.mandatory.functional.networkconnection.CodecPolicyTest" name="test_2_1_18_14_CapablePcmuPcmaTelephoneEvent" time="0.341" />
  <testcase classname="com.hp.opencall.jmsc.test.mandatory.functional.networkconnection.CodecPolicyTest" name="test_2_1_18_15_CapableG726TelephoneEvent" time="0.341" />
  <testcase classname="com.hp.opencall.jmsc.test.mandatory.functional.networkconnection.CodecPolicyTest" name="test_2_1_18_16_CapableG726G722" time="0.343" />
  <testcase classname="com.hp.opencall.jmsc.test.mandatory.functional.networkconnection.CodecPolicyTest" name="test_2_1_18_17_CapablePcmuPcmaTeAmrPreferAmr" time="0.34" />
  <testcase classname="com.hp.opencall.jmsc.test.mandatory.functional.networkconnection.CodecPolicyTest" name="test_2_1_18_18_ComplexPolicy" time="0.34" />
  <testcase classname="com.hp.opencall.jmsc.test.mandatory.functional.networkconnection.CodecPolicyTest" name="test_2_1_18_19_AudioCapability" time="0.342" />
  <testcase classname="com.hp.opencall.jmsc.test.mandatory.functional.networkconnection.CodecPolicyTest" name="test_2_1_18_20_AudioVideoCapability" time="0.343" />
  <testcase classname="com.hp.opencall.jmsc.test.mandatory.functional.networkconnection.CodecPolicyTest" name="test_2_1_18_21_VideoCapability" time="0.34" />
  <system-out><![CDATA[11:09:49,699 INFO  [Runner] Start    mandatory.functional.networkconnection.CodecPolicyTest.test_2_1_18_1_ExcludeTelephoneEvent javadoc::CodecPolicy::2 javadoc::SdpPortManager::7
11:09:49,722 INFO  [DriverImpl] Initializing MGCP on /127.0.0.1:2729
11:09:49,729 ERROR [JainMgcpStackImpl] Failed to locate properties file, using default values
11:09:49,735 INFO  [JainMgcpStackImpl] Jain Mgcp stack bound to IP /127.0.0.1 and UDP port 2729
Jain Mgcp stack bound to IP /127.0.0.1 and UDP port 2729
87   [] DEBUG TestBase - log4j configured
88   [] DEBUG TestBase - Loading file:/home/kulikov/jsr-309-tck/TCK.properties
94   [] INFO  CodecPolicyTest - Excluding: [telephone-event]
250  [] DEBUG CodecPolicyTest - org.mobicents.javax.media.mscontrol.networkconnection.SdpPortManagerImpl@1982fc1 received: ANSWER_GENERATED
251  [] INFO  CodecPolicyTest - SDP answer: v=0
o=- 1317107389908 1 IN IP4 127.0.0.1
s=Mobicents Media Server
c=IN IP4 127.0.0.1
t=0 0
m=audio 65206 RTP/AVP 0 8
a=rtpmap:0 PCMU/8000
a=rtpmap:8 PCMA/8000

252  [] INFO  DriverImpl - MediaSession1 NetworkConnection2 Releasing....
558  [] INFO  Runner - End      mandatory.functional.networkconnection.CodecPolicyTest.test_2_1_18_1_ExcludeTelephoneEvent
560  [] INFO  Runner - Start    mandatory.functional.networkconnection.CodecPolicyTest.test_2_1_18_2_ExcludeOneCodec javadoc::CodecPolicy::11
560  [] INFO  CodecPolicyTest - Excluding: [G723]
600  [] DEBUG CodecPolicyTest - org.mobicents.javax.media.mscontrol.networkconnection.SdpPortManagerImpl@165f738 received: ANSWER_GENERATED
601  [] INFO  CodecPolicyTest - SDP answer: v=0
o=- 1317107390277 1 IN IP4 127.0.0.1
s=Mobicents Media Server
c=IN IP4 127.0.0.1
t=0 0
m=audio 65204 RTP/AVP 0 8 101
a=rtpmap:0 PCMU/8000
a=rtpmap:8 PCMA/8000
a=rtpmap:101 telephone-event/8000
a=fmtp:101 0-15

601  [] INFO  CodecPolicyTest - Excluding: [G729]
641  [] DEBUG CodecPolicyTest - org.mobicents.javax.media.mscontrol.networkconnection.SdpPortManagerImpl@4ee70b received: ANSWER_GENERATED
642  [] INFO  CodecPolicyTest - SDP answer: v=0
o=- 1317107390323 1 IN IP4 127.0.0.1
s=Mobicents Media Server
c=IN IP4 127.0.0.1
t=0 0
m=audio 65202 RTP/AVP 0 8 101
a=rtpmap:0 PCMU/8000
a=rtpmap:8 PCMA/8000
a=rtpmap:101 telephone-event/8000
a=fmtp:101 0-15

642  [] INFO  CodecPolicyTest - Excluding: [EVRC0]
682  [] DEBUG CodecPolicyTest - org.mobicents.javax.media.mscontrol.networkconnection.SdpPortManagerImpl@77ef83 received: ANSWER_GENERATED
682  [] INFO  CodecPolicyTest - SDP answer: v=0
o=- 1317107390363 1 IN IP4 127.0.0.1
s=Mobicents Media Server
c=IN IP4 127.0.0.1
t=0 0
m=audio 65200 RTP/AVP 0 8 101
a=rtpmap:0 PCMU/8000
a=rtpmap:8 PCMA/8000
a=rtpmap:101 telephone-event/8000
a=fmtp:101 0-15

683  [] INFO  CodecPolicyTest - Excluding: [AMR-WB]
722  [] DEBUG CodecPolicyTest - org.mobicents.javax.media.mscontrol.networkconnection.SdpPortManagerImpl@1bde4 received: ANSWER_GENERATED
722  [] INFO  CodecPolicyTest - SDP answer: v=0
o=- 1317107390406 1 IN IP4 127.0.0.1
s=Mobicents Media Server
c=IN IP4 127.0.0.1
t=0 0
m=audio 65198 RTP/AVP 0 8 101
a=rtpmap:0 PCMU/8000
a=rtpmap:8 PCMA/8000
a=rtpmap:101 telephone-event/8000
a=fmtp:101 0-15

722  [] INFO  CodecPolicyTest - Excluding: [AMR]
773  [] DEBUG CodecPolicyTest - org.mobicents.javax.media.mscontrol.networkconnection.SdpPortManagerImpl@1e1dadb received: ANSWER_GENERATED
773  [] INFO  CodecPolicyTest - SDP answer: v=0
o=- 1317107390442 1 IN IP4 127.0.0.1
s=Mobicents Media Server
c=IN IP4 127.0.0.1
t=0 0
m=audio 65196 RTP/AVP 0 8 101
a=rtpmap:0 PCMU/8000
a=rtpmap:8 PCMA/8000
a=rtpmap:101 telephone-event/8000
a=fmtp:101 0-15

774  [] INFO  CodecPolicyTest - Excluding: [PCMA]
821  [] DEBUG CodecPolicyTest - org.mobicents.javax.media.mscontrol.networkconnection.SdpPortManagerImpl@8ceeea received: ANSWER_GENERATED
822  [] INFO  CodecPolicyTest - SDP answer: v=0
o=- 1317107390494 1 IN IP4 127.0.0.1
s=Mobicents Media Server
c=IN IP4 127.0.0.1
t=0 0
m=audio 65194 RTP/AVP 0 101
a=rtpmap:0 PCMU/8000
a=rtpmap:101 telephone-event/8000
a=fmtp:101 0-15

822  [] INFO  CodecPolicyTest - Excluding: [PCMU]
869  [] DEBUG CodecPolicyTest - org.mobicents.javax.media.mscontrol.networkconnection.SdpPortManagerImpl@7a5a19 received: ANSWER_GENERATED
869  [] INFO  CodecPolicyTest - SDP answer: v=0
o=- 1317107390540 1 IN IP4 127.0.0.1
s=Mobicents Media Server
c=IN IP4 127.0.0.1
t=0 0
m=audio 65192 RTP/AVP 8 101
a=rtpmap:8 PCMA/8000
a=rtpmap:101 telephone-event/8000
a=fmtp:101 0-15

870  [] INFO  DriverImpl - MediaSession3 NetworkConnection4 Releasing....
1171 [] INFO  DriverImpl - MediaSession3 NetworkConnection5 Releasing....
1472 [] INFO  DriverImpl - MediaSession3 NetworkConnection6 Releasing....
1773 [] INFO  DriverImpl - MediaSession3 NetworkConnection7 Releasing....
2075 [] INFO  DriverImpl - MediaSession3 NetworkConnection8 Releasing....
2375 [] INFO  DriverImpl - MediaSession3 NetworkConnection9 Releasing....
2676 [] INFO  DriverImpl - MediaSession3 NetworkConnection10 Releasing....
2977 [] INFO  Runner - End      mandatory.functional.networkconnection.CodecPolicyTest.test_2_1_18_2_ExcludeOneCodec
2978 [] INFO  Runner - Start    mandatory.functional.networkconnection.CodecPolicyTest.test_2_1_18_3_ExcludeMostCodecs javadoc::CodecPolicy::12
2980 [] INFO  CodecPolicyTest - Excluding: [G723, G729, EVRC0, AMR-WB, telephone-event, PCMA, PCMU]
3013 [] DEBUG CodecPolicyTest - org.mobicents.javax.media.mscontrol.networkconnection.SdpPortManagerImpl@50ca0c received: NETWORK_STREAM_FAILURE
3014 [] INFO  CodecPolicyTest - SDP answer: 
3014 [] INFO  DriverImpl - MediaSession11 NetworkConnection12 Releasing....
3316 [] INFO  Runner - End      mandatory.functional.networkconnection.CodecPolicyTest.test_2_1_18_3_ExcludeMostCodecs
3318 [] INFO  Runner - Start    mandatory.functional.networkconnection.CodecPolicyTest.test_2_1_18_4_ExcludeAllCodecs javadoc::CodecPolicy::13
3319 [] INFO  CodecPolicyTest - Excluding: [G723, AMR, G729, EVRC0, AMR-WB, telephone-event, PCMA, PCMU]
3330 [] INFO  CodecPolicyTest - Caught expected SdpException: Minimal offer
3330 [] INFO  DriverImpl - MediaSession13 NetworkConnection14 Releasing....
3631 [] INFO  Runner - End      mandatory.functional.networkconnection.CodecPolicyTest.test_2_1_18_4_ExcludeAllCodecs
3634 [] INFO  Runner - Start    mandatory.functional.networkconnection.CodecPolicyTest.test_2_1_18_5_ExcludeCodecsMinimalOffer javadoc::CodecPolicy::14
3635 [] INFO  CodecPolicyTest - Excluding: [telephone-event]
3676 [] DEBUG CodecPolicyTest - org.mobicents.javax.media.mscontrol.networkconnection.SdpPortManagerImpl@1bdc9d8 received: ANSWER_GENERATED
3677 [] INFO  CodecPolicyTest - SDP answer: v=0
o=- 1317107393350 1 IN IP4 127.0.0.1
s=Mobicents Media Server
c=IN IP4 127.0.0.1
t=0 0
m=audio 65188 RTP/AVP 0
a=rtpmap:0 pcmu/8000

3677 [] INFO  CodecPolicyTest - Excluding: [G723]
3717 [] DEBUG CodecPolicyTest - org.mobicents.javax.media.mscontrol.networkconnection.SdpPortManagerImpl@15fc40c received: ANSWER_GENERATED
3718 [] INFO  CodecPolicyTest - SDP answer: v=0
o=- 1317107393393 1 IN IP4 127.0.0.1
s=Mobicents Media Server
c=IN IP4 127.0.0.1
t=0 0
m=audio 65186 RTP/AVP 0
a=rtpmap:0 pcmu/8000

3718 [] INFO  CodecPolicyTest - Excluding: [AMR-WB]
3758 [] DEBUG CodecPolicyTest - org.mobicents.javax.media.mscontrol.networkconnection.SdpPortManagerImpl@979e8b received: ANSWER_GENERATED
3759 [] INFO  CodecPolicyTest - SDP answer: v=0
o=- 1317107393434 1 IN IP4 127.0.0.1
s=Mobicents Media Server
c=IN IP4 127.0.0.1
t=0 0
m=audio 65184 RTP/AVP 0
a=rtpmap:0 pcmu/8000

3759 [] INFO  CodecPolicyTest - Excluding: [PCMU]
3761 [] INFO  CodecPolicyTest - Caught expected SdpException: Minimal offer
3761 [] INFO  CodecPolicyTest - Excluding: [G723, AMR, G729, EVRC0, AMR-WB, telephone-event, PCMA, PCMU]
3762 [] INFO  CodecPolicyTest - Caught expected SdpException: Minimal offer
3763 [] INFO  DriverImpl - MediaSession15 NetworkConnection16 Releasing....
4064 [] INFO  DriverImpl - MediaSession15 NetworkConnection17 Releasing....
4365 [] INFO  DriverImpl - MediaSession15 NetworkConnection18 Releasing....
4666 [] INFO  DriverImpl - MediaSession15 NetworkConnection19 Releasing....
4967 [] INFO  DriverImpl - MediaSession15 NetworkConnection20 Releasing....
5268 [] INFO  Runner - End      mandatory.functional.networkconnection.CodecPolicyTest.test_2_1_18_5_ExcludeCodecsMinimalOffer
5269 [] INFO  Runner - Start    mandatory.functional.networkconnection.CodecPolicyTest.test_2_1_18_6_RequireTelephoneEvent javadoc::CodecPolicy::6
5270 [] INFO  CodecPolicyTest - Requiring: [telephone-event]
5306 [] DEBUG CodecPolicyTest - org.mobicents.javax.media.mscontrol.networkconnection.SdpPortManagerImpl@c0f1ec received: ANSWER_GENERATED
5308 [] INFO  CodecPolicyTest - SDP answer: v=0
o=- 1317107394987 1 IN IP4 127.0.0.1
s=Mobicents Media Server
c=IN IP4 127.0.0.1
t=0 0
m=audio 65182 RTP/AVP 0 8 101
a=rtpmap:0 PCMU/8000
a=rtpmap:8 PCMA/8000
a=rtpmap:101 telephone-event/8000
a=fmtp:101 0-15

5308 [] INFO  DriverImpl - MediaSession21 NetworkConnection22 Releasing....
5609 [] INFO  Runner - End      mandatory.functional.networkconnection.CodecPolicyTest.test_2_1_18_6_RequireTelephoneEvent
5610 [] INFO  Runner - Start    mandatory.functional.networkconnection.CodecPolicyTest.test_2_1_18_7_RequirePcmuTelephoneEvent javadoc::CodecPolicy::15
5610 [] INFO  CodecPolicyTest - Requiring: [PCMU, telephone-event]
5649 [] DEBUG CodecPolicyTest - org.mobicents.javax.media.mscontrol.networkconnection.SdpPortManagerImpl@d56b37 received: ANSWER_GENERATED
5651 [] INFO  CodecPolicyTest - SDP answer: v=0
o=- 1317107395328 1 IN IP4 127.0.0.1
s=Mobicents Media Server
c=IN IP4 127.0.0.1
t=0 0
m=audio 65180 RTP/AVP 0 8 101
a=rtpmap:0 PCMU/8000
a=rtpmap:8 PCMA/8000
a=rtpmap:101 telephone-event/8000
a=fmtp:101 0-15

5651 [] INFO  DriverImpl - MediaSession23 NetworkConnection24 Releasing....
5952 [] INFO  Runner - End      mandatory.functional.networkconnection.CodecPolicyTest.test_2_1_18_7_RequirePcmuTelephoneEvent
5954 [] INFO  Runner - Start    mandatory.functional.networkconnection.CodecPolicyTest.test_2_1_18_8_RequireTelephoneEventAmr javadoc::CodecPolicy::16
5955 [] INFO  CodecPolicyTest - Requiring: [telephone-event, AMR]
5991 [] DEBUG CodecPolicyTest - org.mobicents.javax.media.mscontrol.networkconnection.SdpPortManagerImpl@fb6354 received: ANSWER_GENERATED
5993 [] INFO  CodecPolicyTest - SDP answer: v=0
o=- 1317107395673 1 IN IP4 127.0.0.1
s=Mobicents Media Server
c=IN IP4 127.0.0.1
t=0 0
m=audio 65178 RTP/AVP 0 8 101
a=rtpmap:0 PCMU/8000
a=rtpmap:8 PCMA/8000
a=rtpmap:101 telephone-event/8000
a=fmtp:101 0-15
a=rtpmap:99 AMR/8000

5993 [] INFO  DriverImpl - MediaSession25 NetworkConnection26 Releasing....
6294 [] INFO  Runner - End      mandatory.functional.networkconnection.CodecPolicyTest.test_2_1_18_8_RequireTelephoneEventAmr
6295 [] INFO  Runner - Start    mandatory.functional.networkconnection.CodecPolicyTest.test_2_1_18_9_RequireAbsentCodec javadoc::CodecPolicy::17
6296 [] INFO  CodecPolicyTest - Requiring: [G276]
6333 [] DEBUG CodecPolicyTest - org.mobicents.javax.media.mscontrol.networkconnection.SdpPortManagerImpl@1963b3e received: NETWORK_STREAM_FAILURE
6335 [] INFO  DriverImpl - MediaSession27 NetworkConnection28 Releasing....
6636 [] INFO  Runner - End      mandatory.functional.networkconnection.CodecPolicyTest.test_2_1_18_9_RequireAbsentCodec
6637 [] INFO  Runner - Start    mandatory.functional.networkconnection.CodecPolicyTest.test_2_1_18_10_PreferPcmu javadoc::CodecPolicy::8
6638 [] INFO  CodecPolicyTest - Preferences: [PCMU]
6673 [] DEBUG CodecPolicyTest - org.mobicents.javax.media.mscontrol.networkconnection.SdpPortManagerImpl@a9255c received: ANSWER_GENERATED
6674 [] INFO  CodecPolicyTest - SDP answer: v=0
o=- 1317107396356 1 IN IP4 127.0.0.1
s=Mobicents Media Server
c=IN IP4 127.0.0.1
t=0 0
m=audio 65174 RTP/AVP 0 8 101
a=rtpmap:0 PCMU/8000
a=rtpmap:8 PCMA/8000
a=rtpmap:101 telephone-event/8000
a=fmtp:101 0-15

6675 [] INFO  DriverImpl - MediaSession29 NetworkConnection30 Releasing....
6976 [] INFO  Runner - End      mandatory.functional.networkconnection.CodecPolicyTest.test_2_1_18_10_PreferPcmu
6976 [] INFO  Runner - Start    mandatory.functional.networkconnection.CodecPolicyTest.test_2_1_18_11_PreferAmr
6977 [] INFO  CodecPolicyTest - Preferences: [AMR]
7018 [] DEBUG CodecPolicyTest - org.mobicents.javax.media.mscontrol.networkconnection.SdpPortManagerImpl@af72d8 received: ANSWER_GENERATED
7020 [] INFO  CodecPolicyTest - SDP answer: v=0
o=- 1317107396695 1 IN IP4 127.0.0.1
s=Mobicents Media Server
c=IN IP4 127.0.0.1
t=0 0
m=audio 65172 RTP/AVP 0 8 101
a=rtpmap:0 PCMU/8000
a=rtpmap:8 PCMA/8000
a=rtpmap:101 telephone-event/8000
a=fmtp:101 0-15

7020 [] INFO  DriverImpl - MediaSession31 NetworkConnection32 Releasing....
7321 [] INFO  Runner - End      mandatory.functional.networkconnection.CodecPolicyTest.test_2_1_18_11_PreferAmr
7322 [] INFO  Runner - Start    mandatory.functional.networkconnection.CodecPolicyTest.test_2_1_18_12_PreferPcmuPcmaTelephoneEvent
7323 [] INFO  CodecPolicyTest - Preferences: [PCMU, PCMA, telephone-event]
7359 [] DEBUG CodecPolicyTest - org.mobicents.javax.media.mscontrol.networkconnection.SdpPortManagerImpl@16d2702 received: ANSWER_GENERATED
7359 [] INFO  CodecPolicyTest - SDP answer: v=0
o=- 1317107397039 1 IN IP4 127.0.0.1
s=Mobicents Media Server
c=IN IP4 127.0.0.1
t=0 0
m=audio 65170 RTP/AVP 0 8 101
a=rtpmap:0 PCMU/8000
a=rtpmap:8 PCMA/8000
a=rtpmap:101 telephone-event/8000
a=fmtp:101 0-15

7360 [] INFO  DriverImpl - MediaSession33 NetworkConnection34 Releasing....
7661 [] INFO  Runner - End      mandatory.functional.networkconnection.CodecPolicyTest.test_2_1_18_12_PreferPcmuPcmaTelephoneEvent
7662 [] INFO  Runner - Start    mandatory.functional.networkconnection.CodecPolicyTest.test_2_1_18_13_CapablePcmu javadoc::CodecPolicy::4
7663 [] INFO  CodecPolicyTest - Codec capabilities: [PCMU]
7699 [] DEBUG CodecPolicyTest - org.mobicents.javax.media.mscontrol.networkconnection.SdpPortManagerImpl@149eb9f received: ANSWER_GENERATED
7701 [] INFO  CodecPolicyTest - SDP answer: v=0
o=- 1317107397380 1 IN IP4 127.0.0.1
s=Mobicents Media Server
c=IN IP4 127.0.0.1
t=0 0
m=audio 65168 RTP/AVP 0 8 101
a=rtpmap:0 PCMU/8000
a=rtpmap:8 PCMA/8000
a=rtpmap:101 telephone-event/8000
a=fmtp:101 0-15

7701 [] INFO  DriverImpl - MediaSession35 NetworkConnection36 Releasing....
8002 [] INFO  Runner - End      mandatory.functional.networkconnection.CodecPolicyTest.test_2_1_18_13_CapablePcmu
8003 [] INFO  Runner - Start    mandatory.functional.networkconnection.CodecPolicyTest.test_2_1_18_14_CapablePcmuPcmaTelephoneEvent javadoc::CodecPolicy::18
8004 [] INFO  CodecPolicyTest - Codec capabilities: [PCMU, PCMA, telephone-event]
8042 [] DEBUG CodecPolicyTest - org.mobicents.javax.media.mscontrol.networkconnection.SdpPortManagerImpl@8046f4 received: ANSWER_GENERATED
8043 [] INFO  CodecPolicyTest - SDP answer: v=0
o=- 1317107397722 1 IN IP4 127.0.0.1
s=Mobicents Media Server
c=IN IP4 127.0.0.1
t=0 0
m=audio 65166 RTP/AVP 0 8 101
a=rtpmap:0 PCMU/8000
a=rtpmap:8 PCMA/8000
a=rtpmap:101 telephone-event/8000
a=fmtp:101 0-15

8043 [] INFO  DriverImpl - MediaSession37 NetworkConnection38 Releasing....
8344 [] INFO  Runner - End      mandatory.functional.networkconnection.CodecPolicyTest.test_2_1_18_14_CapablePcmuPcmaTelephoneEvent
8345 [] INFO  Runner - Start    mandatory.functional.networkconnection.CodecPolicyTest.test_2_1_18_15_CapableG726TelephoneEvent javadoc::CodecPolicy::19
8346 [] INFO  CodecPolicyTest - Codec capabilities: [G726, telephone-event]
8383 [] DEBUG CodecPolicyTest - org.mobicents.javax.media.mscontrol.networkconnection.SdpPortManagerImpl@15dd910 received: NETWORK_STREAM_FAILURE
8384 [] INFO  DriverImpl - MediaSession39 NetworkConnection40 Releasing....
8684 [] INFO  Runner - End      mandatory.functional.networkconnection.CodecPolicyTest.test_2_1_18_15_CapableG726TelephoneEvent
8686 [] INFO  Runner - Start    mandatory.functional.networkconnection.CodecPolicyTest.test_2_1_18_16_CapableG726G722 javadoc::CodecPolicy::20
8687 [] INFO  CodecPolicyTest - Codec capabilities: [G726, G722]
8725 [] DEBUG CodecPolicyTest - org.mobicents.javax.media.mscontrol.networkconnection.SdpPortManagerImpl@1114460 received: NETWORK_STREAM_FAILURE
8726 [] INFO  DriverImpl - MediaSession41 NetworkConnection42 Releasing....
9027 [] INFO  Runner - End      mandatory.functional.networkconnection.CodecPolicyTest.test_2_1_18_16_CapableG726G722
9029 [] INFO  Runner - Start    mandatory.functional.networkconnection.CodecPolicyTest.test_2_1_18_17_CapablePcmuPcmaTeAmrPreferAmr javadoc::CodecPolicy::21
9030 [] INFO  CodecPolicyTest - Codec capabilities: [PCMU, PCMA, telephone-event, AMR]
9030 [] INFO  CodecPolicyTest - Preferences: [AMR]
9066 [] DEBUG CodecPolicyTest - org.mobicents.javax.media.mscontrol.networkconnection.SdpPortManagerImpl@ff8c74 received: NETWORK_STREAM_FAILURE
9067 [] INFO  CodecPolicyTest - SDP answer: v=0
o=- 1317107398749 1 IN IP4 127.0.0.1
s=Mobicents Media Server
c=IN IP4 127.0.0.1
t=0 0
m=audio 65160 RTP/AVP 0 8 101
a=rtpmap:0 PCMU/8000
a=rtpmap:8 PCMA/8000
a=rtpmap:101 telephone-event/8000
a=fmtp:101 0-15

9067 [] INFO  DriverImpl - MediaSession43 NetworkConnection44 Releasing....
9368 [] INFO  Runner - End      mandatory.functional.networkconnection.CodecPolicyTest.test_2_1_18_17_CapablePcmuPcmaTeAmrPreferAmr
9370 [] INFO  Runner - Start    mandatory.functional.networkconnection.CodecPolicyTest.test_2_1_18_18_ComplexPolicy javadoc::CodecPolicy::22
9371 [] INFO  CodecPolicyTest - Excluding: [EVRC0, G723]
9371 [] INFO  CodecPolicyTest - Requiring: [telephone-event]
9371 [] INFO  CodecPolicyTest - Codec capabilities: [PCMU, PCMA, telephone-event, AMR]
9371 [] INFO  CodecPolicyTest - Preferences: [AMR, PCMU]
9406 [] DEBUG CodecPolicyTest - org.mobicents.javax.media.mscontrol.networkconnection.SdpPortManagerImpl@1682598 received: NETWORK_STREAM_FAILURE
9407 [] INFO  CodecPolicyTest - SDP answer: v=0
o=- 1317107399092 1 IN IP4 127.0.0.1
s=Mobicents Media Server
c=IN IP4 127.0.0.1
t=0 0
m=audio 65158 RTP/AVP 0 8 101
a=rtpmap:0 PCMU/8000
a=rtpmap:8 PCMA/8000
a=rtpmap:101 telephone-event/8000
a=fmtp:101 0-15

9407 [] INFO  DriverImpl - MediaSession45 NetworkConnection46 Releasing....
9708 [] INFO  Runner - End      mandatory.functional.networkconnection.CodecPolicyTest.test_2_1_18_18_ComplexPolicy
9710 [] INFO  Runner - Start    mandatory.functional.networkconnection.CodecPolicyTest.test_2_1_18_19_AudioCapability javadoc::CodecPolicy::10
9711 [] INFO  CodecPolicyTest - MediaType capabilities: [audio]
9750 [] DEBUG CodecPolicyTest - org.mobicents.javax.media.mscontrol.networkconnection.SdpPortManagerImpl@11d2572 received: ANSWER_GENERATED
9750 [] INFO  CodecPolicyTest - SDP answer: v=0
o=- 1317107399429 1 IN IP4 127.0.0.1
s=Mobicents Media Server
c=IN IP4 127.0.0.1
t=0 0
m=audio 65156 RTP/AVP 0 8 101
a=rtpmap:0 PCMU/8000
a=rtpmap:8 PCMA/8000
a=rtpmap:101 telephone-event/8000
a=fmtp:101 0-15

9750 [] INFO  DriverImpl - MediaSession47 NetworkConnection48 Releasing....
10051 [] INFO  Runner - End      mandatory.functional.networkconnection.CodecPolicyTest.test_2_1_18_19_AudioCapability
10052 [] INFO  Runner - Start    mandatory.functional.networkconnection.CodecPolicyTest.test_2_1_18_20_AudioVideoCapability javadoc::CodecPolicy::23
10053 [] INFO  CodecPolicyTest - MediaType capabilities: [video, audio]
10092 [] DEBUG CodecPolicyTest - org.mobicents.javax.media.mscontrol.networkconnection.SdpPortManagerImpl@1318b received: NETWORK_STREAM_FAILURE
10093 [] INFO  CodecPolicyTest - SDP answer: v=0
o=- 1317107399770 1 IN IP4 127.0.0.1
s=Mobicents Media Server
c=IN IP4 127.0.0.1
t=0 0
m=audio 65154 RTP/AVP 0 8 101
a=rtpmap:0 PCMU/8000
a=rtpmap:8 PCMA/8000
a=rtpmap:101 telephone-event/8000
a=fmtp:101 0-15

10093 [] INFO  DriverImpl - MediaSession49 NetworkConnection50 Releasing....
10394 [] INFO  Runner - End      mandatory.functional.networkconnection.CodecPolicyTest.test_2_1_18_20_AudioVideoCapability
10396 [] INFO  Runner - Start    mandatory.functional.networkconnection.CodecPolicyTest.test_2_1_18_21_VideoCapability javadoc::CodecPolicy::24
10397 [] INFO  CodecPolicyTest - MediaType capabilities: [video]
10433 [] DEBUG CodecPolicyTest - org.mobicents.javax.media.mscontrol.networkconnection.SdpPortManagerImpl@d66426 received: NETWORK_STREAM_FAILURE
10434 [] INFO  DriverImpl - MediaSession51 NetworkConnection52 Releasing....
10735 [] INFO  Runner - End      mandatory.functional.networkconnection.CodecPolicyTest.test_2_1_18_21_VideoCapability
]]></system-out>
  <system-err><![CDATA[org.mobicents.fsm.UnknownTransitionException: close
	at org.mobicents.fsm.State.signal(State.java:113)
	at org.mobicents.fsm.FSM.signal(FSM.java:151)
	at org.mobicents.javax.media.mscontrol.networkconnection.NetworkConnectionImpl.release(NetworkConnectionImpl.java:255)
	at org.mobicents.javax.media.mscontrol.MediaSessionImpl.release(MediaSessionImpl.java:247)
	at com.hp.opencall.jmsc.test.MediaSessionBase.tearDown(MediaSessionBase.java:63)
	at junit.framework.TestCase.runBare(TestCase.java:140)
	at com.hp.opencall.jmsc.test.TestBase.runBare(TestBase.java:437)
	at junit.framework.TestResult$1.protect(TestResult.java:110)
	at junit.framework.TestResult.runProtected(TestResult.java:128)
	at junit.framework.TestResult.run(TestResult.java:113)
	at junit.framework.TestCase.run(TestCase.java:124)
	at junit.framework.TestSuite.runTest(TestSuite.java:232)
	at junit.framework.TestSuite.run(TestSuite.java:227)
	at org.apache.tools.ant.taskdefs.optional.junit.JUnitTestRunner.run(JUnitTestRunner.java:518)
	at org.apache.tools.ant.taskdefs.optional.junit.JUnitTestRunner.launch(JUnitTestRunner.java:1052)
	at org.apache.tools.ant.taskdefs.optional.junit.JUnitTestRunner.main(JUnitTestRunner.java:906)
]]></system-err>
</testsuite>
