<?xml version="1.0" encoding="UTF-8" ?>
<testsuite errors="0" failures="1" hostname="kulikov.mobicents.org" name="com.hp.opencall.jmsc.test.mandatory.functional.mixer.ParticipantJoinTest" tests="1" time="19.787" timestamp="2011-09-27T07:09:29">
  <properties>
    <property name="ant.project.invoked-targets" value="run" />
    <property name="java.runtime.name" value="Java(TM) SE Runtime Environment" />
    <property name="DATE_TIME" value="2011-09-27_11-01" />
    <property name="sun.boot.library.path" value="/home/kulikov/jdk1.6.0_24/jre/lib/i386" />
    <property name="java.vm.version" value="19.1-b02" />
    <property name="ant.library.dir" value="/home/kulikov/apache-ant-1.8.2//lib" />
    <property name="ant.version" value="Apache Ant(TM) version 1.8.2 compiled on December 20 2010" />
    <property name="run.report" value="/home/kulikov/jsr-309-tck/tck-reports/2011-09-27_11-01" />
    <property name="ant.java.version" value="1.6" />
    <property name="java.vm.vendor" value="Sun Microsystems Inc." />
    <property name="java.vendor.url" value="http://java.sun.com/" />
    <property name="path.separator" value=":" />
    <property name="java.vm.name" value="Java HotSpot(TM) Server VM" />
    <property name="file.encoding.pkg" value="sun.io" />
    <property name="user.country" value="US" />
    <property name="sun.java.launcher" value="SUN_STANDARD" />
    <property name="sun.os.patch.level" value="unknown" />
    <property name="java.vm.specification.name" value="Java Virtual Machine Specification" />
    <property name="user.dir" value="/home/kulikov/jsr-309-tck" />
    <property name="java.runtime.version" value="1.6.0_24-b07" />
    <property name="java.awt.graphicsenv" value="sun.awt.X11GraphicsEnvironment" />
    <property name="basedir" value="/home/kulikov/jsr-309-tck" />
    <property name="java.endorsed.dirs" value="/home/kulikov/jdk1.6.0_24/jre/lib/endorsed" />
    <property name="os.arch" value="i386" />
    <property name="ant.project.default-target" value="run" />
    <property name="java.io.tmpdir" value="/tmp" />
    <property name="ant.core.lib" value="/home/kulikov/apache-ant-1.8.2/lib/ant.jar" />
    <property name="line.separator" value="&#xa;" />
    <property name="java.vm.specification.vendor" value="Sun Microsystems Inc." />
    <property name="run.testlist" value="com/hp/opencall/jmsc/test/mandatory/**/*Test.class" />
    <property name="os.name" value="Linux" />
    <property name="DSTAMP" value="20110927" />
    <property name="ant.home" value="/home/kulikov/apache-ant-1.8.2/" />
    <property name="ant.project.name" value="TCK" />
    <property name="sun.jnu.encoding" value="UTF-8" />
    <property name="run.dir" value="/home/kulikov/jsr-309-tck/tck-run" />
    <property name="TODAY" value="September 27 2011" />
    <property name="java.library.path" value="/home/kulikov/jdk1.6.0_24/jre/lib/i386/server:/home/kulikov/jdk1.6.0_24/jre/lib/i386:/home/kulikov/jdk1.6.0_24/jre/../lib/i386:/usr/java/packages/lib/i386:/lib:/usr/lib" />
    <property name="java.specification.name" value="Java Platform API Specification" />
    <property name="java.class.version" value="50.0" />
    <property name="sun.management.compiler" value="HotSpot Tiered Compilers" />
    <property name="ant.file.type.TCK" value="file" />
    <property name="os.version" value="2.6.33.3-85.fc13.i686" />
    <property name="ant.file" value="/home/kulikov/jsr-309-tck/build.xml" />
    <property name="user.home" value="/home/kulikov" />
    <property name="user.timezone" value="" />
    <property name="java.awt.printerjob" value="sun.print.PSPrinterJob" />
    <property name="java.specification.version" value="1.6" />
    <property name="file.encoding" value="UTF-8" />
    <property name="TSTAMP" value="1101" />
    <property name="user.name" value="kulikov" />
    <property name="java.class.path" value="/home/kulikov/jsr-309-tck:/home/kulikov/jsr-309-tck/mgcp-impl-2.0.0.GA.jar:/home/kulikov/jsr-309-tck/tck.jar:/home/kulikov/jsr-309-tck/deps/jain-mgcp-ri-1.0.jar:/home/kulikov/jsr-309-tck/deps/jain-sip-ri-1.2.146.jar:/home/kulikov/jsr-309-tck/deps/junit-4.7-src.jar:/home/kulikov/jsr-309-tck/deps/junit.jar:/home/kulikov/jsr-309-tck/deps/log4j-1.2.14.jar:/home/kulikov/jsr-309-tck/deps/mgcp-impl-2.0.1.RC1-SNAPSHOT.jar:/home/kulikov/jsr-309-tck/deps/mobicents-jsr309-impl-2.0.1.CR1-SNAPSHOT.jar:/home/kulikov/jsr-309-tck/deps/mscontrol.jar:/home/kulikov/apache-ant-1.8.2/lib/junit-4.8.1.jar:/home/kulikov/apache-ant-1.8.2/lib/ant-launcher.jar:/home/kulikov/apache-ant-1.8.2/lib/ant.jar:/home/kulikov/apache-ant-1.8.2/lib/ant-junit.jar:/home/kulikov/apache-ant-1.8.2/lib/ant-junit4.jar" />
    <property name="java.vm.specification.version" value="1.0" />
    <property name="java.home" value="/home/kulikov/jdk1.6.0_24/jre" />
    <property name="sun.arch.data.model" value="32" />
    <property name="java.specification.vendor" value="Sun Microsystems Inc." />
    <property name="user.language" value="en" />
    <property name="java.vm.info" value="mixed mode" />
    <property name="java.version" value="1.6.0_24" />
    <property name="java.ext.dirs" value="/home/kulikov/jdk1.6.0_24/jre/lib/ext:/usr/java/packages/lib/ext" />
    <property name="sun.boot.class.path" value="/home/kulikov/jdk1.6.0_24/jre/lib/resources.jar:/home/kulikov/jdk1.6.0_24/jre/lib/rt.jar:/home/kulikov/jdk1.6.0_24/jre/lib/sunrsasign.jar:/home/kulikov/jdk1.6.0_24/jre/lib/jsse.jar:/home/kulikov/jdk1.6.0_24/jre/lib/jce.jar:/home/kulikov/jdk1.6.0_24/jre/lib/charsets.jar:/home/kulikov/jdk1.6.0_24/jre/lib/modules/jdk.boot.jar:/home/kulikov/jdk1.6.0_24/jre/classes" />
    <property name="java.vendor" value="Sun Microsystems Inc." />
    <property name="ant.file.TCK" value="/home/kulikov/jsr-309-tck/build.xml" />
    <property name="file.separator" value="/" />
    <property name="java.vendor.url.bug" value="http://java.sun.com/cgi-bin/bugreport.cgi" />
    <property name="sun.cpu.endian" value="little" />
    <property name="sun.io.unicode.encoding" value="UnicodeLittle" />
    <property name="ant.file.type" value="file" />
    <property name="sun.desktop" value="gnome" />
    <property name="sun.cpu.isalist" value="" />
  </properties>
  <testcase classname="com.hp.opencall.jmsc.test.mandatory.functional.mixer.ParticipantJoinTest" name="test_2_1_14_1_EnterAndLeaveConference" time="19.774">
    <failure message="&quot;CChecker-MG-0&quot; did receive the DTMF:  expected:&lt;false&gt; but was:&lt;true&gt;" type="junit.framework.AssertionFailedError">junit.framework.AssertionFailedError: &quot;CChecker-MG-0&quot; did receive the DTMF:  expected:&lt;false&gt; but was:&lt;true&gt;
	at com.hp.opencall.jmsc.test.ContinuityChecker.isContinuous(ContinuityChecker.java:199)
	at com.hp.opencall.jmsc.test.mandatory.functional.mixer.ParticipantJoinTest.test_2_1_14_1_EnterAndLeaveConference(ParticipantJoinTest.java:66)
	at com.hp.opencall.jmsc.test.TestBase.runBare(TestBase.java:437)
</failure>
  </testcase>
  <system-out><![CDATA[11:09:29,078 INFO  [Runner] Start    mandatory.functional.mixer.ParticipantJoinTest.test_2_1_14_1_EnterAndLeaveConference
11:09:29,095 INFO  [DriverImpl] Initializing MGCP on /127.0.0.1:2729
11:09:29,100 ERROR [JainMgcpStackImpl] Failed to locate properties file, using default values
11:09:29,106 INFO  [JainMgcpStackImpl] Jain Mgcp stack bound to IP /127.0.0.1 and UDP port 2729
Jain Mgcp stack bound to IP /127.0.0.1 and UDP port 2729
72   [] DEBUG TestBase - log4j configured
73   [] DEBUG TestBase - Loading file:/home/kulikov/jsr-309-tck/TCK.properties
277  [] INFO  MediaSessionBase - getOffer: local SDP: v=0
o=- 1317107369272 1 IN IP4 127.0.0.1
s=Mobicents Media Server
c=IN IP4 127.0.0.1
t=0 0
m=audio 65214 RTP/AVP 8 0 101
a=rtpmap:8 pcma/8000
a=rtpmap:0 pcmu/8000
a=rtpmap:101 telephone-event/8000
a=fmtp:101 0-15

277  [] INFO  MediaSessionBase - getOffer: stripped local SDP: v=0
o=- 1317107369272 1 IN IP4 127.0.0.1
s=Mobicents Media Server
c=IN IP4 127.0.0.1
t=0 0
m=audio 65214 RTP/AVP 8 0 101
a=rtpmap:8 pcma/8000
a=rtpmap:0 pcmu/8000
a=fmtp:101 0-15

319  [] INFO  MediaSessionBase - getAnswer: local SDP: v=0
o=- 1317107369371 1 IN IP4 127.0.0.1
s=Mobicents Media Server
c=IN IP4 127.0.0.1
t=0 0
m=audio 65212 RTP/AVP 8 0 101
a=rtpmap:8 pcma/8000
a=rtpmap:0 pcmu/8000
a=rtpmap:101 telephone-event/8000
a=fmtp:101 0-15

459  [] INFO  MediaSessionBase - getOffer: local SDP: v=0
o=- 1317107369512 1 IN IP4 127.0.0.1
s=Mobicents Media Server
c=IN IP4 127.0.0.1
t=0 0
m=audio 65210 RTP/AVP 8 0 101
a=rtpmap:8 pcma/8000
a=rtpmap:0 pcmu/8000
a=rtpmap:101 telephone-event/8000
a=fmtp:101 0-15

460  [] INFO  MediaSessionBase - getOffer: stripped local SDP: v=0
o=- 1317107369512 1 IN IP4 127.0.0.1
s=Mobicents Media Server
c=IN IP4 127.0.0.1
t=0 0
m=audio 65210 RTP/AVP 8 0 101
a=rtpmap:8 pcma/8000
a=rtpmap:0 pcmu/8000
a=fmtp:101 0-15

500  [] INFO  MediaSessionBase - getAnswer: local SDP: v=0
o=- 1317107369558 1 IN IP4 127.0.0.1
s=Mobicents Media Server
c=IN IP4 127.0.0.1
t=0 0
m=audio 65208 RTP/AVP 8 0 101
a=rtpmap:8 pcma/8000
a=rtpmap:0 pcmu/8000
a=rtpmap:101 telephone-event/8000
a=fmtp:101 0-15

639  [] INFO  DriverImpl - MediaSession1 MediaGroup2 Receive signal called
1152 [] INFO  DriverImpl - MediaSession1 MG-SipPhoneEmulator-CChecker-2 Receive signal called
1652 [] DEBUG TestBase - getProperty(testcase.dtmf1) = file:///home/kulikov/jsr-309-tck/media/dtmf-1.wav
2173 [] DEBUG ContinuityChecker - org.mobicents.javax.media.mscontrol.mediagroup.PlayerImpl@1e13e07 received: org.mobicents.javax.media.mscontrol.mediagroup.PlayerEventImpl@af72d8
3427 [] DEBUG ContinuityChecker - CChecker-MG-0 received: RECEIVE_SIGNALS_COMPLETED(NUM_SIGNALS_DETECTED, signal=1)
5174 [] INFO  ParticipantJoinTest - test_2_1_14_1_EnterAndLeaveConference - step 2
5299 [] INFO  DriverImpl - MediaSession1 MediaGroup2 Receive signal called
5801 [] INFO  DriverImpl - MediaSession1 MG-SipPhoneEmulator-CChecker-2 Receive signal called
6302 [] DEBUG TestBase - getProperty(testcase.dtmf1) = file:///home/kulikov/jsr-309-tck/media/dtmf-1.wav
6317 [] DEBUG ContinuityChecker - CChecker-MG-0 received: RECEIVE_SIGNALS_COMPLETED(STOPPED, signal=null)
DONE STOP=======================>
7319 [] DEBUG ContinuityChecker - CChecker-1 received: RECEIVE_SIGNALS_COMPLETED(STOPPED, signal=null)
DONE STOP=======================>
8320 [] DEBUG ContinuityChecker - CChecker-2 received: RECEIVE_SIGNALS_COMPLETED(STOPPED, signal=null)
DONE STOP=======================>
8323 [] DEBUG ContinuityChecker - org.mobicents.javax.media.mscontrol.mediagroup.PlayerImpl@1e13e07 received: org.mobicents.javax.media.mscontrol.mediagroup.PlayerEventImpl@8de462
9325 [] DEBUG ContinuityChecker - CChecker-MG-0 received: RECEIVE_SIGNALS_COMPLETED(NUM_SIGNALS_DETECTED, signal=1)
10327 [] DEBUG ContinuityChecker - CChecker-2 received: RECEIVE_SIGNALS_COMPLETED(NUM_SIGNALS_DETECTED, signal=1)
11325 [] INFO  DriverImpl - MediaSession1 MediaGroup2 Receive signal called
11827 [] INFO  DriverImpl - MediaSession1 MG-SipPhoneEmulator-CChecker-1 Receive signal called
12328 [] DEBUG TestBase - getProperty(testcase.dtmf1) = file:///home/kulikov/jsr-309-tck/media/dtmf-1.wav
12332 [] DEBUG ContinuityChecker - CChecker-MG-0 received: RECEIVE_SIGNALS_COMPLETED(STOPPED, signal=null)
DONE STOP=======================>
13334 [] DEBUG ContinuityChecker - CChecker-1 received: RECEIVE_SIGNALS_COMPLETED(STOPPED, signal=null)
DONE STOP=======================>
14335 [] DEBUG ContinuityChecker - CChecker-2 received: RECEIVE_SIGNALS_COMPLETED(STOPPED, signal=null)
DONE STOP=======================>
14338 [] DEBUG ContinuityChecker - org.mobicents.javax.media.mscontrol.mediagroup.PlayerImpl@7c3885 received: org.mobicents.javax.media.mscontrol.mediagroup.PlayerEventImpl@162e295
15340 [] DEBUG ContinuityChecker - CChecker-MG-0 received: RECEIVE_SIGNALS_COMPLETED(NUM_SIGNALS_DETECTED, signal=1)
16342 [] DEBUG ContinuityChecker - CChecker-1 received: RECEIVE_SIGNALS_COMPLETED(NUM_SIGNALS_DETECTED, signal=1)
17339 [] ERROR ContinuityChecker - CChecker-MG-0 did  receive the DTMF
17640 [] INFO  DriverImpl - MediaSession1 MediaGroup2 Releasing...
17941 [] INFO  DriverImpl - MediaSession1 MG-SipPhoneEmulator-CChecker-1 Releasing...
18245 [] INFO  DriverImpl - MediaSession1 MG-SipPhoneEmulator-CChecker-2 Releasing...
18547 [] INFO  DriverImpl - MediaSession1 ShadowNC-SipPhoneEmulator-CChecker-1 Releasing....
18849 [] INFO  DriverImpl - MediaSession1 CChecker-1 Releasing....
19152 [] INFO  DriverImpl - MediaSession1 ShadowNC-SipPhoneEmulator-CChecker-2 Releasing....
19453 [] INFO  DriverImpl - MediaSession1 CChecker-2 Releasing....
]]></system-out>
  <system-err><![CDATA[]]></system-err>
</testsuite>
