<?xml version="1.0" encoding="UTF-8" ?>
<testsuite errors="0" failures="0" hostname="kulikov.mobicents.org" name="com.hp.opencall.jmsc.test.mandatory.robustness.mediagroup.PlayerRobustnessTest" tests="6" time="77.213" timestamp="2011-09-27T07:11:37">
  <properties>
    <property name="ant.project.invoked-targets" value="run" />
    <property name="java.runtime.name" value="Java(TM) SE Runtime Environment" />
    <property name="DATE_TIME" value="2011-09-27_11-01" />
    <property name="sun.boot.library.path" value="/home/kulikov/jdk1.6.0_24/jre/lib/i386" />
    <property name="java.vm.version" value="19.1-b02" />
    <property name="ant.library.dir" value="/home/kulikov/apache-ant-1.8.2//lib" />
    <property name="ant.version" value="Apache Ant(TM) version 1.8.2 compiled on December 20 2010" />
    <property name="run.report" value="/home/kulikov/jsr-309-tck/tck-reports/2011-09-27_11-01" />
    <property name="ant.java.version" value="1.6" />
    <property name="java.vm.vendor" value="Sun Microsystems Inc." />
    <property name="java.vendor.url" value="http://java.sun.com/" />
    <property name="path.separator" value=":" />
    <property name="java.vm.name" value="Java HotSpot(TM) Server VM" />
    <property name="file.encoding.pkg" value="sun.io" />
    <property name="user.country" value="US" />
    <property name="sun.java.launcher" value="SUN_STANDARD" />
    <property name="sun.os.patch.level" value="unknown" />
    <property name="java.vm.specification.name" value="Java Virtual Machine Specification" />
    <property name="user.dir" value="/home/kulikov/jsr-309-tck" />
    <property name="java.runtime.version" value="1.6.0_24-b07" />
    <property name="java.awt.graphicsenv" value="sun.awt.X11GraphicsEnvironment" />
    <property name="basedir" value="/home/kulikov/jsr-309-tck" />
    <property name="java.endorsed.dirs" value="/home/kulikov/jdk1.6.0_24/jre/lib/endorsed" />
    <property name="os.arch" value="i386" />
    <property name="ant.project.default-target" value="run" />
    <property name="java.io.tmpdir" value="/tmp" />
    <property name="ant.core.lib" value="/home/kulikov/apache-ant-1.8.2/lib/ant.jar" />
    <property name="line.separator" value="&#xa;" />
    <property name="java.vm.specification.vendor" value="Sun Microsystems Inc." />
    <property name="run.testlist" value="com/hp/opencall/jmsc/test/mandatory/**/*Test.class" />
    <property name="os.name" value="Linux" />
    <property name="DSTAMP" value="20110927" />
    <property name="ant.home" value="/home/kulikov/apache-ant-1.8.2/" />
    <property name="ant.project.name" value="TCK" />
    <property name="sun.jnu.encoding" value="UTF-8" />
    <property name="run.dir" value="/home/kulikov/jsr-309-tck/tck-run" />
    <property name="TODAY" value="September 27 2011" />
    <property name="java.library.path" value="/home/kulikov/jdk1.6.0_24/jre/lib/i386/server:/home/kulikov/jdk1.6.0_24/jre/lib/i386:/home/kulikov/jdk1.6.0_24/jre/../lib/i386:/usr/java/packages/lib/i386:/lib:/usr/lib" />
    <property name="java.specification.name" value="Java Platform API Specification" />
    <property name="java.class.version" value="50.0" />
    <property name="sun.management.compiler" value="HotSpot Tiered Compilers" />
    <property name="ant.file.type.TCK" value="file" />
    <property name="os.version" value="2.6.33.3-85.fc13.i686" />
    <property name="ant.file" value="/home/kulikov/jsr-309-tck/build.xml" />
    <property name="user.home" value="/home/kulikov" />
    <property name="user.timezone" value="" />
    <property name="java.awt.printerjob" value="sun.print.PSPrinterJob" />
    <property name="java.specification.version" value="1.6" />
    <property name="file.encoding" value="UTF-8" />
    <property name="TSTAMP" value="1101" />
    <property name="user.name" value="kulikov" />
    <property name="java.class.path" value="/home/kulikov/jsr-309-tck:/home/kulikov/jsr-309-tck/mgcp-impl-2.0.0.GA.jar:/home/kulikov/jsr-309-tck/tck.jar:/home/kulikov/jsr-309-tck/deps/jain-mgcp-ri-1.0.jar:/home/kulikov/jsr-309-tck/deps/jain-sip-ri-1.2.146.jar:/home/kulikov/jsr-309-tck/deps/junit-4.7-src.jar:/home/kulikov/jsr-309-tck/deps/junit.jar:/home/kulikov/jsr-309-tck/deps/log4j-1.2.14.jar:/home/kulikov/jsr-309-tck/deps/mgcp-impl-2.0.1.RC1-SNAPSHOT.jar:/home/kulikov/jsr-309-tck/deps/mobicents-jsr309-impl-2.0.1.CR1-SNAPSHOT.jar:/home/kulikov/jsr-309-tck/deps/mscontrol.jar:/home/kulikov/apache-ant-1.8.2/lib/junit-4.8.1.jar:/home/kulikov/apache-ant-1.8.2/lib/ant-launcher.jar:/home/kulikov/apache-ant-1.8.2/lib/ant.jar:/home/kulikov/apache-ant-1.8.2/lib/ant-junit.jar:/home/kulikov/apache-ant-1.8.2/lib/ant-junit4.jar" />
    <property name="java.vm.specification.version" value="1.0" />
    <property name="java.home" value="/home/kulikov/jdk1.6.0_24/jre" />
    <property name="sun.arch.data.model" value="32" />
    <property name="java.specification.vendor" value="Sun Microsystems Inc." />
    <property name="user.language" value="en" />
    <property name="java.vm.info" value="mixed mode" />
    <property name="java.version" value="1.6.0_24" />
    <property name="java.ext.dirs" value="/home/kulikov/jdk1.6.0_24/jre/lib/ext:/usr/java/packages/lib/ext" />
    <property name="sun.boot.class.path" value="/home/kulikov/jdk1.6.0_24/jre/lib/resources.jar:/home/kulikov/jdk1.6.0_24/jre/lib/rt.jar:/home/kulikov/jdk1.6.0_24/jre/lib/sunrsasign.jar:/home/kulikov/jdk1.6.0_24/jre/lib/jsse.jar:/home/kulikov/jdk1.6.0_24/jre/lib/jce.jar:/home/kulikov/jdk1.6.0_24/jre/lib/charsets.jar:/home/kulikov/jdk1.6.0_24/jre/lib/modules/jdk.boot.jar:/home/kulikov/jdk1.6.0_24/jre/classes" />
    <property name="java.vendor" value="Sun Microsystems Inc." />
    <property name="ant.file.TCK" value="/home/kulikov/jsr-309-tck/build.xml" />
    <property name="file.separator" value="/" />
    <property name="java.vendor.url.bug" value="http://java.sun.com/cgi-bin/bugreport.cgi" />
    <property name="sun.cpu.endian" value="little" />
    <property name="sun.io.unicode.encoding" value="UnicodeLittle" />
    <property name="ant.file.type" value="file" />
    <property name="sun.desktop" value="gnome" />
    <property name="sun.cpu.isalist" value="" />
  </properties>
  <testcase classname="com.hp.opencall.jmsc.test.mandatory.robustness.mediagroup.PlayerRobustnessTest" name="test_2_2_1_1_Play_BadURI" time="1.002" />
  <testcase classname="com.hp.opencall.jmsc.test.mandatory.robustness.mediagroup.PlayerRobustnessTest" name="test_2_2_1_2_Player_Invalid_Maxduration" time="46.514" />
  <testcase classname="com.hp.opencall.jmsc.test.mandatory.robustness.mediagroup.PlayerRobustnessTest" name="test_2_2_1_3_Player_Invalid_StartOffset" time="0.726" />
  <testcase classname="com.hp.opencall.jmsc.test.mandatory.robustness.mediagroup.PlayerRobustnessTest" name="test_2_2_1_4_Invalid_RepeatCount" time="3.457" />
  <testcase classname="com.hp.opencall.jmsc.test.mandatory.robustness.mediagroup.PlayerRobustnessTest" name="test_2_2_1_5_Invalid_Interval" time="1.727" />
  <testcase classname="com.hp.opencall.jmsc.test.mandatory.robustness.mediagroup.PlayerRobustnessTest" name="test_2_2_1_6_Player_State" time="23.77" />
  <system-out><![CDATA[11:11:37,474 INFO  [Runner] Start    mandatory.robustness.mediagroup.PlayerRobustnessTest.test_2_2_1_1_Play_BadURI
11:11:37,492 INFO  [DriverImpl] Initializing MGCP on /127.0.0.1:2729
11:11:37,498 ERROR [JainMgcpStackImpl] Failed to locate properties file, using default values
11:11:37,504 INFO  [JainMgcpStackImpl] Jain Mgcp stack bound to IP /127.0.0.1 and UDP port 2729
Jain Mgcp stack bound to IP /127.0.0.1 and UDP port 2729
73   [] DEBUG TestBase - log4j configured
74   [] DEBUG TestBase - Loading file:/home/kulikov/jsr-309-tck/TCK.properties
121  [] DEBUG TestBase - getProperty(testcase.sipphoneSDP) = v=0
o=acomment 123456 654321 IN IP4 127.0.0.1
t=0 0
m=audio 1234 RTP/AVP  0 101 
c=IN IP4 127.0.0.1
a=rtpmap:0 PCMU/8000
a=rtpmap:101 telephone-event/8000/1

355  [] DEBUG PlayerRobustnessTest - org.mobicents.javax.media.mscontrol.mediagroup.PlayerImpl@b02928 received: org.mobicents.javax.media.mscontrol.mediagroup.PlayerEventImpl@15e234c
387  [] DEBUG PlayerRobustnessTest - org.mobicents.javax.media.mscontrol.mediagroup.PlayerImpl@b02928 received: org.mobicents.javax.media.mscontrol.mediagroup.PlayerEventImpl@6210fb
388  [] INFO  DriverImpl - MediaSession1 MediaGroup3 Releasing...
688  [] INFO  DriverImpl - MediaSession1 NetworkConnection2 Releasing....
994  [] INFO  Runner - End      mandatory.robustness.mediagroup.PlayerRobustnessTest.test_2_2_1_1_Play_BadURI
996  [] INFO  Runner - Start    mandatory.robustness.mediagroup.PlayerRobustnessTest.test_2_2_1_2_Player_Invalid_Maxduration
997  [] DEBUG TestBase - getProperty(testcase.sipphoneSDP) = v=0
o=acomment 123456 654321 IN IP4 127.0.0.1
t=0 0
m=audio 1234 RTP/AVP  0 101 
c=IN IP4 127.0.0.1
a=rtpmap:0 PCMU/8000
a=rtpmap:101 telephone-event/8000/1

1089 [] DEBUG TestBase - getProperty(testcase.promptfile) = file:///home/kulikov/jsr-309-tck/media/Numbers_1-15.wav
1089 [] DEBUG TestBase - getProperty(testcase.sipphoneSDP) = v=0
o=acomment 123456 654321 IN IP4 127.0.0.1
t=0 0
m=audio 1234 RTP/AVP  0 101 
c=IN IP4 127.0.0.1
a=rtpmap:0 PCMU/8000
a=rtpmap:101 telephone-event/8000/1

2209 [] DEBUG PlayerRobustnessTest - Waiting for event from org.mobicents.javax.media.mscontrol.mediagroup.PlayerImpl@1961581 (19s remaining)
3209 [] DEBUG PlayerRobustnessTest - Waiting for event from org.mobicents.javax.media.mscontrol.mediagroup.PlayerImpl@1961581 (18s remaining)
4209 [] DEBUG PlayerRobustnessTest - Waiting for event from org.mobicents.javax.media.mscontrol.mediagroup.PlayerImpl@1961581 (17s remaining)
5210 [] DEBUG PlayerRobustnessTest - Waiting for event from org.mobicents.javax.media.mscontrol.mediagroup.PlayerImpl@1961581 (16s remaining)
6210 [] DEBUG PlayerRobustnessTest - Waiting for event from org.mobicents.javax.media.mscontrol.mediagroup.PlayerImpl@1961581 (14s remaining)
7210 [] DEBUG PlayerRobustnessTest - Waiting for event from org.mobicents.javax.media.mscontrol.mediagroup.PlayerImpl@1961581 (13s remaining)
8210 [] DEBUG PlayerRobustnessTest - Waiting for event from org.mobicents.javax.media.mscontrol.mediagroup.PlayerImpl@1961581 (12s remaining)
9210 [] DEBUG PlayerRobustnessTest - Waiting for event from org.mobicents.javax.media.mscontrol.mediagroup.PlayerImpl@1961581 (11s remaining)
10211 [] DEBUG PlayerRobustnessTest - Waiting for event from org.mobicents.javax.media.mscontrol.mediagroup.PlayerImpl@1961581 (10s remaining)
11211 [] DEBUG PlayerRobustnessTest - Waiting for event from org.mobicents.javax.media.mscontrol.mediagroup.PlayerImpl@1961581 (9s remaining)
12211 [] DEBUG PlayerRobustnessTest - Waiting for event from org.mobicents.javax.media.mscontrol.mediagroup.PlayerImpl@1961581 (8s remaining)
13211 [] DEBUG PlayerRobustnessTest - Waiting for event from org.mobicents.javax.media.mscontrol.mediagroup.PlayerImpl@1961581 (7s remaining)
14212 [] DEBUG PlayerRobustnessTest - Waiting for event from org.mobicents.javax.media.mscontrol.mediagroup.PlayerImpl@1961581 (6s remaining)
15212 [] DEBUG PlayerRobustnessTest - Waiting for event from org.mobicents.javax.media.mscontrol.mediagroup.PlayerImpl@1961581 (5s remaining)
16212 [] DEBUG PlayerRobustnessTest - Waiting for event from org.mobicents.javax.media.mscontrol.mediagroup.PlayerImpl@1961581 (4s remaining)
16222 [] DEBUG PlayerRobustnessTest - org.mobicents.javax.media.mscontrol.mediagroup.PlayerImpl@1961581 received: org.mobicents.javax.media.mscontrol.mediagroup.PlayerEventImpl@113beb5
17241 [] DEBUG PlayerRobustnessTest - Waiting for event from org.mobicents.javax.media.mscontrol.mediagroup.PlayerImpl@61736e (29s remaining)
18241 [] DEBUG PlayerRobustnessTest - Waiting for event from org.mobicents.javax.media.mscontrol.mediagroup.PlayerImpl@61736e (28s remaining)
19241 [] DEBUG PlayerRobustnessTest - Waiting for event from org.mobicents.javax.media.mscontrol.mediagroup.PlayerImpl@61736e (27s remaining)
20241 [] DEBUG PlayerRobustnessTest - Waiting for event from org.mobicents.javax.media.mscontrol.mediagroup.PlayerImpl@61736e (26s remaining)
21242 [] DEBUG PlayerRobustnessTest - Waiting for event from org.mobicents.javax.media.mscontrol.mediagroup.PlayerImpl@61736e (25s remaining)
22242 [] DEBUG PlayerRobustnessTest - Waiting for event from org.mobicents.javax.media.mscontrol.mediagroup.PlayerImpl@61736e (24s remaining)
23242 [] DEBUG PlayerRobustnessTest - Waiting for event from org.mobicents.javax.media.mscontrol.mediagroup.PlayerImpl@61736e (23s remaining)
24242 [] DEBUG PlayerRobustnessTest - Waiting for event from org.mobicents.javax.media.mscontrol.mediagroup.PlayerImpl@61736e (22s remaining)
25243 [] DEBUG PlayerRobustnessTest - Waiting for event from org.mobicents.javax.media.mscontrol.mediagroup.PlayerImpl@61736e (21s remaining)
26243 [] DEBUG PlayerRobustnessTest - Waiting for event from org.mobicents.javax.media.mscontrol.mediagroup.PlayerImpl@61736e (20s remaining)
27243 [] DEBUG PlayerRobustnessTest - Waiting for event from org.mobicents.javax.media.mscontrol.mediagroup.PlayerImpl@61736e (19s remaining)
28243 [] DEBUG PlayerRobustnessTest - Waiting for event from org.mobicents.javax.media.mscontrol.mediagroup.PlayerImpl@61736e (18s remaining)
29244 [] DEBUG PlayerRobustnessTest - Waiting for event from org.mobicents.javax.media.mscontrol.mediagroup.PlayerImpl@61736e (17s remaining)
30244 [] DEBUG PlayerRobustnessTest - Waiting for event from org.mobicents.javax.media.mscontrol.mediagroup.PlayerImpl@61736e (16s remaining)
31244 [] DEBUG PlayerRobustnessTest - Waiting for event from org.mobicents.javax.media.mscontrol.mediagroup.PlayerImpl@61736e (15s remaining)
31268 [] DEBUG PlayerRobustnessTest - org.mobicents.javax.media.mscontrol.mediagroup.PlayerImpl@61736e received: org.mobicents.javax.media.mscontrol.mediagroup.PlayerEventImpl@11946c2
31269 [] INFO  PlayerRobustnessTest - Measured play duration is acceptable: expected: 15032ms - actual: 15046ms
32288 [] DEBUG PlayerRobustnessTest - Waiting for event from org.mobicents.javax.media.mscontrol.mediagroup.PlayerImpl@61736e (29s remaining)
33288 [] DEBUG PlayerRobustnessTest - Waiting for event from org.mobicents.javax.media.mscontrol.mediagroup.PlayerImpl@61736e (28s remaining)
34289 [] DEBUG PlayerRobustnessTest - Waiting for event from org.mobicents.javax.media.mscontrol.mediagroup.PlayerImpl@61736e (27s remaining)
35289 [] DEBUG PlayerRobustnessTest - Waiting for event from org.mobicents.javax.media.mscontrol.mediagroup.PlayerImpl@61736e (26s remaining)
36289 [] DEBUG PlayerRobustnessTest - Waiting for event from org.mobicents.javax.media.mscontrol.mediagroup.PlayerImpl@61736e (25s remaining)
37289 [] DEBUG PlayerRobustnessTest - Waiting for event from org.mobicents.javax.media.mscontrol.mediagroup.PlayerImpl@61736e (24s remaining)
38290 [] DEBUG PlayerRobustnessTest - Waiting for event from org.mobicents.javax.media.mscontrol.mediagroup.PlayerImpl@61736e (23s remaining)
39290 [] DEBUG PlayerRobustnessTest - Waiting for event from org.mobicents.javax.media.mscontrol.mediagroup.PlayerImpl@61736e (22s remaining)
40290 [] DEBUG PlayerRobustnessTest - Waiting for event from org.mobicents.javax.media.mscontrol.mediagroup.PlayerImpl@61736e (21s remaining)
41290 [] DEBUG PlayerRobustnessTest - Waiting for event from org.mobicents.javax.media.mscontrol.mediagroup.PlayerImpl@61736e (20s remaining)
42291 [] DEBUG PlayerRobustnessTest - Waiting for event from org.mobicents.javax.media.mscontrol.mediagroup.PlayerImpl@61736e (19s remaining)
43291 [] DEBUG PlayerRobustnessTest - Waiting for event from org.mobicents.javax.media.mscontrol.mediagroup.PlayerImpl@61736e (18s remaining)
44291 [] DEBUG PlayerRobustnessTest - Waiting for event from org.mobicents.javax.media.mscontrol.mediagroup.PlayerImpl@61736e (17s remaining)
45291 [] DEBUG PlayerRobustnessTest - Waiting for event from org.mobicents.javax.media.mscontrol.mediagroup.PlayerImpl@61736e (16s remaining)
46292 [] DEBUG PlayerRobustnessTest - Waiting for event from org.mobicents.javax.media.mscontrol.mediagroup.PlayerImpl@61736e (15s remaining)
46304 [] DEBUG PlayerRobustnessTest - org.mobicents.javax.media.mscontrol.mediagroup.PlayerImpl@61736e received: org.mobicents.javax.media.mscontrol.mediagroup.PlayerEventImpl@174219d
46304 [] INFO  PlayerRobustnessTest - Measured play duration is acceptable: expected: 15032ms - actual: 15035ms
46305 [] INFO  DriverImpl - MediaSession4 MediaGroup6 Releasing...
46605 [] INFO  DriverImpl - MediaSession4 MediaGroup8 Releasing...
46905 [] INFO  DriverImpl - MediaSession4 NetworkConnection5 Releasing....
47208 [] INFO  DriverImpl - MediaSession4 NetworkConnection7 Releasing....
47510 [] INFO  Runner - End      mandatory.robustness.mediagroup.PlayerRobustnessTest.test_2_2_1_2_Player_Invalid_Maxduration
47511 [] INFO  Runner - Start    mandatory.robustness.mediagroup.PlayerRobustnessTest.test_2_2_1_3_Player_Invalid_StartOffset
47513 [] DEBUG TestBase - getProperty(testcase.sipphoneSDP) = v=0
o=acomment 123456 654321 IN IP4 127.0.0.1
t=0 0
m=audio 1234 RTP/AVP  0 101 
c=IN IP4 127.0.0.1
a=rtpmap:0 PCMU/8000
a=rtpmap:101 telephone-event/8000/1

47614 [] DEBUG TestBase - getProperty(testcase.promptfile) = file:///home/kulikov/jsr-309-tck/media/Numbers_1-15.wav
47634 [] DEBUG PlayerRobustnessTest - org.mobicents.javax.media.mscontrol.mediagroup.PlayerImpl@18f51f received: org.mobicents.javax.media.mscontrol.mediagroup.PlayerEventImpl@84ce7a
47634 [] INFO  PlayerRobustnessTest - Measured play duration is acceptable: expected: 1000ms - actual: 20ms
47634 [] INFO  DriverImpl - MediaSession9 MediaGroup11 Releasing...
47935 [] INFO  DriverImpl - MediaSession9 NetworkConnection10 Releasing....
48236 [] INFO  Runner - End      mandatory.robustness.mediagroup.PlayerRobustnessTest.test_2_2_1_3_Player_Invalid_StartOffset
48237 [] INFO  Runner - Start    mandatory.robustness.mediagroup.PlayerRobustnessTest.test_2_2_1_4_Invalid_RepeatCount
48238 [] DEBUG TestBase - getProperty(testcase.onesecondfile) = file:///home/kulikov/jsr-309-tck/media/cagocago-onesecond.wav
48239 [] DEBUG TestBase - getProperty(testcase.sipphoneSDP) = v=0
o=acomment 123456 654321 IN IP4 127.0.0.1
t=0 0
m=audio 1234 RTP/AVP  0 101 
c=IN IP4 127.0.0.1
a=rtpmap:0 PCMU/8000
a=rtpmap:101 telephone-event/8000/1

49356 [] DEBUG PlayerRobustnessTest - Waiting for event from org.mobicents.javax.media.mscontrol.mediagroup.PlayerImpl@983d95 (19s remaining)
49362 [] DEBUG PlayerRobustnessTest - org.mobicents.javax.media.mscontrol.mediagroup.PlayerImpl@983d95 received: org.mobicents.javax.media.mscontrol.mediagroup.PlayerEventImpl@b1cc87
49363 [] INFO  PlayerRobustnessTest - Measured play duration is acceptable: expected: 1000ms - actual: 1025ms
49363 [] DEBUG TestBase - getProperty(testcase.sipphoneSDP) = v=0
o=acomment 123456 654321 IN IP4 127.0.0.1
t=0 0
m=audio 1234 RTP/AVP  0 101 
c=IN IP4 127.0.0.1
a=rtpmap:0 PCMU/8000
a=rtpmap:101 telephone-event/8000/1

50482 [] DEBUG PlayerRobustnessTest - Waiting for event from org.mobicents.javax.media.mscontrol.mediagroup.PlayerImpl@1d8c528 (19s remaining)
50487 [] DEBUG PlayerRobustnessTest - org.mobicents.javax.media.mscontrol.mediagroup.PlayerImpl@1d8c528 received: org.mobicents.javax.media.mscontrol.mediagroup.PlayerEventImpl@e35bb7
50487 [] INFO  PlayerRobustnessTest - Measured play duration is acceptable: expected: 1000ms - actual: 1026ms
50488 [] INFO  DriverImpl - MediaSession12 MediaGroup14 Releasing...
50788 [] INFO  DriverImpl - MediaSession12 MediaGroup16 Releasing...
51089 [] INFO  DriverImpl - MediaSession12 NetworkConnection13 Releasing....
51390 [] INFO  DriverImpl - MediaSession12 NetworkConnection15 Releasing....
51692 [] INFO  Runner - End      mandatory.robustness.mediagroup.PlayerRobustnessTest.test_2_2_1_4_Invalid_RepeatCount
51695 [] INFO  Runner - Start    mandatory.robustness.mediagroup.PlayerRobustnessTest.test_2_2_1_5_Invalid_Interval
51695 [] DEBUG TestBase - getProperty(testcase.onesecondfile) = file:///home/kulikov/jsr-309-tck/media/cagocago-onesecond.wav
51696 [] DEBUG TestBase - getProperty(testcase.sipphoneSDP) = v=0
o=acomment 123456 654321 IN IP4 127.0.0.1
t=0 0
m=audio 1234 RTP/AVP  0 101 
c=IN IP4 127.0.0.1
a=rtpmap:0 PCMU/8000
a=rtpmap:101 telephone-event/8000/1

52814 [] DEBUG PlayerRobustnessTest - Waiting for event from org.mobicents.javax.media.mscontrol.mediagroup.PlayerImpl@5eb489 (19s remaining)
52818 [] DEBUG PlayerRobustnessTest - org.mobicents.javax.media.mscontrol.mediagroup.PlayerImpl@5eb489 received: org.mobicents.javax.media.mscontrol.mediagroup.PlayerEventImpl@92dcdb
52819 [] INFO  PlayerRobustnessTest - Measured play duration is acceptable: expected: 2000ms - actual: 1025ms
52819 [] INFO  DriverImpl - MediaSession17 MediaGroup19 Releasing...
53119 [] INFO  DriverImpl - MediaSession17 NetworkConnection18 Releasing....
53421 [] INFO  Runner - End      mandatory.robustness.mediagroup.PlayerRobustnessTest.test_2_2_1_5_Invalid_Interval
53422 [] INFO  Runner - Start    mandatory.robustness.mediagroup.PlayerRobustnessTest.test_2_2_1_6_Player_State
53424 [] DEBUG TestBase - getProperty(testcase.sipphoneSDP) = v=0
o=acomment 123456 654321 IN IP4 127.0.0.1
t=0 0
m=audio 1234 RTP/AVP  0 101 
c=IN IP4 127.0.0.1
a=rtpmap:0 PCMU/8000
a=rtpmap:101 telephone-event/8000/1

53521 [] DEBUG TestBase - getProperty(testcase.promptfile) = file:///home/kulikov/jsr-309-tck/media/Numbers_1-15.wav
54541 [] DEBUG PlayerRobustnessTest - Waiting for event from org.mobicents.javax.media.mscontrol.mediagroup.PlayerImpl@18d7ace (2s remaining)
55541 [] DEBUG PlayerRobustnessTest - Waiting for event from org.mobicents.javax.media.mscontrol.mediagroup.PlayerImpl@18d7ace (1s remaining)
56542 [] DEBUG PlayerRobustnessTest - org.mobicents.javax.media.mscontrol.mediagroup.PlayerImpl@18d7ace received: org.mobicents.javax.media.mscontrol.mediagroup.PlayerEventImpl@134ce4a
57554 [] DEBUG PlayerRobustnessTest - Waiting for event from org.mobicents.javax.media.mscontrol.mediagroup.PlayerImpl@18d7ace (19s remaining)
58554 [] DEBUG PlayerRobustnessTest - Waiting for event from org.mobicents.javax.media.mscontrol.mediagroup.PlayerImpl@18d7ace (18s remaining)
59554 [] DEBUG PlayerRobustnessTest - Waiting for event from org.mobicents.javax.media.mscontrol.mediagroup.PlayerImpl@18d7ace (17s remaining)
60555 [] DEBUG PlayerRobustnessTest - Waiting for event from org.mobicents.javax.media.mscontrol.mediagroup.PlayerImpl@18d7ace (15s remaining)
61555 [] DEBUG PlayerRobustnessTest - Waiting for event from org.mobicents.javax.media.mscontrol.mediagroup.PlayerImpl@18d7ace (14s remaining)
62555 [] DEBUG PlayerRobustnessTest - Waiting for event from org.mobicents.javax.media.mscontrol.mediagroup.PlayerImpl@18d7ace (13s remaining)
63555 [] DEBUG PlayerRobustnessTest - Waiting for event from org.mobicents.javax.media.mscontrol.mediagroup.PlayerImpl@18d7ace (12s remaining)
64556 [] DEBUG PlayerRobustnessTest - Waiting for event from org.mobicents.javax.media.mscontrol.mediagroup.PlayerImpl@18d7ace (11s remaining)
65556 [] DEBUG PlayerRobustnessTest - Waiting for event from org.mobicents.javax.media.mscontrol.mediagroup.PlayerImpl@18d7ace (10s remaining)
66556 [] DEBUG PlayerRobustnessTest - Waiting for event from org.mobicents.javax.media.mscontrol.mediagroup.PlayerImpl@18d7ace (9s remaining)
67556 [] DEBUG PlayerRobustnessTest - Waiting for event from org.mobicents.javax.media.mscontrol.mediagroup.PlayerImpl@18d7ace (8s remaining)
68557 [] DEBUG PlayerRobustnessTest - Waiting for event from org.mobicents.javax.media.mscontrol.mediagroup.PlayerImpl@18d7ace (7s remaining)
69557 [] DEBUG PlayerRobustnessTest - Waiting for event from org.mobicents.javax.media.mscontrol.mediagroup.PlayerImpl@18d7ace (6s remaining)
70557 [] DEBUG PlayerRobustnessTest - Waiting for event from org.mobicents.javax.media.mscontrol.mediagroup.PlayerImpl@18d7ace (5s remaining)
71557 [] DEBUG PlayerRobustnessTest - Waiting for event from org.mobicents.javax.media.mscontrol.mediagroup.PlayerImpl@18d7ace (4s remaining)
71588 [] DEBUG PlayerRobustnessTest - org.mobicents.javax.media.mscontrol.mediagroup.PlayerImpl@18d7ace received: org.mobicents.javax.media.mscontrol.mediagroup.PlayerEventImpl@afa68a
72589 [] DEBUG PlayerRobustnessTest - Waiting for event from org.mobicents.javax.media.mscontrol.mediagroup.PlayerImpl@18d7ace (4s remaining)
73589 [] DEBUG PlayerRobustnessTest - Waiting for event from org.mobicents.javax.media.mscontrol.mediagroup.PlayerImpl@18d7ace (3s remaining)
74589 [] DEBUG PlayerRobustnessTest - Waiting for event from org.mobicents.javax.media.mscontrol.mediagroup.PlayerImpl@18d7ace (2s remaining)
75590 [] DEBUG PlayerRobustnessTest - Waiting for event from org.mobicents.javax.media.mscontrol.mediagroup.PlayerImpl@18d7ace (0s remaining)
76590 [] INFO  DriverImpl - MediaSession20 MediaGroup22 Releasing...
76891 [] INFO  DriverImpl - MediaSession20 NetworkConnection21 Releasing....
77192 [] INFO  Runner - End      mandatory.robustness.mediagroup.PlayerRobustnessTest.test_2_2_1_6_Player_State
]]></system-out>
  <system-err><![CDATA[]]></system-err>
</testsuite>
