<?xml version="1.0" encoding="UTF-8" ?>
<testsuite errors="0" failures="1" hostname="kulikov.mobicents.org" name="com.hp.opencall.jmsc.test.mandatory.robustness.UnchangedArgsTest" tests="2" time="8.773" timestamp="2011-09-27T07:10:55">
  <properties>
    <property name="ant.project.invoked-targets" value="run" />
    <property name="java.runtime.name" value="Java(TM) SE Runtime Environment" />
    <property name="DATE_TIME" value="2011-09-27_11-01" />
    <property name="sun.boot.library.path" value="/home/kulikov/jdk1.6.0_24/jre/lib/i386" />
    <property name="java.vm.version" value="19.1-b02" />
    <property name="ant.library.dir" value="/home/kulikov/apache-ant-1.8.2//lib" />
    <property name="ant.version" value="Apache Ant(TM) version 1.8.2 compiled on December 20 2010" />
    <property name="run.report" value="/home/kulikov/jsr-309-tck/tck-reports/2011-09-27_11-01" />
    <property name="ant.java.version" value="1.6" />
    <property name="java.vm.vendor" value="Sun Microsystems Inc." />
    <property name="java.vendor.url" value="http://java.sun.com/" />
    <property name="path.separator" value=":" />
    <property name="java.vm.name" value="Java HotSpot(TM) Server VM" />
    <property name="file.encoding.pkg" value="sun.io" />
    <property name="user.country" value="US" />
    <property name="sun.java.launcher" value="SUN_STANDARD" />
    <property name="sun.os.patch.level" value="unknown" />
    <property name="java.vm.specification.name" value="Java Virtual Machine Specification" />
    <property name="user.dir" value="/home/kulikov/jsr-309-tck" />
    <property name="java.runtime.version" value="1.6.0_24-b07" />
    <property name="java.awt.graphicsenv" value="sun.awt.X11GraphicsEnvironment" />
    <property name="basedir" value="/home/kulikov/jsr-309-tck" />
    <property name="java.endorsed.dirs" value="/home/kulikov/jdk1.6.0_24/jre/lib/endorsed" />
    <property name="os.arch" value="i386" />
    <property name="ant.project.default-target" value="run" />
    <property name="java.io.tmpdir" value="/tmp" />
    <property name="ant.core.lib" value="/home/kulikov/apache-ant-1.8.2/lib/ant.jar" />
    <property name="line.separator" value="&#xa;" />
    <property name="java.vm.specification.vendor" value="Sun Microsystems Inc." />
    <property name="run.testlist" value="com/hp/opencall/jmsc/test/mandatory/**/*Test.class" />
    <property name="os.name" value="Linux" />
    <property name="DSTAMP" value="20110927" />
    <property name="ant.home" value="/home/kulikov/apache-ant-1.8.2/" />
    <property name="ant.project.name" value="TCK" />
    <property name="sun.jnu.encoding" value="UTF-8" />
    <property name="run.dir" value="/home/kulikov/jsr-309-tck/tck-run" />
    <property name="TODAY" value="September 27 2011" />
    <property name="java.library.path" value="/home/kulikov/jdk1.6.0_24/jre/lib/i386/server:/home/kulikov/jdk1.6.0_24/jre/lib/i386:/home/kulikov/jdk1.6.0_24/jre/../lib/i386:/usr/java/packages/lib/i386:/lib:/usr/lib" />
    <property name="java.specification.name" value="Java Platform API Specification" />
    <property name="java.class.version" value="50.0" />
    <property name="sun.management.compiler" value="HotSpot Tiered Compilers" />
    <property name="ant.file.type.TCK" value="file" />
    <property name="os.version" value="2.6.33.3-85.fc13.i686" />
    <property name="ant.file" value="/home/kulikov/jsr-309-tck/build.xml" />
    <property name="user.home" value="/home/kulikov" />
    <property name="user.timezone" value="" />
    <property name="java.awt.printerjob" value="sun.print.PSPrinterJob" />
    <property name="java.specification.version" value="1.6" />
    <property name="file.encoding" value="UTF-8" />
    <property name="TSTAMP" value="1101" />
    <property name="user.name" value="kulikov" />
    <property name="java.class.path" value="/home/kulikov/jsr-309-tck:/home/kulikov/jsr-309-tck/mgcp-impl-2.0.0.GA.jar:/home/kulikov/jsr-309-tck/tck.jar:/home/kulikov/jsr-309-tck/deps/jain-mgcp-ri-1.0.jar:/home/kulikov/jsr-309-tck/deps/jain-sip-ri-1.2.146.jar:/home/kulikov/jsr-309-tck/deps/junit-4.7-src.jar:/home/kulikov/jsr-309-tck/deps/junit.jar:/home/kulikov/jsr-309-tck/deps/log4j-1.2.14.jar:/home/kulikov/jsr-309-tck/deps/mgcp-impl-2.0.1.RC1-SNAPSHOT.jar:/home/kulikov/jsr-309-tck/deps/mobicents-jsr309-impl-2.0.1.CR1-SNAPSHOT.jar:/home/kulikov/jsr-309-tck/deps/mscontrol.jar:/home/kulikov/apache-ant-1.8.2/lib/junit-4.8.1.jar:/home/kulikov/apache-ant-1.8.2/lib/ant-launcher.jar:/home/kulikov/apache-ant-1.8.2/lib/ant.jar:/home/kulikov/apache-ant-1.8.2/lib/ant-junit.jar:/home/kulikov/apache-ant-1.8.2/lib/ant-junit4.jar" />
    <property name="java.vm.specification.version" value="1.0" />
    <property name="java.home" value="/home/kulikov/jdk1.6.0_24/jre" />
    <property name="sun.arch.data.model" value="32" />
    <property name="java.specification.vendor" value="Sun Microsystems Inc." />
    <property name="user.language" value="en" />
    <property name="java.vm.info" value="mixed mode" />
    <property name="java.version" value="1.6.0_24" />
    <property name="java.ext.dirs" value="/home/kulikov/jdk1.6.0_24/jre/lib/ext:/usr/java/packages/lib/ext" />
    <property name="sun.boot.class.path" value="/home/kulikov/jdk1.6.0_24/jre/lib/resources.jar:/home/kulikov/jdk1.6.0_24/jre/lib/rt.jar:/home/kulikov/jdk1.6.0_24/jre/lib/sunrsasign.jar:/home/kulikov/jdk1.6.0_24/jre/lib/jsse.jar:/home/kulikov/jdk1.6.0_24/jre/lib/jce.jar:/home/kulikov/jdk1.6.0_24/jre/lib/charsets.jar:/home/kulikov/jdk1.6.0_24/jre/lib/modules/jdk.boot.jar:/home/kulikov/jdk1.6.0_24/jre/classes" />
    <property name="java.vendor" value="Sun Microsystems Inc." />
    <property name="ant.file.TCK" value="/home/kulikov/jsr-309-tck/build.xml" />
    <property name="file.separator" value="/" />
    <property name="java.vendor.url.bug" value="http://java.sun.com/cgi-bin/bugreport.cgi" />
    <property name="sun.cpu.endian" value="little" />
    <property name="sun.io.unicode.encoding" value="UnicodeLittle" />
    <property name="ant.file.type" value="file" />
    <property name="sun.desktop" value="gnome" />
    <property name="sun.cpu.isalist" value="" />
  </properties>
  <testcase classname="com.hp.opencall.jmsc.test.mandatory.robustness.UnchangedArgsTest" name="test_2_2_9_1_UnchangedRecordRTC" time="2.825" />
  <testcase classname="com.hp.opencall.jmsc.test.mandatory.robustness.UnchangedArgsTest" name="test_2_2_9_2_UnchangedSigDetRTC" time="5.934">
    <failure message="Timed out waiting for event from Detector(mscontrol://127.0.0.1:2427/MediaSession6/MediaGroup10), after 4seconds" type="junit.framework.AssertionFailedError">junit.framework.AssertionFailedError: Timed out waiting for event from Detector(mscontrol://127.0.0.1:2427/MediaSession6/MediaGroup10), after 4seconds
	at com.hp.opencall.jmsc.test.TestBase$EventWaiter.waitForAnyEvent(TestBase.java:293)
	at com.hp.opencall.jmsc.test.mandatory.robustness.UnchangedArgsTest.test_2_2_9_2_UnchangedSigDetRTC(UnchangedArgsTest.java:79)
	at com.hp.opencall.jmsc.test.TestBase.runBare(TestBase.java:437)
</failure>
  </testcase>
  <system-out><![CDATA[11:10:56,025 INFO  [Runner] Start    mandatory.robustness.UnchangedArgsTest.test_2_2_9_1_UnchangedRecordRTC BestPractices::arguments::2
11:10:56,040 INFO  [DriverImpl] Initializing MGCP on /127.0.0.1:2729
11:10:56,045 ERROR [JainMgcpStackImpl] Failed to locate properties file, using default values
11:10:56,052 INFO  [JainMgcpStackImpl] Jain Mgcp stack bound to IP /127.0.0.1 and UDP port 2729
Jain Mgcp stack bound to IP /127.0.0.1 and UDP port 2729
73   [] DEBUG TestBase - log4j configured
75   [] DEBUG TestBase - Loading file:/home/kulikov/jsr-309-tck/TCK.properties
221  [] INFO  MediaSessionBase - getOffer: local SDP: v=0
o=- 1317107456170 1 IN IP4 127.0.0.1
s=Mobicents Media Server
c=IN IP4 127.0.0.1
t=0 0
m=audio 65116 RTP/AVP 8 0 101
a=rtpmap:8 pcma/8000
a=rtpmap:0 pcmu/8000
a=rtpmap:101 telephone-event/8000
a=fmtp:101 0-15

221  [] INFO  MediaSessionBase - getOffer: stripped local SDP: v=0
o=- 1317107456170 1 IN IP4 127.0.0.1
s=Mobicents Media Server
c=IN IP4 127.0.0.1
t=0 0
m=audio 65116 RTP/AVP 8 0 101
a=rtpmap:8 pcma/8000
a=rtpmap:0 pcmu/8000
a=fmtp:101 0-15

261  [] INFO  MediaSessionBase - getAnswer: local SDP: v=0
o=- 1317107456263 1 IN IP4 127.0.0.1
s=Mobicents Media Server
c=IN IP4 127.0.0.1
t=0 0
m=audio 65114 RTP/AVP 8 0 101
a=rtpmap:8 pcma/8000
a=rtpmap:0 pcmu/8000
a=rtpmap:101 telephone-event/8000
a=fmtp:101 0-15

481  [] DEBUG TestBase - getProperty(testcase.recordedfile) = file:///home/kulikov/jsr-309-tck/media/recorded.wav
-------------------------------------
triggers=2
Trigger = SD_SIGNAL_DETECTED
Trigger = SD_SIGNAL_DETECTED
1590 [] DEBUG UnchangedArgsTest - org.mobicents.javax.media.mscontrol.mediagroup.RecorderImpl@55bb93 received: org.mobicents.javax.media.mscontrol.mediagroup.RecorderEventImpl@ba4211
1590 [] INFO  DriverImpl - MediaSession1 MediaGroup4 Releasing...
1895 [] INFO  DriverImpl - MediaSession1 MediaGroup5 Releasing...
2196 [] INFO  DriverImpl - MediaSession1 NetworkConnection2 Releasing....
2499 [] INFO  DriverImpl - MediaSession1 NetworkConnection3 Releasing....
2801 [] INFO  Runner - End      mandatory.robustness.UnchangedArgsTest.test_2_2_9_1_UnchangedRecordRTC
2803 [] INFO  Runner - Start    mandatory.robustness.UnchangedArgsTest.test_2_2_9_2_UnchangedSigDetRTC BestPractices::arguments::3
2838 [] INFO  MediaSessionBase - getOffer: local SDP: v=0
o=- 1317107458841 1 IN IP4 127.0.0.1
s=Mobicents Media Server
c=IN IP4 127.0.0.1
t=0 0
m=audio 65112 RTP/AVP 8 0 101
a=rtpmap:8 pcma/8000
a=rtpmap:0 pcmu/8000
a=rtpmap:101 telephone-event/8000
a=fmtp:101 0-15

2839 [] INFO  MediaSessionBase - getOffer: stripped local SDP: v=0
o=- 1317107458841 1 IN IP4 127.0.0.1
s=Mobicents Media Server
c=IN IP4 127.0.0.1
t=0 0
m=audio 65112 RTP/AVP 8 0 101
a=rtpmap:8 pcma/8000
a=rtpmap:0 pcmu/8000
a=fmtp:101 0-15

2878 [] INFO  MediaSessionBase - getAnswer: local SDP: v=0
o=- 1317107458879 1 IN IP4 127.0.0.1
s=Mobicents Media Server
c=IN IP4 127.0.0.1
t=0 0
m=audio 65110 RTP/AVP 8 0 101
a=rtpmap:8 pcma/8000
a=rtpmap:0 pcmu/8000
a=rtpmap:101 telephone-event/8000
a=fmtp:101 0-15

3019 [] INFO  DriverImpl - MediaSession6 MediaGroup10 Receive signal called
4520 [] DEBUG UnchangedArgsTest - Waiting for event from Detector(mscontrol://127.0.0.1:2427/MediaSession6/MediaGroup10) (3s remaining)
5520 [] DEBUG UnchangedArgsTest - Waiting for event from Detector(mscontrol://127.0.0.1:2427/MediaSession6/MediaGroup10) (2s remaining)
6521 [] DEBUG UnchangedArgsTest - Waiting for event from Detector(mscontrol://127.0.0.1:2427/MediaSession6/MediaGroup10) (0s remaining)
7522 [] INFO  DriverImpl - MediaSession6 MediaGroup9 Releasing...
7823 [] INFO  DriverImpl - MediaSession6 MediaGroup10 Releasing...
8124 [] INFO  DriverImpl - MediaSession6 NetworkConnection7 Releasing....
8425 [] INFO  DriverImpl - MediaSession6 NetworkConnection8 Releasing....
]]></system-out>
  <system-err><![CDATA[]]></system-err>
</testsuite>
