<?xml version="1.0" encoding="UTF-8" ?>
<testsuite errors="0" failures="1" hostname="kulikov.mobicents.org" name="com.hp.opencall.jmsc.test.mandatory.functional.mediagroup.PromptAndCollectTest" tests="5" time="41.829" timestamp="2011-09-27T07:02:32">
  <properties>
    <property name="ant.project.invoked-targets" value="run" />
    <property name="java.runtime.name" value="Java(TM) SE Runtime Environment" />
    <property name="DATE_TIME" value="2011-09-27_11-01" />
    <property name="sun.boot.library.path" value="/home/kulikov/jdk1.6.0_24/jre/lib/i386" />
    <property name="java.vm.version" value="19.1-b02" />
    <property name="ant.library.dir" value="/home/kulikov/apache-ant-1.8.2//lib" />
    <property name="ant.version" value="Apache Ant(TM) version 1.8.2 compiled on December 20 2010" />
    <property name="run.report" value="/home/kulikov/jsr-309-tck/tck-reports/2011-09-27_11-01" />
    <property name="ant.java.version" value="1.6" />
    <property name="java.vm.vendor" value="Sun Microsystems Inc." />
    <property name="java.vendor.url" value="http://java.sun.com/" />
    <property name="path.separator" value=":" />
    <property name="java.vm.name" value="Java HotSpot(TM) Server VM" />
    <property name="file.encoding.pkg" value="sun.io" />
    <property name="user.country" value="US" />
    <property name="sun.java.launcher" value="SUN_STANDARD" />
    <property name="sun.os.patch.level" value="unknown" />
    <property name="java.vm.specification.name" value="Java Virtual Machine Specification" />
    <property name="user.dir" value="/home/kulikov/jsr-309-tck" />
    <property name="java.runtime.version" value="1.6.0_24-b07" />
    <property name="java.awt.graphicsenv" value="sun.awt.X11GraphicsEnvironment" />
    <property name="basedir" value="/home/kulikov/jsr-309-tck" />
    <property name="java.endorsed.dirs" value="/home/kulikov/jdk1.6.0_24/jre/lib/endorsed" />
    <property name="os.arch" value="i386" />
    <property name="ant.project.default-target" value="run" />
    <property name="java.io.tmpdir" value="/tmp" />
    <property name="ant.core.lib" value="/home/kulikov/apache-ant-1.8.2/lib/ant.jar" />
    <property name="line.separator" value="&#xa;" />
    <property name="java.vm.specification.vendor" value="Sun Microsystems Inc." />
    <property name="run.testlist" value="com/hp/opencall/jmsc/test/mandatory/**/*Test.class" />
    <property name="os.name" value="Linux" />
    <property name="DSTAMP" value="20110927" />
    <property name="ant.home" value="/home/kulikov/apache-ant-1.8.2/" />
    <property name="ant.project.name" value="TCK" />
    <property name="sun.jnu.encoding" value="UTF-8" />
    <property name="run.dir" value="/home/kulikov/jsr-309-tck/tck-run" />
    <property name="TODAY" value="September 27 2011" />
    <property name="java.library.path" value="/home/kulikov/jdk1.6.0_24/jre/lib/i386/server:/home/kulikov/jdk1.6.0_24/jre/lib/i386:/home/kulikov/jdk1.6.0_24/jre/../lib/i386:/usr/java/packages/lib/i386:/lib:/usr/lib" />
    <property name="java.specification.name" value="Java Platform API Specification" />
    <property name="java.class.version" value="50.0" />
    <property name="sun.management.compiler" value="HotSpot Tiered Compilers" />
    <property name="ant.file.type.TCK" value="file" />
    <property name="os.version" value="2.6.33.3-85.fc13.i686" />
    <property name="ant.file" value="/home/kulikov/jsr-309-tck/build.xml" />
    <property name="user.home" value="/home/kulikov" />
    <property name="user.timezone" value="" />
    <property name="java.awt.printerjob" value="sun.print.PSPrinterJob" />
    <property name="java.specification.version" value="1.6" />
    <property name="file.encoding" value="UTF-8" />
    <property name="TSTAMP" value="1101" />
    <property name="user.name" value="kulikov" />
    <property name="java.class.path" value="/home/kulikov/jsr-309-tck:/home/kulikov/jsr-309-tck/mgcp-impl-2.0.0.GA.jar:/home/kulikov/jsr-309-tck/tck.jar:/home/kulikov/jsr-309-tck/deps/jain-mgcp-ri-1.0.jar:/home/kulikov/jsr-309-tck/deps/jain-sip-ri-1.2.146.jar:/home/kulikov/jsr-309-tck/deps/junit-4.7-src.jar:/home/kulikov/jsr-309-tck/deps/junit.jar:/home/kulikov/jsr-309-tck/deps/log4j-1.2.14.jar:/home/kulikov/jsr-309-tck/deps/mgcp-impl-2.0.1.RC1-SNAPSHOT.jar:/home/kulikov/jsr-309-tck/deps/mobicents-jsr309-impl-2.0.1.CR1-SNAPSHOT.jar:/home/kulikov/jsr-309-tck/deps/mscontrol.jar:/home/kulikov/apache-ant-1.8.2/lib/junit-4.8.1.jar:/home/kulikov/apache-ant-1.8.2/lib/ant-launcher.jar:/home/kulikov/apache-ant-1.8.2/lib/ant.jar:/home/kulikov/apache-ant-1.8.2/lib/ant-junit.jar:/home/kulikov/apache-ant-1.8.2/lib/ant-junit4.jar" />
    <property name="java.vm.specification.version" value="1.0" />
    <property name="java.home" value="/home/kulikov/jdk1.6.0_24/jre" />
    <property name="sun.arch.data.model" value="32" />
    <property name="java.specification.vendor" value="Sun Microsystems Inc." />
    <property name="user.language" value="en" />
    <property name="java.vm.info" value="mixed mode" />
    <property name="java.version" value="1.6.0_24" />
    <property name="java.ext.dirs" value="/home/kulikov/jdk1.6.0_24/jre/lib/ext:/usr/java/packages/lib/ext" />
    <property name="sun.boot.class.path" value="/home/kulikov/jdk1.6.0_24/jre/lib/resources.jar:/home/kulikov/jdk1.6.0_24/jre/lib/rt.jar:/home/kulikov/jdk1.6.0_24/jre/lib/sunrsasign.jar:/home/kulikov/jdk1.6.0_24/jre/lib/jsse.jar:/home/kulikov/jdk1.6.0_24/jre/lib/jce.jar:/home/kulikov/jdk1.6.0_24/jre/lib/charsets.jar:/home/kulikov/jdk1.6.0_24/jre/lib/modules/jdk.boot.jar:/home/kulikov/jdk1.6.0_24/jre/classes" />
    <property name="java.vendor" value="Sun Microsystems Inc." />
    <property name="ant.file.TCK" value="/home/kulikov/jsr-309-tck/build.xml" />
    <property name="file.separator" value="/" />
    <property name="java.vendor.url.bug" value="http://java.sun.com/cgi-bin/bugreport.cgi" />
    <property name="sun.cpu.endian" value="little" />
    <property name="sun.io.unicode.encoding" value="UnicodeLittle" />
    <property name="ant.file.type" value="file" />
    <property name="sun.desktop" value="gnome" />
    <property name="sun.cpu.isalist" value="" />
  </properties>
  <testcase classname="com.hp.opencall.jmsc.test.mandatory.functional.mediagroup.PromptAndCollectTest" name="test_2_1_10_1_PROMPT" time="4.386" />
  <testcase classname="com.hp.opencall.jmsc.test.mandatory.functional.mediagroup.PromptAndCollectTest" name="test_2_1_10_2_Prompt_BargeIn" time="10.501">
    <failure message="Unexpected event from Detector(mscontrol://127.0.0.1:2427/MediaSession6/MediaGroup10): FLUSH_BUFFER_COMPLETED(null, signal=null)" type="junit.framework.AssertionFailedError">junit.framework.AssertionFailedError: Unexpected event from Detector(mscontrol://127.0.0.1:2427/MediaSession6/MediaGroup10): FLUSH_BUFFER_COMPLETED(null, signal=null)
	at com.hp.opencall.jmsc.test.TestBase$EventWaiter.failIfEvent(TestBase.java:284)
	at com.hp.opencall.jmsc.test.mandatory.functional.mediagroup.PromptAndCollectTest.test_2_1_10_2_Prompt_BargeIn(PromptAndCollectTest.java:178)
	at com.hp.opencall.jmsc.test.TestBase.runBare(TestBase.java:437)
</failure>
  </testcase>
  <testcase classname="com.hp.opencall.jmsc.test.mandatory.functional.mediagroup.PromptAndCollectTest" name="test_2_1_10_3_Cancel" time="5.516" />
  <testcase classname="com.hp.opencall.jmsc.test.mandatory.functional.mediagroup.PromptAndCollectTest" name="test_2_1_10_4_CancelWithPrompt" time="5.546" />
  <testcase classname="com.hp.opencall.jmsc.test.mandatory.functional.mediagroup.PromptAndCollectTest" name="test_2_1_10_5_Cleardigits" time="15.865" />
  <system-out><![CDATA[11:02:32,965 INFO  [Runner] Start    mandatory.functional.mediagroup.PromptAndCollectTest.test_2_1_10_1_PROMPT javadoc::SignalDetector:23
11:02:32,987 INFO  [DriverImpl] Initializing MGCP on /127.0.0.1:2729
11:02:32,993 ERROR [JainMgcpStackImpl] Failed to locate properties file, using default values
11:02:32,999 INFO  [JainMgcpStackImpl] Jain Mgcp stack bound to IP /127.0.0.1 and UDP port 2729
Jain Mgcp stack bound to IP /127.0.0.1 and UDP port 2729
83   [] DEBUG TestBase - log4j configured
84   [] DEBUG TestBase - Loading file:/home/kulikov/jsr-309-tck/TCK.properties
232  [] INFO  MediaSessionBase - getOffer: local SDP: v=0
o=- 1317106953123 1 IN IP4 127.0.0.1
s=Mobicents Media Server
c=IN IP4 127.0.0.1
t=0 0
m=audio 65504 RTP/AVP 8 0 101
a=rtpmap:8 pcma/8000
a=rtpmap:0 pcmu/8000
a=rtpmap:101 telephone-event/8000
a=fmtp:101 0-15

232  [] INFO  MediaSessionBase - getOffer: stripped local SDP: v=0
o=- 1317106953123 1 IN IP4 127.0.0.1
s=Mobicents Media Server
c=IN IP4 127.0.0.1
t=0 0
m=audio 65504 RTP/AVP 8 0 101
a=rtpmap:8 pcma/8000
a=rtpmap:0 pcmu/8000
a=fmtp:101 0-15

273  [] INFO  MediaSessionBase - getAnswer: local SDP: v=0
o=- 1317106953213 1 IN IP4 127.0.0.1
s=Mobicents Media Server
c=IN IP4 127.0.0.1
t=0 0
m=audio 65502 RTP/AVP 8 0 101
a=rtpmap:8 pcma/8000
a=rtpmap:0 pcmu/8000
a=rtpmap:101 telephone-event/8000
a=fmtp:101 0-15

473  [] INFO  DriverImpl - MediaSession1 MediaGroup4 Receive signal called
985  [] DEBUG TestBase - getProperty(testcase.dtmf1) = file:///home/kulikov/jsr-309-tck/media/dtmf-1.wav
986  [] INFO  DriverImpl - MediaSession1 MediaGroup5 Receive signal called
2487 [] DEBUG PromptAndCollectTest - Waiting for event from Detector(mscontrol://127.0.0.1:2427/MediaSession1/MediaGroup4) (4s remaining)
3148 [] DEBUG PromptAndCollectTest - Detector(mscontrol://127.0.0.1:2427/MediaSession1/MediaGroup4) received: RECEIVE_SIGNALS_COMPLETED(NUM_SIGNALS_DETECTED, signal=1)
3149 [] INFO  DriverImpl - MediaSession1 MediaGroup4 Releasing...
3454 [] INFO  DriverImpl - MediaSession1 MediaGroup5 Releasing...
3755 [] INFO  DriverImpl - MediaSession1 NetworkConnection2 Releasing....
4058 [] INFO  DriverImpl - MediaSession1 NetworkConnection3 Releasing....
4360 [] INFO  Runner - End      mandatory.functional.mediagroup.PromptAndCollectTest.test_2_1_10_1_PROMPT
4363 [] INFO  Runner - Start    mandatory.functional.mediagroup.PromptAndCollectTest.test_2_1_10_2_Prompt_BargeIn javadoc::SignalDetector:27 javadoc::MediaGroup::12
4400 [] INFO  MediaSessionBase - getOffer: local SDP: v=0
o=- 1317106957340 1 IN IP4 127.0.0.1
s=Mobicents Media Server
c=IN IP4 127.0.0.1
t=0 0
m=audio 65500 RTP/AVP 8 0 101
a=rtpmap:8 pcma/8000
a=rtpmap:0 pcmu/8000
a=rtpmap:101 telephone-event/8000
a=fmtp:101 0-15

4401 [] INFO  MediaSessionBase - getOffer: stripped local SDP: v=0
o=- 1317106957340 1 IN IP4 127.0.0.1
s=Mobicents Media Server
c=IN IP4 127.0.0.1
t=0 0
m=audio 65500 RTP/AVP 8 0 101
a=rtpmap:8 pcma/8000
a=rtpmap:0 pcmu/8000
a=fmtp:101 0-15

4440 [] INFO  MediaSessionBase - getAnswer: local SDP: v=0
o=- 1317106957386 1 IN IP4 127.0.0.1
s=Mobicents Media Server
c=IN IP4 127.0.0.1
t=0 0
m=audio 65498 RTP/AVP 8 0 101
a=rtpmap:8 pcma/8000
a=rtpmap:0 pcmu/8000
a=rtpmap:101 telephone-event/8000
a=fmtp:101 0-15

4578 [] INFO  PromptAndCollectTest - test_2_1_10_2_Prompt_BargeIn: step 1: barge-in disabled
4579 [] DEBUG TestBase - getProperty(testcase.bargein.prompt) = file:///home/kulikov/jsr-309-tck/media/cago-dtmf2.wav
4579 [] INFO  DriverImpl - MediaSession6 MediaGroup10 Receive signal called
6080 [] DEBUG TestBase - getProperty(testcase.dtmf1) = file:///home/kulikov/jsr-309-tck/media/dtmf-1.wav
6591 [] DEBUG PromptAndCollectTest - org.mobicents.javax.media.mscontrol.mediagroup.PlayerImpl@5976c2 received: org.mobicents.javax.media.mscontrol.mediagroup.PlayerEventImpl@183e7de
6593 [] INFO  DriverImpl - MediaSession6 MediaGroup9 Receive signal called
8094 [] DEBUG PromptAndCollectTest - Waiting for event from Detector(mscontrol://127.0.0.1:2427/MediaSession6/MediaGroup9) (4s remaining)
9094 [] DEBUG PromptAndCollectTest - Waiting for event from Detector(mscontrol://127.0.0.1:2427/MediaSession6/MediaGroup9) (2s remaining)
10094 [] DEBUG PromptAndCollectTest - Waiting for event from Detector(mscontrol://127.0.0.1:2427/MediaSession6/MediaGroup9) (1s remaining)
10620 [] DEBUG PromptAndCollectTest - Detector(mscontrol://127.0.0.1:2427/MediaSession6/MediaGroup10) received: RECEIVE_SIGNALS_COMPLETED(NUM_SIGNALS_DETECTED, signal=1)
11095 [] DEBUG PromptAndCollectTest - Waiting for event from Detector(mscontrol://127.0.0.1:2427/MediaSession6/MediaGroup9) (0s remaining)
11622 [] DEBUG PromptAndCollectTest - Detector(mscontrol://127.0.0.1:2427/MediaSession6/MediaGroup9) received: RECEIVE_SIGNALS_COMPLETED(NUM_SIGNALS_DETECTED, signal=2)
12644 [] DEBUG PromptAndCollectTest - Detector(mscontrol://127.0.0.1:2427/MediaSession6/MediaGroup10) received: RECEIVE_SIGNALS_COMPLETED(STOPPED, signal=null)
DONE STOP=======================>
12645 [] INFO  PromptAndCollectTest - test_2_1_10_2_Prompt_BargeIn: step 2: barge-in enabled
12645 [] INFO  DriverImpl - MediaSession6 MediaGroup10 Receive signal called
13646 [] DEBUG PromptAndCollectTest - Detector(mscontrol://127.0.0.1:2427/MediaSession6/MediaGroup10) received: FLUSH_BUFFER_COMPLETED(null, signal=null)
DONE FLUSH BUFFER=======================>
13648 [] INFO  DriverImpl - MediaSession6 MediaGroup9 Releasing...
13949 [] INFO  DriverImpl - MediaSession6 MediaGroup10 Releasing...
14250 [] INFO  DriverImpl - MediaSession6 NetworkConnection7 Releasing....
14552 [] INFO  DriverImpl - MediaSession6 NetworkConnection8 Releasing....
14864 [] INFO  Runner - Start    mandatory.functional.mediagroup.PromptAndCollectTest.test_2_1_10_3_Cancel javadoc::SignalDetector:26 javadoc::SignalDetector::30
14898 [] INFO  MediaSessionBase - getOffer: local SDP: v=0
o=- 1317106967841 1 IN IP4 127.0.0.1
s=Mobicents Media Server
c=IN IP4 127.0.0.1
t=0 0
m=audio 65496 RTP/AVP 8 0 101
a=rtpmap:8 pcma/8000
a=rtpmap:0 pcmu/8000
a=rtpmap:101 telephone-event/8000
a=fmtp:101 0-15

14899 [] INFO  MediaSessionBase - getOffer: stripped local SDP: v=0
o=- 1317106967841 1 IN IP4 127.0.0.1
s=Mobicents Media Server
c=IN IP4 127.0.0.1
t=0 0
m=audio 65496 RTP/AVP 8 0 101
a=rtpmap:8 pcma/8000
a=rtpmap:0 pcmu/8000
a=fmtp:101 0-15

14940 [] INFO  MediaSessionBase - getAnswer: local SDP: v=0
o=- 1317106967881 1 IN IP4 127.0.0.1
s=Mobicents Media Server
c=IN IP4 127.0.0.1
t=0 0
m=audio 65494 RTP/AVP 8 0 101
a=rtpmap:8 pcma/8000
a=rtpmap:0 pcmu/8000
a=rtpmap:101 telephone-event/8000
a=fmtp:101 0-15

15078 [] INFO  DriverImpl - MediaSession11 MediaGroup15 Receive signal called
15578 [] DEBUG TestBase - getProperty(testcase.dtmf1-9) = file:///home/kulikov/jsr-309-tck/media/dtmfs-1-9.wav
16600 [] DEBUG PromptAndCollectTest - Waiting for event from Detector(mscontrol://127.0.0.1:2427/MediaSession11/MediaGroup15) (9s remaining)
17600 [] DEBUG PromptAndCollectTest - Waiting for event from Detector(mscontrol://127.0.0.1:2427/MediaSession11/MediaGroup15) (8s remaining)
18601 [] DEBUG PromptAndCollectTest - Waiting for event from Detector(mscontrol://127.0.0.1:2427/MediaSession11/MediaGroup15) (6s remaining)
19173 [] DEBUG PromptAndCollectTest - Detector(mscontrol://127.0.0.1:2427/MediaSession11/MediaGroup15) received: RECEIVE_SIGNALS_COMPLETED(RTC_TRIGGERED, signal=123)
19174 [] INFO  DriverImpl - MediaSession11 MediaGroup14 Releasing...
19475 [] INFO  DriverImpl - MediaSession11 MediaGroup15 Releasing...
19776 [] INFO  DriverImpl - MediaSession11 NetworkConnection12 Releasing....
20077 [] INFO  DriverImpl - MediaSession11 NetworkConnection13 Releasing....
20379 [] INFO  Runner - End      mandatory.functional.mediagroup.PromptAndCollectTest.test_2_1_10_3_Cancel
20380 [] INFO  Runner - Start    mandatory.functional.mediagroup.PromptAndCollectTest.test_2_1_10_4_CancelWithPrompt
20432 [] INFO  MediaSessionBase - getOffer: local SDP: v=0
o=- 1317106973356 1 IN IP4 127.0.0.1
s=Mobicents Media Server
c=IN IP4 127.0.0.1
t=0 0
m=audio 65492 RTP/AVP 8 0 101
a=rtpmap:8 pcma/8000
a=rtpmap:0 pcmu/8000
a=rtpmap:101 telephone-event/8000
a=fmtp:101 0-15

20432 [] INFO  MediaSessionBase - getOffer: stripped local SDP: v=0
o=- 1317106973356 1 IN IP4 127.0.0.1
s=Mobicents Media Server
c=IN IP4 127.0.0.1
t=0 0
m=audio 65492 RTP/AVP 8 0 101
a=rtpmap:8 pcma/8000
a=rtpmap:0 pcmu/8000
a=fmtp:101 0-15

20482 [] INFO  MediaSessionBase - getAnswer: local SDP: v=0
o=- 1317106973415 1 IN IP4 127.0.0.1
s=Mobicents Media Server
c=IN IP4 127.0.0.1
t=0 0
m=audio 65490 RTP/AVP 8 0 101
a=rtpmap:8 pcma/8000
a=rtpmap:0 pcmu/8000
a=rtpmap:101 telephone-event/8000
a=fmtp:101 0-15

20622 [] DEBUG TestBase - getProperty(testcase.promptfile) = file:///home/kulikov/jsr-309-tck/media/Numbers_1-15.wav
20623 [] INFO  DriverImpl - MediaSession16 MediaGroup20 Receive signal called
21123 [] DEBUG TestBase - getProperty(testcase.dtmf1-9) = file:///home/kulikov/jsr-309-tck/media/dtmfs-1-9.wav
22147 [] DEBUG PromptAndCollectTest - Waiting for event from Detector(mscontrol://127.0.0.1:2427/MediaSession16/MediaGroup20) (9s remaining)
23147 [] DEBUG PromptAndCollectTest - Waiting for event from Detector(mscontrol://127.0.0.1:2427/MediaSession16/MediaGroup20) (8s remaining)
24148 [] DEBUG PromptAndCollectTest - Waiting for event from Detector(mscontrol://127.0.0.1:2427/MediaSession16/MediaGroup20) (7s remaining)
24718 [] DEBUG PromptAndCollectTest - Detector(mscontrol://127.0.0.1:2427/MediaSession16/MediaGroup20) received: RECEIVE_SIGNALS_COMPLETED(RTC_TRIGGERED, signal=123)
24718 [] INFO  DriverImpl - MediaSession16 MediaGroup19 Releasing...
25019 [] INFO  DriverImpl - MediaSession16 MediaGroup20 Releasing...
25321 [] INFO  DriverImpl - MediaSession16 NetworkConnection17 Releasing....
25622 [] INFO  DriverImpl - MediaSession16 NetworkConnection18 Releasing....
25923 [] INFO  Runner - End      mandatory.functional.mediagroup.PromptAndCollectTest.test_2_1_10_4_CancelWithPrompt
25926 [] INFO  Runner - Start    mandatory.functional.mediagroup.PromptAndCollectTest.test_2_1_10_5_Cleardigits
25965 [] INFO  MediaSessionBase - getOffer: local SDP: v=0
o=- 1317106978905 1 IN IP4 127.0.0.1
s=Mobicents Media Server
c=IN IP4 127.0.0.1
t=0 0
m=audio 65488 RTP/AVP 8 0 101
a=rtpmap:8 pcma/8000
a=rtpmap:0 pcmu/8000
a=rtpmap:101 telephone-event/8000
a=fmtp:101 0-15

25966 [] INFO  MediaSessionBase - getOffer: stripped local SDP: v=0
o=- 1317106978905 1 IN IP4 127.0.0.1
s=Mobicents Media Server
c=IN IP4 127.0.0.1
t=0 0
m=audio 65488 RTP/AVP 8 0 101
a=rtpmap:8 pcma/8000
a=rtpmap:0 pcmu/8000
a=fmtp:101 0-15

26004 [] INFO  MediaSessionBase - getAnswer: local SDP: v=0
o=- 1317106978949 1 IN IP4 127.0.0.1
s=Mobicents Media Server
c=IN IP4 127.0.0.1
t=0 0
m=audio 65486 RTP/AVP 8 0 101
a=rtpmap:8 pcma/8000
a=rtpmap:0 pcmu/8000
a=rtpmap:101 telephone-event/8000
a=fmtp:101 0-15

26143 [] DEBUG TestBase - getProperty(testcase.dtmf1) = file:///home/kulikov/jsr-309-tck/media/dtmf-1.wav
26646 [] DEBUG PromptAndCollectTest - org.mobicents.javax.media.mscontrol.mediagroup.PlayerImpl@11db6bb received: org.mobicents.javax.media.mscontrol.mediagroup.PlayerEventImpl@1c7e2da
26646 [] DEBUG TestBase - getProperty(testcase.onesecondfile) = file:///home/kulikov/jsr-309-tck/media/cagocago-onesecond.wav
26647 [] INFO  DriverImpl - MediaSession21 MediaGroup25 Receive signal called
28148 [] DEBUG PromptAndCollectTest - Waiting for event from Detector(mscontrol://127.0.0.1:2427/MediaSession21/MediaGroup25) (2s remaining)
29148 [] DEBUG PromptAndCollectTest - Waiting for event from Detector(mscontrol://127.0.0.1:2427/MediaSession21/MediaGroup25) (0s remaining)
30148 [] DEBUG TestBase - getProperty(testcase.dtmf1-9) = file:///home/kulikov/jsr-309-tck/media/dtmfs-1-9.wav
31165 [] DEBUG PromptAndCollectTest - Waiting for event from Detector(mscontrol://127.0.0.1:2427/MediaSession21/MediaGroup25) (4s remaining)
32166 [] DEBUG PromptAndCollectTest - Waiting for event from Detector(mscontrol://127.0.0.1:2427/MediaSession21/MediaGroup25) (3s remaining)
32291 [] DEBUG PromptAndCollectTest - Detector(mscontrol://127.0.0.1:2427/MediaSession21/MediaGroup25) received: RECEIVE_SIGNALS_COMPLETED(NUM_SIGNALS_DETECTED, signal=11)
32333 [] INFO  MediaSessionBase - getOffer: local SDP: v=0
o=- 1317106985267 1 IN IP4 127.0.0.1
s=Mobicents Media Server
c=IN IP4 127.0.0.1
t=0 0
m=audio 65484 RTP/AVP 8 0 101
a=rtpmap:8 pcma/8000
a=rtpmap:0 pcmu/8000
a=rtpmap:101 telephone-event/8000
a=fmtp:101 0-15

32334 [] INFO  MediaSessionBase - getOffer: stripped local SDP: v=0
o=- 1317106985267 1 IN IP4 127.0.0.1
s=Mobicents Media Server
c=IN IP4 127.0.0.1
t=0 0
m=audio 65484 RTP/AVP 8 0 101
a=rtpmap:8 pcma/8000
a=rtpmap:0 pcmu/8000
a=fmtp:101 0-15

32374 [] INFO  MediaSessionBase - getAnswer: local SDP: v=0
o=- 1317106985317 1 IN IP4 127.0.0.1
s=Mobicents Media Server
c=IN IP4 127.0.0.1
t=0 0
m=audio 65482 RTP/AVP 8 0 101
a=rtpmap:8 pcma/8000
a=rtpmap:0 pcmu/8000
a=rtpmap:101 telephone-event/8000
a=fmtp:101 0-15

32512 [] DEBUG TestBase - getProperty(testcase.dtmf1) = file:///home/kulikov/jsr-309-tck/media/dtmf-1.wav
33015 [] DEBUG PromptAndCollectTest - org.mobicents.javax.media.mscontrol.mediagroup.PlayerImpl@1077fc9 received: org.mobicents.javax.media.mscontrol.mediagroup.PlayerEventImpl@1568fb5
33015 [] DEBUG TestBase - getProperty(testcase.onesecondfile) = file:///home/kulikov/jsr-309-tck/media/cagocago-onesecond.wav
33016 [] INFO  DriverImpl - MediaSession21 MediaGroup29 Receive signal called
34517 [] DEBUG PromptAndCollectTest - Waiting for event from Detector(mscontrol://127.0.0.1:2427/MediaSession21/MediaGroup29) (2s remaining)
35517 [] DEBUG PromptAndCollectTest - Waiting for event from Detector(mscontrol://127.0.0.1:2427/MediaSession21/MediaGroup29) (1s remaining)
36518 [] DEBUG TestBase - getProperty(testcase.dtmf1-9) = file:///home/kulikov/jsr-309-tck/media/dtmfs-1-9.wav
37531 [] DEBUG PromptAndCollectTest - Waiting for event from Detector(mscontrol://127.0.0.1:2427/MediaSession21/MediaGroup29) (4s remaining)
37537 [] DEBUG PromptAndCollectTest - org.mobicents.javax.media.mscontrol.mediagroup.PlayerImpl@11db6bb received: org.mobicents.javax.media.mscontrol.mediagroup.PlayerEventImpl@1dccedd
38531 [] DEBUG PromptAndCollectTest - Waiting for event from Detector(mscontrol://127.0.0.1:2427/MediaSession21/MediaGroup29) (3s remaining)
39381 [] DEBUG PromptAndCollectTest - Detector(mscontrol://127.0.0.1:2427/MediaSession21/MediaGroup29) received: RECEIVE_SIGNALS_COMPLETED(NUM_SIGNALS_DETECTED, signal=12)
39381 [] INFO  DriverImpl - MediaSession21 MediaGroup24 Releasing...
39683 [] INFO  DriverImpl - MediaSession21 MediaGroup25 Releasing...
39984 [] INFO  DriverImpl - MediaSession21 MediaGroup28 Releasing...
40006 [] DEBUG PromptAndCollectTest - org.mobicents.javax.media.mscontrol.mediagroup.PlayerImpl@1077fc9 received: org.mobicents.javax.media.mscontrol.mediagroup.PlayerEventImpl@70be88
40285 [] INFO  DriverImpl - MediaSession21 MediaGroup29 Releasing...
40586 [] INFO  DriverImpl - MediaSession21 NetworkConnection22 Releasing....
40888 [] INFO  DriverImpl - MediaSession21 NetworkConnection23 Releasing....
41189 [] INFO  DriverImpl - MediaSession21 NetworkConnection26 Releasing....
41490 [] INFO  DriverImpl - MediaSession21 NetworkConnection27 Releasing....
41791 [] INFO  Runner - End      mandatory.functional.mediagroup.PromptAndCollectTest.test_2_1_10_5_Cleardigits
]]></system-out>
  <system-err><![CDATA[]]></system-err>
</testsuite>
