<?xml version="1.0" encoding="UTF-8" ?>
<testsuite errors="0" failures="1" hostname="kulikov.mobicents.org" name="com.hp.opencall.jmsc.test.mandatory.functional.mixer.MixerMediaGroupTest" tests="2" time="11.821" timestamp="2011-09-27T07:08:57">
  <properties>
    <property name="ant.project.invoked-targets" value="run" />
    <property name="java.runtime.name" value="Java(TM) SE Runtime Environment" />
    <property name="DATE_TIME" value="2011-09-27_11-01" />
    <property name="sun.boot.library.path" value="/home/kulikov/jdk1.6.0_24/jre/lib/i386" />
    <property name="java.vm.version" value="19.1-b02" />
    <property name="ant.library.dir" value="/home/kulikov/apache-ant-1.8.2//lib" />
    <property name="ant.version" value="Apache Ant(TM) version 1.8.2 compiled on December 20 2010" />
    <property name="run.report" value="/home/kulikov/jsr-309-tck/tck-reports/2011-09-27_11-01" />
    <property name="ant.java.version" value="1.6" />
    <property name="java.vm.vendor" value="Sun Microsystems Inc." />
    <property name="java.vendor.url" value="http://java.sun.com/" />
    <property name="path.separator" value=":" />
    <property name="java.vm.name" value="Java HotSpot(TM) Server VM" />
    <property name="file.encoding.pkg" value="sun.io" />
    <property name="user.country" value="US" />
    <property name="sun.java.launcher" value="SUN_STANDARD" />
    <property name="sun.os.patch.level" value="unknown" />
    <property name="java.vm.specification.name" value="Java Virtual Machine Specification" />
    <property name="user.dir" value="/home/kulikov/jsr-309-tck" />
    <property name="java.runtime.version" value="1.6.0_24-b07" />
    <property name="java.awt.graphicsenv" value="sun.awt.X11GraphicsEnvironment" />
    <property name="basedir" value="/home/kulikov/jsr-309-tck" />
    <property name="java.endorsed.dirs" value="/home/kulikov/jdk1.6.0_24/jre/lib/endorsed" />
    <property name="os.arch" value="i386" />
    <property name="ant.project.default-target" value="run" />
    <property name="java.io.tmpdir" value="/tmp" />
    <property name="ant.core.lib" value="/home/kulikov/apache-ant-1.8.2/lib/ant.jar" />
    <property name="line.separator" value="&#xa;" />
    <property name="java.vm.specification.vendor" value="Sun Microsystems Inc." />
    <property name="run.testlist" value="com/hp/opencall/jmsc/test/mandatory/**/*Test.class" />
    <property name="os.name" value="Linux" />
    <property name="DSTAMP" value="20110927" />
    <property name="ant.home" value="/home/kulikov/apache-ant-1.8.2/" />
    <property name="ant.project.name" value="TCK" />
    <property name="sun.jnu.encoding" value="UTF-8" />
    <property name="run.dir" value="/home/kulikov/jsr-309-tck/tck-run" />
    <property name="TODAY" value="September 27 2011" />
    <property name="java.library.path" value="/home/kulikov/jdk1.6.0_24/jre/lib/i386/server:/home/kulikov/jdk1.6.0_24/jre/lib/i386:/home/kulikov/jdk1.6.0_24/jre/../lib/i386:/usr/java/packages/lib/i386:/lib:/usr/lib" />
    <property name="java.specification.name" value="Java Platform API Specification" />
    <property name="java.class.version" value="50.0" />
    <property name="sun.management.compiler" value="HotSpot Tiered Compilers" />
    <property name="ant.file.type.TCK" value="file" />
    <property name="os.version" value="2.6.33.3-85.fc13.i686" />
    <property name="ant.file" value="/home/kulikov/jsr-309-tck/build.xml" />
    <property name="user.home" value="/home/kulikov" />
    <property name="user.timezone" value="" />
    <property name="java.awt.printerjob" value="sun.print.PSPrinterJob" />
    <property name="java.specification.version" value="1.6" />
    <property name="file.encoding" value="UTF-8" />
    <property name="TSTAMP" value="1101" />
    <property name="user.name" value="kulikov" />
    <property name="java.class.path" value="/home/kulikov/jsr-309-tck:/home/kulikov/jsr-309-tck/mgcp-impl-2.0.0.GA.jar:/home/kulikov/jsr-309-tck/tck.jar:/home/kulikov/jsr-309-tck/deps/jain-mgcp-ri-1.0.jar:/home/kulikov/jsr-309-tck/deps/jain-sip-ri-1.2.146.jar:/home/kulikov/jsr-309-tck/deps/junit-4.7-src.jar:/home/kulikov/jsr-309-tck/deps/junit.jar:/home/kulikov/jsr-309-tck/deps/log4j-1.2.14.jar:/home/kulikov/jsr-309-tck/deps/mgcp-impl-2.0.1.RC1-SNAPSHOT.jar:/home/kulikov/jsr-309-tck/deps/mobicents-jsr309-impl-2.0.1.CR1-SNAPSHOT.jar:/home/kulikov/jsr-309-tck/deps/mscontrol.jar:/home/kulikov/apache-ant-1.8.2/lib/junit-4.8.1.jar:/home/kulikov/apache-ant-1.8.2/lib/ant-launcher.jar:/home/kulikov/apache-ant-1.8.2/lib/ant.jar:/home/kulikov/apache-ant-1.8.2/lib/ant-junit.jar:/home/kulikov/apache-ant-1.8.2/lib/ant-junit4.jar" />
    <property name="java.vm.specification.version" value="1.0" />
    <property name="java.home" value="/home/kulikov/jdk1.6.0_24/jre" />
    <property name="sun.arch.data.model" value="32" />
    <property name="java.specification.vendor" value="Sun Microsystems Inc." />
    <property name="user.language" value="en" />
    <property name="java.vm.info" value="mixed mode" />
    <property name="java.version" value="1.6.0_24" />
    <property name="java.ext.dirs" value="/home/kulikov/jdk1.6.0_24/jre/lib/ext:/usr/java/packages/lib/ext" />
    <property name="sun.boot.class.path" value="/home/kulikov/jdk1.6.0_24/jre/lib/resources.jar:/home/kulikov/jdk1.6.0_24/jre/lib/rt.jar:/home/kulikov/jdk1.6.0_24/jre/lib/sunrsasign.jar:/home/kulikov/jdk1.6.0_24/jre/lib/jsse.jar:/home/kulikov/jdk1.6.0_24/jre/lib/jce.jar:/home/kulikov/jdk1.6.0_24/jre/lib/charsets.jar:/home/kulikov/jdk1.6.0_24/jre/lib/modules/jdk.boot.jar:/home/kulikov/jdk1.6.0_24/jre/classes" />
    <property name="java.vendor" value="Sun Microsystems Inc." />
    <property name="ant.file.TCK" value="/home/kulikov/jsr-309-tck/build.xml" />
    <property name="file.separator" value="/" />
    <property name="java.vendor.url.bug" value="http://java.sun.com/cgi-bin/bugreport.cgi" />
    <property name="sun.cpu.endian" value="little" />
    <property name="sun.io.unicode.encoding" value="UnicodeLittle" />
    <property name="ant.file.type" value="file" />
    <property name="sun.desktop" value="gnome" />
    <property name="sun.cpu.isalist" value="" />
  </properties>
  <testcase classname="com.hp.opencall.jmsc.test.mandatory.functional.mixer.MixerMediaGroupTest" name="test_2_1_13_1_MGJoinMixer" time="4.365" />
  <testcase classname="com.hp.opencall.jmsc.test.mandatory.functional.mixer.MixerMediaGroupTest" name="test_2_1_13_2_MGJoinMixerTwoParticipants" time="7.442">
    <failure message="&quot;CChecker-2&quot; did not receive the DTMF:  expected:&lt;true&gt; but was:&lt;false&gt;" type="junit.framework.AssertionFailedError">junit.framework.AssertionFailedError: &quot;CChecker-2&quot; did not receive the DTMF:  expected:&lt;true&gt; but was:&lt;false&gt;
	at com.hp.opencall.jmsc.test.ContinuityChecker.isContinuous(ContinuityChecker.java:199)
	at com.hp.opencall.jmsc.test.mandatory.functional.mixer.MixerMediaGroupTest.test_2_1_13_2_MGJoinMixerTwoParticipants(MixerMediaGroupTest.java:94)
	at com.hp.opencall.jmsc.test.TestBase.runBare(TestBase.java:437)
</failure>
  </testcase>
  <system-out><![CDATA[11:08:57,056 INFO  [Runner] Start    mandatory.functional.mixer.MixerMediaGroupTest.test_2_1_13_1_MGJoinMixer javadoc::MediaGroup::3 javadoc::MediaGroup::9
11:08:57,070 INFO  [DriverImpl] Initializing MGCP on /127.0.0.1:2729
11:08:57,075 ERROR [JainMgcpStackImpl] Failed to locate properties file, using default values
11:08:57,082 INFO  [JainMgcpStackImpl] Jain Mgcp stack bound to IP /127.0.0.1 and UDP port 2729
Jain Mgcp stack bound to IP /127.0.0.1 and UDP port 2729
70   [] DEBUG TestBase - log4j configured
71   [] DEBUG TestBase - Loading file:/home/kulikov/jsr-309-tck/TCK.properties
257  [] INFO  MediaSessionBase - getOffer: local SDP: v=0
o=- 1317107337225 1 IN IP4 127.0.0.1
s=Mobicents Media Server
c=IN IP4 127.0.0.1
t=0 0
m=audio 65246 RTP/AVP 8 0 101
a=rtpmap:8 pcma/8000
a=rtpmap:0 pcmu/8000
a=rtpmap:101 telephone-event/8000
a=fmtp:101 0-15

258  [] INFO  MediaSessionBase - getOffer: stripped local SDP: v=0
o=- 1317107337225 1 IN IP4 127.0.0.1
s=Mobicents Media Server
c=IN IP4 127.0.0.1
t=0 0
m=audio 65246 RTP/AVP 8 0 101
a=rtpmap:8 pcma/8000
a=rtpmap:0 pcmu/8000
a=fmtp:101 0-15

298  [] INFO  MediaSessionBase - getAnswer: local SDP: v=0
o=- 1317107337330 1 IN IP4 127.0.0.1
s=Mobicents Media Server
c=IN IP4 127.0.0.1
t=0 0
m=audio 65244 RTP/AVP 8 0 101
a=rtpmap:8 pcma/8000
a=rtpmap:0 pcmu/8000
a=rtpmap:101 telephone-event/8000
a=fmtp:101 0-15

518  [] INFO  DriverImpl - MediaSession1 MediaGroup3 Receive signal called
1030 [] DEBUG TestBase - getProperty(testcase.dtmf1) = file:///home/kulikov/jsr-309-tck/media/dtmf-1.wav
2041 [] DEBUG MixerMediaGroupTest - Waiting for event from Detector(mscontrol://127.0.0.1:2427/MediaSession1/MediaGroup3) (19s remaining)
2826 [] DEBUG MixerMediaGroupTest - Detector(mscontrol://127.0.0.1:2427/MediaSession1/MediaGroup3) received: RECEIVE_SIGNALS_COMPLETED(NUM_SIGNALS_DETECTED, signal=1)
2827 [] INFO  MixerMediaGroupTest - test_2_1_13_1_MGJoinMixer completed
3132 [] INFO  DriverImpl - MediaSession1 MediaGroup3 Releasing...
3433 [] INFO  DriverImpl - MediaSession1 MG-SipPhoneEmulator-Paul Releasing...
3734 [] INFO  DriverImpl - MediaSession1 ShadowNC-SipPhoneEmulator-Paul Releasing....
4036 [] INFO  DriverImpl - MediaSession1 Paul Releasing....
4338 [] INFO  Runner - End      mandatory.functional.mixer.MixerMediaGroupTest.test_2_1_13_1_MGJoinMixer
4340 [] INFO  Runner - Start    mandatory.functional.mixer.MixerMediaGroupTest.test_2_1_13_2_MGJoinMixerTwoParticipants
4396 [] INFO  MediaSessionBase - getOffer: local SDP: v=0
o=- 1317107341415 1 IN IP4 127.0.0.1
s=Mobicents Media Server
c=IN IP4 127.0.0.1
t=0 0
m=audio 65242 RTP/AVP 8 0 101
a=rtpmap:8 pcma/8000
a=rtpmap:0 pcmu/8000
a=rtpmap:101 telephone-event/8000
a=fmtp:101 0-15

4396 [] INFO  MediaSessionBase - getOffer: stripped local SDP: v=0
o=- 1317107341415 1 IN IP4 127.0.0.1
s=Mobicents Media Server
c=IN IP4 127.0.0.1
t=0 0
m=audio 65242 RTP/AVP 8 0 101
a=rtpmap:8 pcma/8000
a=rtpmap:0 pcmu/8000
a=fmtp:101 0-15

4441 [] INFO  MediaSessionBase - getAnswer: local SDP: v=0
o=- 1317107341469 1 IN IP4 127.0.0.1
s=Mobicents Media Server
c=IN IP4 127.0.0.1
t=0 0
m=audio 65240 RTP/AVP 8 0 101
a=rtpmap:8 pcma/8000
a=rtpmap:0 pcmu/8000
a=rtpmap:101 telephone-event/8000
a=fmtp:101 0-15

4558 [] INFO  MediaSessionBase - getOffer: local SDP: v=0
o=- 1317107341583 1 IN IP4 127.0.0.1
s=Mobicents Media Server
c=IN IP4 127.0.0.1
t=0 0
m=audio 65238 RTP/AVP 8 0 101
a=rtpmap:8 pcma/8000
a=rtpmap:0 pcmu/8000
a=rtpmap:101 telephone-event/8000
a=fmtp:101 0-15

4559 [] INFO  MediaSessionBase - getOffer: stripped local SDP: v=0
o=- 1317107341583 1 IN IP4 127.0.0.1
s=Mobicents Media Server
c=IN IP4 127.0.0.1
t=0 0
m=audio 65238 RTP/AVP 8 0 101
a=rtpmap:8 pcma/8000
a=rtpmap:0 pcmu/8000
a=fmtp:101 0-15

4597 [] INFO  MediaSessionBase - getAnswer: local SDP: v=0
o=- 1317107341632 1 IN IP4 127.0.0.1
s=Mobicents Media Server
c=IN IP4 127.0.0.1
t=0 0
m=audio 65236 RTP/AVP 8 0 101
a=rtpmap:8 pcma/8000
a=rtpmap:0 pcmu/8000
a=rtpmap:101 telephone-event/8000
a=fmtp:101 0-15

4855 [] INFO  DriverImpl - MediaSession4 MG-SipPhoneEmulator-CChecker-1 Receive signal called
5356 [] INFO  DriverImpl - MediaSession4 MG-SipPhoneEmulator-CChecker-2 Receive signal called
5857 [] DEBUG TestBase - getProperty(testcase.dtmf1) = file:///home/kulikov/jsr-309-tck/media/dtmf-1.wav
6362 [] DEBUG ContinuityChecker - org.mobicents.javax.media.mscontrol.mediagroup.PlayerImpl@16dc861 received: org.mobicents.javax.media.mscontrol.mediagroup.PlayerEventImpl@7e8c4d
7624 [] DEBUG ContinuityChecker - CChecker-1 received: RECEIVE_SIGNALS_COMPLETED(NUM_SIGNALS_DETECTED, signal=1)
9363 [] ERROR ContinuityChecker - CChecker-2 did not receive the DTMF
9666 [] INFO  DriverImpl - MediaSession4 MediaGroup5 Releasing...
9967 [] INFO  DriverImpl - MediaSession4 MG-SipPhoneEmulator-CChecker-1 Releasing...
10268 [] INFO  DriverImpl - MediaSession4 MG-SipPhoneEmulator-CChecker-2 Releasing...
10569 [] INFO  DriverImpl - MediaSession4 ShadowNC-SipPhoneEmulator-CChecker-1 Releasing....
10870 [] INFO  DriverImpl - MediaSession4 CChecker-1 Releasing....
11172 [] INFO  DriverImpl - MediaSession4 ShadowNC-SipPhoneEmulator-CChecker-2 Releasing....
11473 [] INFO  DriverImpl - MediaSession4 CChecker-2 Releasing....
]]></system-out>
  <system-err><![CDATA[]]></system-err>
</testsuite>
